#
# A fatal error has been detected by the Java Runtime Environment:
#
#  SIGSEGV (0xb) at pc=0x00007fdfa0718785, pid=6449, tid=6453
#
# JRE version: Java(TM) SE Runtime Environment (11.0.2+9) (build 11.0.2+9-LTS)
# Java VM: Java HotSpot(TM) 64-Bit Server VM (11.0.2+9-LTS, mixed mode, tiered, compressed oops, g1 gc, linux-amd64)
# Problematic frame:
# J 197 c1 java.lang.Object.<init>()V java.base@11.0.2 (1 bytes) @ 0x00007fdfa0718785 [0x00007fdfa0718740+0x0000000000000045]
#
# Core dump will be written. Default location: Core dumps may be processed with "/usr/share/apport/apport %p %s %c %d %P" (or dumping to /home/pedro/Documents/juan_work/callingErasure/core.6449)
#
# If you would like to submit a bug report, please visit:
#   http://bugreport.java.com/bugreport/crash.jsp
#

---------------  S U M M A R Y ------------

Command Line: -javaagent:/snap/intellij-idea-community/126/lib/idea_rt.jar=36007:/snap/intellij-idea-community/126/bin -Dfile.encoding=UTF-8 Client

Host: Intel(R) Core(TM) i7-8750H CPU @ 2.20GHz, 12 cores, 15G, Ubuntu 18.04.1 LTS
Time: Tue Mar  5 17:40:47 2019 EST elapsed time: 0 seconds (0d 0h 0m 0s)

---------------  T H R E A D  ---------------

Current thread (0x00007fdfb0013000):  JavaThread "main" [_thread_in_Java, id=6453, stack(0x00007fdfba0c8000,0x00007fdfba1c9000)]

Stack: [0x00007fdfba0c8000,0x00007fdfba1c9000],  sp=0x00007fdfba1c7718,  free space=1021k
Native frames: (J=compiled Java code, A=aot compiled Java code, j=interpreted, Vv=VM code, C=native code)
J 197 c1 java.lang.Object.<init>()V java.base@11.0.2 (1 bytes) @ 0x00007fdfa0718785 [0x00007fdfa0718740+0x0000000000000045]

[error occurred during error reporting (printing native stack), id 0xb, SIGSEGV (0xb) at pc=0x00007fdfb8649834]


siginfo: si_signo: 11 (SIGSEGV), si_code: 1 (SEGV_MAPERR), si_addr: 0x0000000000000004

Register to memory mapping:

RAX=0x0000000719e8bdd0 is an oop: java.util.IdentityHashMap$KeyIterator 
{0x0000000719e8bdd0} - klass: 'java/util/IdentityHashMap$KeyIterator'
RBX={method} {0x00007fdf85800610} '<init>' '()V' in 'java/lang/Object'
RCX=0x0000000719e8bdd0 is an oop: java.util.IdentityHashMap$KeyIterator 
{0x0000000719e8bdd0} - klass: 'java/util/IdentityHashMap$KeyIterator'
RDX=0x00007fdf98c4bca7 is at code_begin+2343 in an Interpreter codelet
invoke return entry points  [0x00007fdf98c4b380, 0x00007fdf98c4bd80]  2560 bytes
RSP=0x00007fdfba1c7718 is pointing into the stack for thread: 0x00007fdfb0013000
RBP=0x00007fdfba1c7778 is pointing into the stack for thread: 0x00007fdfb0013000
RSI=0x0000000010200020 is an unknown value
RDI=0x0000000719e8bdd0 is an oop: java.util.IdentityHashMap$KeyIterator 
{0x0000000719e8bdd0} - klass: 'java/util/IdentityHashMap$KeyIterator'
R8 ={method} {0x00007fdf85800610} '<init>' '()V' in 'java/lang/Object'
R9 =0x0000000000000004 is an unknown value
R10=0x0000000000000004 is an unknown value
R11=0x00007fdfa0718760 is at entry_point+32 in (nmethod*)0x00007fdfa0718590
R12=0x0 is NULL
R13=0x00007fdfba1c7728 is pointing into the stack for thread: 0x00007fdfb0013000
R14=0x00007fdfba1c7790 is pointing into the stack for thread: 0x00007fdfb0013000
R15=0x00007fdfb0013000 is a thread


Registers:
RAX=0x0000000719e8bdd0, RBX=0x00007fdf85800610, RCX=0x0000000719e8bdd0, RDX=0x00007fdf98c4bca7
RSP=0x00007fdfba1c7718, RBP=0x00007fdfba1c7778, RSI=0x0000000010200020, RDI=0x0000000719e8bdd0
R8 =0x00007fdf85800610, R9 =0x0000000000000004, R10=0x0000000000000004, R11=0x00007fdfa0718760
R12=0x0000000000000000, R13=0x00007fdfba1c7728, R14=0x00007fdfba1c7790, R15=0x00007fdfb0013000
RIP=0x00007fdfa0718785, EFLAGS=0x0000000000010202, CSGSFS=0x002b000000000033, ERR=0x0000000000000004
  TRAPNO=0x000000000000000e

Top of Stack: (sp=0x00007fdfba1c7718)
0x00007fdfba1c7718:   00007fdf98c4bca7 00007fdf98c4bca7
0x00007fdfba1c7728:   0000000719e8bdd0 00007fdfba1c7730
0x00007fdfba1c7738:   00007fdf48859a56 00007fdfba1c7790
0x00007fdfba1c7748:   00007fdf4885a550 0000000000000000 

Instructions: (pc=0x00007fdfa0718785)
0x00007fdfa0718765:   fe ff 55 48 83 ec 30 48 8b fe 48 89 74 24 20 e8
0x00007fdfa0718775:   07 46 61 f8 48 83 c4 30 5d 4d 8b 97 08 01 00 00
0x00007fdfa0718785:   41 85 02 c3 90 90 49 8b 87 20 04 00 00 49 ba 00
0x00007fdfa0718795:   00 00 00 00 00 00 00 4d 89 97 20 04 00 00 49 ba 

Stack slot to memory mapping:
stack at sp + 0 slots: 0x00007fdf98c4bca7 is at code_begin+2343 in an Interpreter codelet
invoke return entry points  [0x00007fdf98c4b380, 0x00007fdf98c4bd80]  2560 bytes
stack at sp + 1 slots: 0x00007fdf98c4bca7 is at code_begin+2343 in an Interpreter codelet
invoke return entry points  [0x00007fdf98c4b380, 0x00007fdf98c4bd80]  2560 bytes
stack at sp + 2 slots: 0x0000000719e8bdd0 is an oop: java.util.IdentityHashMap$KeyIterator 
{0x0000000719e8bdd0} - klass: 'java/util/IdentityHashMap$KeyIterator'
stack at sp + 3 slots: 0x00007fdfba1c7730 is pointing into the stack for thread: 0x00007fdfb0013000
stack at sp + 4 slots: 0x00007fdf48859a56 is pointing into metadata
stack at sp + 5 slots: 0x00007fdfba1c7790 is pointing into the stack for thread: 0x00007fdfb0013000
stack at sp + 6 slots: 0x00007fdf4885a550 is pointing into metadata
stack at sp + 7 slots: 0x0 is NULL



---------------  P R O C E S S  ---------------

Threads class SMR info:
_java_thread_list=0x00007fdfb04c4e50, length=11, elements={
0x00007fdfb0013000, 0x00007fdfb0272000, 0x00007fdfb0276000, 0x00007fdfb0288800,
0x00007fdfb028a800, 0x00007fdfb028c800, 0x00007fdfb028e800, 0x00007fdfb030a000,
0x00007fdfb0425000, 0x00007fdfb0426000, 0x00007fdfb04c3800
}

Java Threads: ( => current thread )
=>0x00007fdfb0013000 JavaThread "main" [_thread_in_Java, id=6453, stack(0x00007fdfba0c8000,0x00007fdfba1c9000)]
  0x00007fdfb0272000 JavaThread "Reference Handler" daemon [_thread_blocked, id=6470, stack(0x00007fdf8c26b000,0x00007fdf8c36c000)]
  0x00007fdfb0276000 JavaThread "Finalizer" daemon [_thread_blocked, id=6471, stack(0x00007fdf8c16a000,0x00007fdf8c26b000)]
  0x00007fdfb0288800 JavaThread "Signal Dispatcher" daemon [_thread_blocked, id=6475, stack(0x00007fdf8c069000,0x00007fdf8c16a000)]
  0x00007fdfb028a800 JavaThread "C2 CompilerThread0" daemon [_thread_blocked, id=6476, stack(0x00007fdf84d30000,0x00007fdf84e31000)]
  0x00007fdfb028c800 JavaThread "C1 CompilerThread0" daemon [_thread_blocked, id=6478, stack(0x00007fdf84c2f000,0x00007fdf84d30000)]
  0x00007fdfb028e800 JavaThread "Sweeper thread" daemon [_thread_blocked, id=6479, stack(0x00007fdf84b2e000,0x00007fdf84c2f000)]
  0x00007fdfb030a000 JavaThread "Common-Cleaner" daemon [_thread_blocked, id=6483, stack(0x00007fdf84a2d000,0x00007fdf84b2e000)]
  0x00007fdfb0425000 JavaThread "Monitor Ctrl-Break" daemon [_thread_in_native, id=6485, stack(0x00007fdf84503000,0x00007fdf84604000)]
  0x00007fdfb0426000 JavaThread "Service Thread" daemon [_thread_blocked, id=6486, stack(0x00007fdf84402000,0x00007fdf84503000)]
  0x00007fdfb04c3800 JavaThread "process reaper" daemon [_thread_blocked, id=6489, stack(0x00007fdfb4099000,0x00007fdfb40bb000)]

Other Threads:
  0x00007fdfb0269800 VMThread "VM Thread" [stack: 0x00007fdf8c36e000,0x00007fdf8c46e000] [id=6467]
  0x00007fdfb0428000 WatcherThread [stack: 0x00007fdf84302000,0x00007fdf84402000] [id=6487]
  0x00007fdfb003b800 GCTaskThread "GC Thread#0" [stack: 0x00007fdfb63c1000,0x00007fdfb64c1000] [id=6456]
  0x00007fdfb0098000 ConcurrentGCThread "G1 Main Marker" [stack: 0x00007fdfb40bd000,0x00007fdfb41bd000] [id=6457]
  0x00007fdfb009a000 ConcurrentGCThread "G1 Conc#0" [stack: 0x00007fdf98b42000,0x00007fdf98c42000] [id=6458]
  0x00007fdfb019e800 ConcurrentGCThread "G1 Refine#0" [stack: 0x00007fdf98036000,0x00007fdf98136000] [id=6460]
  0x00007fdfb01a0000 ConcurrentGCThread "G1 Young RemSet Sampling" [stack: 0x00007fdf8c470000,0x00007fdf8c570000] [id=6463]

Threads with active compile tasks:

VM state:not at safepoint (normal execution)

VM Mutex/Monitor currently owned by a thread: None

Heap address: 0x000000070ae00000, size: 3922 MB, Compressed Oops mode: Zero based, Oop shift amount: 3
Narrow klass base: 0x0000000800000000, Narrow klass shift: 0
Compressed class space size: 1073741824 Address: 0x0000000800000000

Heap:
 garbage-first heap   total 251904K, used 5120K [0x000000070ae00000, 0x0000000800000000)
  region size 1024K, 6 young (6144K), 0 survivors (0K)
 Metaspace       used 9257K, capacity 9446K, committed 9728K, reserved 1058816K
  class space    used 881K, capacity 958K, committed 1024K, reserved 1048576K
Heap Regions: E=young(eden), S=young(survivor), O=old, HS=humongous(starts), HC=humongous(continues), CS=collection set, F=free, A=archive, TAMS=top-at-mark-start (previous, next)
|   0|0x000000070ae00000, 0x000000070ae00000, 0x000000070af00000|  0%| F|  |TAMS 0x000000070ae00000, 0x000000070ae00000| Untracked 
|   1|0x000000070af00000, 0x000000070af00000, 0x000000070b000000|  0%| F|  |TAMS 0x000000070af00000, 0x000000070af00000| Untracked 
|   2|0x000000070b000000, 0x000000070b000000, 0x000000070b100000|  0%| F|  |TAMS 0x000000070b000000, 0x000000070b000000| Untracked 
|   3|0x000000070b100000, 0x000000070b100000, 0x000000070b200000|  0%| F|  |TAMS 0x000000070b100000, 0x000000070b100000| Untracked 
|   4|0x000000070b200000, 0x000000070b200000, 0x000000070b300000|  0%| F|  |TAMS 0x000000070b200000, 0x000000070b200000| Untracked 
|   5|0x000000070b300000, 0x000000070b300000, 0x000000070b400000|  0%| F|  |TAMS 0x000000070b300000, 0x000000070b300000| Untracked 
|   6|0x000000070b400000, 0x000000070b400000, 0x000000070b500000|  0%| F|  |TAMS 0x000000070b400000, 0x000000070b400000| Untracked 
|   7|0x000000070b500000, 0x000000070b500000, 0x000000070b600000|  0%| F|  |TAMS 0x000000070b500000, 0x000000070b500000| Untracked 
|   8|0x000000070b600000, 0x000000070b600000, 0x000000070b700000|  0%| F|  |TAMS 0x000000070b600000, 0x000000070b600000| Untracked 
|   9|0x000000070b700000, 0x000000070b700000, 0x000000070b800000|  0%| F|  |TAMS 0x000000070b700000, 0x000000070b700000| Untracked 
|  10|0x000000070b800000, 0x000000070b800000, 0x000000070b900000|  0%| F|  |TAMS 0x000000070b800000, 0x000000070b800000| Untracked 
|  11|0x000000070b900000, 0x000000070b900000, 0x000000070ba00000|  0%| F|  |TAMS 0x000000070b900000, 0x000000070b900000| Untracked 
|  12|0x000000070ba00000, 0x000000070ba00000, 0x000000070bb00000|  0%| F|  |TAMS 0x000000070ba00000, 0x000000070ba00000| Untracked 
|  13|0x000000070bb00000, 0x000000070bb00000, 0x000000070bc00000|  0%| F|  |TAMS 0x000000070bb00000, 0x000000070bb00000| Untracked 
|  14|0x000000070bc00000, 0x000000070bc00000, 0x000000070bd00000|  0%| F|  |TAMS 0x000000070bc00000, 0x000000070bc00000| Untracked 
|  15|0x000000070bd00000, 0x000000070bd00000, 0x000000070be00000|  0%| F|  |TAMS 0x000000070bd00000, 0x000000070bd00000| Untracked 
|  16|0x000000070be00000, 0x000000070be00000, 0x000000070bf00000|  0%| F|  |TAMS 0x000000070be00000, 0x000000070be00000| Untracked 
|  17|0x000000070bf00000, 0x000000070bf00000, 0x000000070c000000|  0%| F|  |TAMS 0x000000070bf00000, 0x000000070bf00000| Untracked 
|  18|0x000000070c000000, 0x000000070c000000, 0x000000070c100000|  0%| F|  |TAMS 0x000000070c000000, 0x000000070c000000| Untracked 
|  19|0x000000070c100000, 0x000000070c100000, 0x000000070c200000|  0%| F|  |TAMS 0x000000070c100000, 0x000000070c100000| Untracked 
|  20|0x000000070c200000, 0x000000070c200000, 0x000000070c300000|  0%| F|  |TAMS 0x000000070c200000, 0x000000070c200000| Untracked 
|  21|0x000000070c300000, 0x000000070c300000, 0x000000070c400000|  0%| F|  |TAMS 0x000000070c300000, 0x000000070c300000| Untracked 
|  22|0x000000070c400000, 0x000000070c400000, 0x000000070c500000|  0%| F|  |TAMS 0x000000070c400000, 0x000000070c400000| Untracked 
|  23|0x000000070c500000, 0x000000070c500000, 0x000000070c600000|  0%| F|  |TAMS 0x000000070c500000, 0x000000070c500000| Untracked 
|  24|0x000000070c600000, 0x000000070c600000, 0x000000070c700000|  0%| F|  |TAMS 0x000000070c600000, 0x000000070c600000| Untracked 
|  25|0x000000070c700000, 0x000000070c700000, 0x000000070c800000|  0%| F|  |TAMS 0x000000070c700000, 0x000000070c700000| Untracked 
|  26|0x000000070c800000, 0x000000070c800000, 0x000000070c900000|  0%| F|  |TAMS 0x000000070c800000, 0x000000070c800000| Untracked 
|  27|0x000000070c900000, 0x000000070c900000, 0x000000070ca00000|  0%| F|  |TAMS 0x000000070c900000, 0x000000070c900000| Untracked 
|  28|0x000000070ca00000, 0x000000070ca00000, 0x000000070cb00000|  0%| F|  |TAMS 0x000000070ca00000, 0x000000070ca00000| Untracked 
|  29|0x000000070cb00000, 0x000000070cb00000, 0x000000070cc00000|  0%| F|  |TAMS 0x000000070cb00000, 0x000000070cb00000| Untracked 
|  30|0x000000070cc00000, 0x000000070cc00000, 0x000000070cd00000|  0%| F|  |TAMS 0x000000070cc00000, 0x000000070cc00000| Untracked 
|  31|0x000000070cd00000, 0x000000070cd00000, 0x000000070ce00000|  0%| F|  |TAMS 0x000000070cd00000, 0x000000070cd00000| Untracked 
|  32|0x000000070ce00000, 0x000000070ce00000, 0x000000070cf00000|  0%| F|  |TAMS 0x000000070ce00000, 0x000000070ce00000| Untracked 
|  33|0x000000070cf00000, 0x000000070cf00000, 0x000000070d000000|  0%| F|  |TAMS 0x000000070cf00000, 0x000000070cf00000| Untracked 
|  34|0x000000070d000000, 0x000000070d000000, 0x000000070d100000|  0%| F|  |TAMS 0x000000070d000000, 0x000000070d000000| Untracked 
|  35|0x000000070d100000, 0x000000070d100000, 0x000000070d200000|  0%| F|  |TAMS 0x000000070d100000, 0x000000070d100000| Untracked 
|  36|0x000000070d200000, 0x000000070d200000, 0x000000070d300000|  0%| F|  |TAMS 0x000000070d200000, 0x000000070d200000| Untracked 
|  37|0x000000070d300000, 0x000000070d300000, 0x000000070d400000|  0%| F|  |TAMS 0x000000070d300000, 0x000000070d300000| Untracked 
|  38|0x000000070d400000, 0x000000070d400000, 0x000000070d500000|  0%| F|  |TAMS 0x000000070d400000, 0x000000070d400000| Untracked 
|  39|0x000000070d500000, 0x000000070d500000, 0x000000070d600000|  0%| F|  |TAMS 0x000000070d500000, 0x000000070d500000| Untracked 
|  40|0x000000070d600000, 0x000000070d600000, 0x000000070d700000|  0%| F|  |TAMS 0x000000070d600000, 0x000000070d600000| Untracked 
|  41|0x000000070d700000, 0x000000070d700000, 0x000000070d800000|  0%| F|  |TAMS 0x000000070d700000, 0x000000070d700000| Untracked 
|  42|0x000000070d800000, 0x000000070d800000, 0x000000070d900000|  0%| F|  |TAMS 0x000000070d800000, 0x000000070d800000| Untracked 
|  43|0x000000070d900000, 0x000000070d900000, 0x000000070da00000|  0%| F|  |TAMS 0x000000070d900000, 0x000000070d900000| Untracked 
|  44|0x000000070da00000, 0x000000070da00000, 0x000000070db00000|  0%| F|  |TAMS 0x000000070da00000, 0x000000070da00000| Untracked 
|  45|0x000000070db00000, 0x000000070db00000, 0x000000070dc00000|  0%| F|  |TAMS 0x000000070db00000, 0x000000070db00000| Untracked 
|  46|0x000000070dc00000, 0x000000070dc00000, 0x000000070dd00000|  0%| F|  |TAMS 0x000000070dc00000, 0x000000070dc00000| Untracked 
|  47|0x000000070dd00000, 0x000000070dd00000, 0x000000070de00000|  0%| F|  |TAMS 0x000000070dd00000, 0x000000070dd00000| Untracked 
|  48|0x000000070de00000, 0x000000070de00000, 0x000000070df00000|  0%| F|  |TAMS 0x000000070de00000, 0x000000070de00000| Untracked 
|  49|0x000000070df00000, 0x000000070df00000, 0x000000070e000000|  0%| F|  |TAMS 0x000000070df00000, 0x000000070df00000| Untracked 
|  50|0x000000070e000000, 0x000000070e000000, 0x000000070e100000|  0%| F|  |TAMS 0x000000070e000000, 0x000000070e000000| Untracked 
|  51|0x000000070e100000, 0x000000070e100000, 0x000000070e200000|  0%| F|  |TAMS 0x000000070e100000, 0x000000070e100000| Untracked 
|  52|0x000000070e200000, 0x000000070e200000, 0x000000070e300000|  0%| F|  |TAMS 0x000000070e200000, 0x000000070e200000| Untracked 
|  53|0x000000070e300000, 0x000000070e300000, 0x000000070e400000|  0%| F|  |TAMS 0x000000070e300000, 0x000000070e300000| Untracked 
|  54|0x000000070e400000, 0x000000070e400000, 0x000000070e500000|  0%| F|  |TAMS 0x000000070e400000, 0x000000070e400000| Untracked 
|  55|0x000000070e500000, 0x000000070e500000, 0x000000070e600000|  0%| F|  |TAMS 0x000000070e500000, 0x000000070e500000| Untracked 
|  56|0x000000070e600000, 0x000000070e600000, 0x000000070e700000|  0%| F|  |TAMS 0x000000070e600000, 0x000000070e600000| Untracked 
|  57|0x000000070e700000, 0x000000070e700000, 0x000000070e800000|  0%| F|  |TAMS 0x000000070e700000, 0x000000070e700000| Untracked 
|  58|0x000000070e800000, 0x000000070e800000, 0x000000070e900000|  0%| F|  |TAMS 0x000000070e800000, 0x000000070e800000| Untracked 
|  59|0x000000070e900000, 0x000000070e900000, 0x000000070ea00000|  0%| F|  |TAMS 0x000000070e900000, 0x000000070e900000| Untracked 
|  60|0x000000070ea00000, 0x000000070ea00000, 0x000000070eb00000|  0%| F|  |TAMS 0x000000070ea00000, 0x000000070ea00000| Untracked 
|  61|0x000000070eb00000, 0x000000070eb00000, 0x000000070ec00000|  0%| F|  |TAMS 0x000000070eb00000, 0x000000070eb00000| Untracked 
|  62|0x000000070ec00000, 0x000000070ec00000, 0x000000070ed00000|  0%| F|  |TAMS 0x000000070ec00000, 0x000000070ec00000| Untracked 
|  63|0x000000070ed00000, 0x000000070ed00000, 0x000000070ee00000|  0%| F|  |TAMS 0x000000070ed00000, 0x000000070ed00000| Untracked 
|  64|0x000000070ee00000, 0x000000070ee00000, 0x000000070ef00000|  0%| F|  |TAMS 0x000000070ee00000, 0x000000070ee00000| Untracked 
|  65|0x000000070ef00000, 0x000000070ef00000, 0x000000070f000000|  0%| F|  |TAMS 0x000000070ef00000, 0x000000070ef00000| Untracked 
|  66|0x000000070f000000, 0x000000070f000000, 0x000000070f100000|  0%| F|  |TAMS 0x000000070f000000, 0x000000070f000000| Untracked 
|  67|0x000000070f100000, 0x000000070f100000, 0x000000070f200000|  0%| F|  |TAMS 0x000000070f100000, 0x000000070f100000| Untracked 
|  68|0x000000070f200000, 0x000000070f200000, 0x000000070f300000|  0%| F|  |TAMS 0x000000070f200000, 0x000000070f200000| Untracked 
|  69|0x000000070f300000, 0x000000070f300000, 0x000000070f400000|  0%| F|  |TAMS 0x000000070f300000, 0x000000070f300000| Untracked 
|  70|0x000000070f400000, 0x000000070f400000, 0x000000070f500000|  0%| F|  |TAMS 0x000000070f400000, 0x000000070f400000| Untracked 
|  71|0x000000070f500000, 0x000000070f500000, 0x000000070f600000|  0%| F|  |TAMS 0x000000070f500000, 0x000000070f500000| Untracked 
|  72|0x000000070f600000, 0x000000070f600000, 0x000000070f700000|  0%| F|  |TAMS 0x000000070f600000, 0x000000070f600000| Untracked 
|  73|0x000000070f700000, 0x000000070f700000, 0x000000070f800000|  0%| F|  |TAMS 0x000000070f700000, 0x000000070f700000| Untracked 
|  74|0x000000070f800000, 0x000000070f800000, 0x000000070f900000|  0%| F|  |TAMS 0x000000070f800000, 0x000000070f800000| Untracked 
|  75|0x000000070f900000, 0x000000070f900000, 0x000000070fa00000|  0%| F|  |TAMS 0x000000070f900000, 0x000000070f900000| Untracked 
|  76|0x000000070fa00000, 0x000000070fa00000, 0x000000070fb00000|  0%| F|  |TAMS 0x000000070fa00000, 0x000000070fa00000| Untracked 
|  77|0x000000070fb00000, 0x000000070fb00000, 0x000000070fc00000|  0%| F|  |TAMS 0x000000070fb00000, 0x000000070fb00000| Untracked 
|  78|0x000000070fc00000, 0x000000070fc00000, 0x000000070fd00000|  0%| F|  |TAMS 0x000000070fc00000, 0x000000070fc00000| Untracked 
|  79|0x000000070fd00000, 0x000000070fd00000, 0x000000070fe00000|  0%| F|  |TAMS 0x000000070fd00000, 0x000000070fd00000| Untracked 
|  80|0x000000070fe00000, 0x000000070fe00000, 0x000000070ff00000|  0%| F|  |TAMS 0x000000070fe00000, 0x000000070fe00000| Untracked 
|  81|0x000000070ff00000, 0x000000070ff00000, 0x0000000710000000|  0%| F|  |TAMS 0x000000070ff00000, 0x000000070ff00000| Untracked 
|  82|0x0000000710000000, 0x0000000710000000, 0x0000000710100000|  0%| F|  |TAMS 0x0000000710000000, 0x0000000710000000| Untracked 
|  83|0x0000000710100000, 0x0000000710100000, 0x0000000710200000|  0%| F|  |TAMS 0x0000000710100000, 0x0000000710100000| Untracked 
|  84|0x0000000710200000, 0x0000000710200000, 0x0000000710300000|  0%| F|  |TAMS 0x0000000710200000, 0x0000000710200000| Untracked 
|  85|0x0000000710300000, 0x0000000710300000, 0x0000000710400000|  0%| F|  |TAMS 0x0000000710300000, 0x0000000710300000| Untracked 
|  86|0x0000000710400000, 0x0000000710400000, 0x0000000710500000|  0%| F|  |TAMS 0x0000000710400000, 0x0000000710400000| Untracked 
|  87|0x0000000710500000, 0x0000000710500000, 0x0000000710600000|  0%| F|  |TAMS 0x0000000710500000, 0x0000000710500000| Untracked 
|  88|0x0000000710600000, 0x0000000710600000, 0x0000000710700000|  0%| F|  |TAMS 0x0000000710600000, 0x0000000710600000| Untracked 
|  89|0x0000000710700000, 0x0000000710700000, 0x0000000710800000|  0%| F|  |TAMS 0x0000000710700000, 0x0000000710700000| Untracked 
|  90|0x0000000710800000, 0x0000000710800000, 0x0000000710900000|  0%| F|  |TAMS 0x0000000710800000, 0x0000000710800000| Untracked 
|  91|0x0000000710900000, 0x0000000710900000, 0x0000000710a00000|  0%| F|  |TAMS 0x0000000710900000, 0x0000000710900000| Untracked 
|  92|0x0000000710a00000, 0x0000000710a00000, 0x0000000710b00000|  0%| F|  |TAMS 0x0000000710a00000, 0x0000000710a00000| Untracked 
|  93|0x0000000710b00000, 0x0000000710b00000, 0x0000000710c00000|  0%| F|  |TAMS 0x0000000710b00000, 0x0000000710b00000| Untracked 
|  94|0x0000000710c00000, 0x0000000710c00000, 0x0000000710d00000|  0%| F|  |TAMS 0x0000000710c00000, 0x0000000710c00000| Untracked 
|  95|0x0000000710d00000, 0x0000000710d00000, 0x0000000710e00000|  0%| F|  |TAMS 0x0000000710d00000, 0x0000000710d00000| Untracked 
|  96|0x0000000710e00000, 0x0000000710e00000, 0x0000000710f00000|  0%| F|  |TAMS 0x0000000710e00000, 0x0000000710e00000| Untracked 
|  97|0x0000000710f00000, 0x0000000710f00000, 0x0000000711000000|  0%| F|  |TAMS 0x0000000710f00000, 0x0000000710f00000| Untracked 
|  98|0x0000000711000000, 0x0000000711000000, 0x0000000711100000|  0%| F|  |TAMS 0x0000000711000000, 0x0000000711000000| Untracked 
|  99|0x0000000711100000, 0x0000000711100000, 0x0000000711200000|  0%| F|  |TAMS 0x0000000711100000, 0x0000000711100000| Untracked 
| 100|0x0000000711200000, 0x0000000711200000, 0x0000000711300000|  0%| F|  |TAMS 0x0000000711200000, 0x0000000711200000| Untracked 
| 101|0x0000000711300000, 0x0000000711300000, 0x0000000711400000|  0%| F|  |TAMS 0x0000000711300000, 0x0000000711300000| Untracked 
| 102|0x0000000711400000, 0x0000000711400000, 0x0000000711500000|  0%| F|  |TAMS 0x0000000711400000, 0x0000000711400000| Untracked 
| 103|0x0000000711500000, 0x0000000711500000, 0x0000000711600000|  0%| F|  |TAMS 0x0000000711500000, 0x0000000711500000| Untracked 
| 104|0x0000000711600000, 0x0000000711600000, 0x0000000711700000|  0%| F|  |TAMS 0x0000000711600000, 0x0000000711600000| Untracked 
| 105|0x0000000711700000, 0x0000000711700000, 0x0000000711800000|  0%| F|  |TAMS 0x0000000711700000, 0x0000000711700000| Untracked 
| 106|0x0000000711800000, 0x0000000711800000, 0x0000000711900000|  0%| F|  |TAMS 0x0000000711800000, 0x0000000711800000| Untracked 
| 107|0x0000000711900000, 0x0000000711900000, 0x0000000711a00000|  0%| F|  |TAMS 0x0000000711900000, 0x0000000711900000| Untracked 
| 108|0x0000000711a00000, 0x0000000711a00000, 0x0000000711b00000|  0%| F|  |TAMS 0x0000000711a00000, 0x0000000711a00000| Untracked 
| 109|0x0000000711b00000, 0x0000000711b00000, 0x0000000711c00000|  0%| F|  |TAMS 0x0000000711b00000, 0x0000000711b00000| Untracked 
| 110|0x0000000711c00000, 0x0000000711c00000, 0x0000000711d00000|  0%| F|  |TAMS 0x0000000711c00000, 0x0000000711c00000| Untracked 
| 111|0x0000000711d00000, 0x0000000711d00000, 0x0000000711e00000|  0%| F|  |TAMS 0x0000000711d00000, 0x0000000711d00000| Untracked 
| 112|0x0000000711e00000, 0x0000000711e00000, 0x0000000711f00000|  0%| F|  |TAMS 0x0000000711e00000, 0x0000000711e00000| Untracked 
| 113|0x0000000711f00000, 0x0000000711f00000, 0x0000000712000000|  0%| F|  |TAMS 0x0000000711f00000, 0x0000000711f00000| Untracked 
| 114|0x0000000712000000, 0x0000000712000000, 0x0000000712100000|  0%| F|  |TAMS 0x0000000712000000, 0x0000000712000000| Untracked 
| 115|0x0000000712100000, 0x0000000712100000, 0x0000000712200000|  0%| F|  |TAMS 0x0000000712100000, 0x0000000712100000| Untracked 
| 116|0x0000000712200000, 0x0000000712200000, 0x0000000712300000|  0%| F|  |TAMS 0x0000000712200000, 0x0000000712200000| Untracked 
| 117|0x0000000712300000, 0x0000000712300000, 0x0000000712400000|  0%| F|  |TAMS 0x0000000712300000, 0x0000000712300000| Untracked 
| 118|0x0000000712400000, 0x0000000712400000, 0x0000000712500000|  0%| F|  |TAMS 0x0000000712400000, 0x0000000712400000| Untracked 
| 119|0x0000000712500000, 0x0000000712500000, 0x0000000712600000|  0%| F|  |TAMS 0x0000000712500000, 0x0000000712500000| Untracked 
| 120|0x0000000712600000, 0x0000000712600000, 0x0000000712700000|  0%| F|  |TAMS 0x0000000712600000, 0x0000000712600000| Untracked 
| 121|0x0000000712700000, 0x0000000712700000, 0x0000000712800000|  0%| F|  |TAMS 0x0000000712700000, 0x0000000712700000| Untracked 
| 122|0x0000000712800000, 0x0000000712800000, 0x0000000712900000|  0%| F|  |TAMS 0x0000000712800000, 0x0000000712800000| Untracked 
| 123|0x0000000712900000, 0x0000000712900000, 0x0000000712a00000|  0%| F|  |TAMS 0x0000000712900000, 0x0000000712900000| Untracked 
| 124|0x0000000712a00000, 0x0000000712a00000, 0x0000000712b00000|  0%| F|  |TAMS 0x0000000712a00000, 0x0000000712a00000| Untracked 
| 125|0x0000000712b00000, 0x0000000712b00000, 0x0000000712c00000|  0%| F|  |TAMS 0x0000000712b00000, 0x0000000712b00000| Untracked 
| 126|0x0000000712c00000, 0x0000000712c00000, 0x0000000712d00000|  0%| F|  |TAMS 0x0000000712c00000, 0x0000000712c00000| Untracked 
| 127|0x0000000712d00000, 0x0000000712d00000, 0x0000000712e00000|  0%| F|  |TAMS 0x0000000712d00000, 0x0000000712d00000| Untracked 
| 128|0x0000000712e00000, 0x0000000712e00000, 0x0000000712f00000|  0%| F|  |TAMS 0x0000000712e00000, 0x0000000712e00000| Untracked 
| 129|0x0000000712f00000, 0x0000000712f00000, 0x0000000713000000|  0%| F|  |TAMS 0x0000000712f00000, 0x0000000712f00000| Untracked 
| 130|0x0000000713000000, 0x0000000713000000, 0x0000000713100000|  0%| F|  |TAMS 0x0000000713000000, 0x0000000713000000| Untracked 
| 131|0x0000000713100000, 0x0000000713100000, 0x0000000713200000|  0%| F|  |TAMS 0x0000000713100000, 0x0000000713100000| Untracked 
| 132|0x0000000713200000, 0x0000000713200000, 0x0000000713300000|  0%| F|  |TAMS 0x0000000713200000, 0x0000000713200000| Untracked 
| 133|0x0000000713300000, 0x0000000713300000, 0x0000000713400000|  0%| F|  |TAMS 0x0000000713300000, 0x0000000713300000| Untracked 
| 134|0x0000000713400000, 0x0000000713400000, 0x0000000713500000|  0%| F|  |TAMS 0x0000000713400000, 0x0000000713400000| Untracked 
| 135|0x0000000713500000, 0x0000000713500000, 0x0000000713600000|  0%| F|  |TAMS 0x0000000713500000, 0x0000000713500000| Untracked 
| 136|0x0000000713600000, 0x0000000713600000, 0x0000000713700000|  0%| F|  |TAMS 0x0000000713600000, 0x0000000713600000| Untracked 
| 137|0x0000000713700000, 0x0000000713700000, 0x0000000713800000|  0%| F|  |TAMS 0x0000000713700000, 0x0000000713700000| Untracked 
| 138|0x0000000713800000, 0x0000000713800000, 0x0000000713900000|  0%| F|  |TAMS 0x0000000713800000, 0x0000000713800000| Untracked 
| 139|0x0000000713900000, 0x0000000713900000, 0x0000000713a00000|  0%| F|  |TAMS 0x0000000713900000, 0x0000000713900000| Untracked 
| 140|0x0000000713a00000, 0x0000000713a00000, 0x0000000713b00000|  0%| F|  |TAMS 0x0000000713a00000, 0x0000000713a00000| Untracked 
| 141|0x0000000713b00000, 0x0000000713b00000, 0x0000000713c00000|  0%| F|  |TAMS 0x0000000713b00000, 0x0000000713b00000| Untracked 
| 142|0x0000000713c00000, 0x0000000713c00000, 0x0000000713d00000|  0%| F|  |TAMS 0x0000000713c00000, 0x0000000713c00000| Untracked 
| 143|0x0000000713d00000, 0x0000000713d00000, 0x0000000713e00000|  0%| F|  |TAMS 0x0000000713d00000, 0x0000000713d00000| Untracked 
| 144|0x0000000713e00000, 0x0000000713e00000, 0x0000000713f00000|  0%| F|  |TAMS 0x0000000713e00000, 0x0000000713e00000| Untracked 
| 145|0x0000000713f00000, 0x0000000713f00000, 0x0000000714000000|  0%| F|  |TAMS 0x0000000713f00000, 0x0000000713f00000| Untracked 
| 146|0x0000000714000000, 0x0000000714000000, 0x0000000714100000|  0%| F|  |TAMS 0x0000000714000000, 0x0000000714000000| Untracked 
| 147|0x0000000714100000, 0x0000000714100000, 0x0000000714200000|  0%| F|  |TAMS 0x0000000714100000, 0x0000000714100000| Untracked 
| 148|0x0000000714200000, 0x0000000714200000, 0x0000000714300000|  0%| F|  |TAMS 0x0000000714200000, 0x0000000714200000| Untracked 
| 149|0x0000000714300000, 0x0000000714300000, 0x0000000714400000|  0%| F|  |TAMS 0x0000000714300000, 0x0000000714300000| Untracked 
| 150|0x0000000714400000, 0x0000000714400000, 0x0000000714500000|  0%| F|  |TAMS 0x0000000714400000, 0x0000000714400000| Untracked 
| 151|0x0000000714500000, 0x0000000714500000, 0x0000000714600000|  0%| F|  |TAMS 0x0000000714500000, 0x0000000714500000| Untracked 
| 152|0x0000000714600000, 0x0000000714600000, 0x0000000714700000|  0%| F|  |TAMS 0x0000000714600000, 0x0000000714600000| Untracked 
| 153|0x0000000714700000, 0x0000000714700000, 0x0000000714800000|  0%| F|  |TAMS 0x0000000714700000, 0x0000000714700000| Untracked 
| 154|0x0000000714800000, 0x0000000714800000, 0x0000000714900000|  0%| F|  |TAMS 0x0000000714800000, 0x0000000714800000| Untracked 
| 155|0x0000000714900000, 0x0000000714900000, 0x0000000714a00000|  0%| F|  |TAMS 0x0000000714900000, 0x0000000714900000| Untracked 
| 156|0x0000000714a00000, 0x0000000714a00000, 0x0000000714b00000|  0%| F|  |TAMS 0x0000000714a00000, 0x0000000714a00000| Untracked 
| 157|0x0000000714b00000, 0x0000000714b00000, 0x0000000714c00000|  0%| F|  |TAMS 0x0000000714b00000, 0x0000000714b00000| Untracked 
| 158|0x0000000714c00000, 0x0000000714c00000, 0x0000000714d00000|  0%| F|  |TAMS 0x0000000714c00000, 0x0000000714c00000| Untracked 
| 159|0x0000000714d00000, 0x0000000714d00000, 0x0000000714e00000|  0%| F|  |TAMS 0x0000000714d00000, 0x0000000714d00000| Untracked 
| 160|0x0000000714e00000, 0x0000000714e00000, 0x0000000714f00000|  0%| F|  |TAMS 0x0000000714e00000, 0x0000000714e00000| Untracked 
| 161|0x0000000714f00000, 0x0000000714f00000, 0x0000000715000000|  0%| F|  |TAMS 0x0000000714f00000, 0x0000000714f00000| Untracked 
| 162|0x0000000715000000, 0x0000000715000000, 0x0000000715100000|  0%| F|  |TAMS 0x0000000715000000, 0x0000000715000000| Untracked 
| 163|0x0000000715100000, 0x0000000715100000, 0x0000000715200000|  0%| F|  |TAMS 0x0000000715100000, 0x0000000715100000| Untracked 
| 164|0x0000000715200000, 0x0000000715200000, 0x0000000715300000|  0%| F|  |TAMS 0x0000000715200000, 0x0000000715200000| Untracked 
| 165|0x0000000715300000, 0x0000000715300000, 0x0000000715400000|  0%| F|  |TAMS 0x0000000715300000, 0x0000000715300000| Untracked 
| 166|0x0000000715400000, 0x0000000715400000, 0x0000000715500000|  0%| F|  |TAMS 0x0000000715400000, 0x0000000715400000| Untracked 
| 167|0x0000000715500000, 0x0000000715500000, 0x0000000715600000|  0%| F|  |TAMS 0x0000000715500000, 0x0000000715500000| Untracked 
| 168|0x0000000715600000, 0x0000000715600000, 0x0000000715700000|  0%| F|  |TAMS 0x0000000715600000, 0x0000000715600000| Untracked 
| 169|0x0000000715700000, 0x0000000715700000, 0x0000000715800000|  0%| F|  |TAMS 0x0000000715700000, 0x0000000715700000| Untracked 
| 170|0x0000000715800000, 0x0000000715800000, 0x0000000715900000|  0%| F|  |TAMS 0x0000000715800000, 0x0000000715800000| Untracked 
| 171|0x0000000715900000, 0x0000000715900000, 0x0000000715a00000|  0%| F|  |TAMS 0x0000000715900000, 0x0000000715900000| Untracked 
| 172|0x0000000715a00000, 0x0000000715a00000, 0x0000000715b00000|  0%| F|  |TAMS 0x0000000715a00000, 0x0000000715a00000| Untracked 
| 173|0x0000000715b00000, 0x0000000715b00000, 0x0000000715c00000|  0%| F|  |TAMS 0x0000000715b00000, 0x0000000715b00000| Untracked 
| 174|0x0000000715c00000, 0x0000000715c00000, 0x0000000715d00000|  0%| F|  |TAMS 0x0000000715c00000, 0x0000000715c00000| Untracked 
| 175|0x0000000715d00000, 0x0000000715d00000, 0x0000000715e00000|  0%| F|  |TAMS 0x0000000715d00000, 0x0000000715d00000| Untracked 
| 176|0x0000000715e00000, 0x0000000715e00000, 0x0000000715f00000|  0%| F|  |TAMS 0x0000000715e00000, 0x0000000715e00000| Untracked 
| 177|0x0000000715f00000, 0x0000000715f00000, 0x0000000716000000|  0%| F|  |TAMS 0x0000000715f00000, 0x0000000715f00000| Untracked 
| 178|0x0000000716000000, 0x0000000716000000, 0x0000000716100000|  0%| F|  |TAMS 0x0000000716000000, 0x0000000716000000| Untracked 
| 179|0x0000000716100000, 0x0000000716100000, 0x0000000716200000|  0%| F|  |TAMS 0x0000000716100000, 0x0000000716100000| Untracked 
| 180|0x0000000716200000, 0x0000000716200000, 0x0000000716300000|  0%| F|  |TAMS 0x0000000716200000, 0x0000000716200000| Untracked 
| 181|0x0000000716300000, 0x0000000716300000, 0x0000000716400000|  0%| F|  |TAMS 0x0000000716300000, 0x0000000716300000| Untracked 
| 182|0x0000000716400000, 0x0000000716400000, 0x0000000716500000|  0%| F|  |TAMS 0x0000000716400000, 0x0000000716400000| Untracked 
| 183|0x0000000716500000, 0x0000000716500000, 0x0000000716600000|  0%| F|  |TAMS 0x0000000716500000, 0x0000000716500000| Untracked 
| 184|0x0000000716600000, 0x0000000716600000, 0x0000000716700000|  0%| F|  |TAMS 0x0000000716600000, 0x0000000716600000| Untracked 
| 185|0x0000000716700000, 0x0000000716700000, 0x0000000716800000|  0%| F|  |TAMS 0x0000000716700000, 0x0000000716700000| Untracked 
| 186|0x0000000716800000, 0x0000000716800000, 0x0000000716900000|  0%| F|  |TAMS 0x0000000716800000, 0x0000000716800000| Untracked 
| 187|0x0000000716900000, 0x0000000716900000, 0x0000000716a00000|  0%| F|  |TAMS 0x0000000716900000, 0x0000000716900000| Untracked 
| 188|0x0000000716a00000, 0x0000000716a00000, 0x0000000716b00000|  0%| F|  |TAMS 0x0000000716a00000, 0x0000000716a00000| Untracked 
| 189|0x0000000716b00000, 0x0000000716b00000, 0x0000000716c00000|  0%| F|  |TAMS 0x0000000716b00000, 0x0000000716b00000| Untracked 
| 190|0x0000000716c00000, 0x0000000716c00000, 0x0000000716d00000|  0%| F|  |TAMS 0x0000000716c00000, 0x0000000716c00000| Untracked 
| 191|0x0000000716d00000, 0x0000000716d00000, 0x0000000716e00000|  0%| F|  |TAMS 0x0000000716d00000, 0x0000000716d00000| Untracked 
| 192|0x0000000716e00000, 0x0000000716e00000, 0x0000000716f00000|  0%| F|  |TAMS 0x0000000716e00000, 0x0000000716e00000| Untracked 
| 193|0x0000000716f00000, 0x0000000716f00000, 0x0000000717000000|  0%| F|  |TAMS 0x0000000716f00000, 0x0000000716f00000| Untracked 
| 194|0x0000000717000000, 0x0000000717000000, 0x0000000717100000|  0%| F|  |TAMS 0x0000000717000000, 0x0000000717000000| Untracked 
| 195|0x0000000717100000, 0x0000000717100000, 0x0000000717200000|  0%| F|  |TAMS 0x0000000717100000, 0x0000000717100000| Untracked 
| 196|0x0000000717200000, 0x0000000717200000, 0x0000000717300000|  0%| F|  |TAMS 0x0000000717200000, 0x0000000717200000| Untracked 
| 197|0x0000000717300000, 0x0000000717300000, 0x0000000717400000|  0%| F|  |TAMS 0x0000000717300000, 0x0000000717300000| Untracked 
| 198|0x0000000717400000, 0x0000000717400000, 0x0000000717500000|  0%| F|  |TAMS 0x0000000717400000, 0x0000000717400000| Untracked 
| 199|0x0000000717500000, 0x0000000717500000, 0x0000000717600000|  0%| F|  |TAMS 0x0000000717500000, 0x0000000717500000| Untracked 
| 200|0x0000000717600000, 0x0000000717600000, 0x0000000717700000|  0%| F|  |TAMS 0x0000000717600000, 0x0000000717600000| Untracked 
| 201|0x0000000717700000, 0x0000000717700000, 0x0000000717800000|  0%| F|  |TAMS 0x0000000717700000, 0x0000000717700000| Untracked 
| 202|0x0000000717800000, 0x0000000717800000, 0x0000000717900000|  0%| F|  |TAMS 0x0000000717800000, 0x0000000717800000| Untracked 
| 203|0x0000000717900000, 0x0000000717900000, 0x0000000717a00000|  0%| F|  |TAMS 0x0000000717900000, 0x0000000717900000| Untracked 
| 204|0x0000000717a00000, 0x0000000717a00000, 0x0000000717b00000|  0%| F|  |TAMS 0x0000000717a00000, 0x0000000717a00000| Untracked 
| 205|0x0000000717b00000, 0x0000000717b00000, 0x0000000717c00000|  0%| F|  |TAMS 0x0000000717b00000, 0x0000000717b00000| Untracked 
| 206|0x0000000717c00000, 0x0000000717c00000, 0x0000000717d00000|  0%| F|  |TAMS 0x0000000717c00000, 0x0000000717c00000| Untracked 
| 207|0x0000000717d00000, 0x0000000717d00000, 0x0000000717e00000|  0%| F|  |TAMS 0x0000000717d00000, 0x0000000717d00000| Untracked 
| 208|0x0000000717e00000, 0x0000000717e00000, 0x0000000717f00000|  0%| F|  |TAMS 0x0000000717e00000, 0x0000000717e00000| Untracked 
| 209|0x0000000717f00000, 0x0000000717f00000, 0x0000000718000000|  0%| F|  |TAMS 0x0000000717f00000, 0x0000000717f00000| Untracked 
| 210|0x0000000718000000, 0x0000000718000000, 0x0000000718100000|  0%| F|  |TAMS 0x0000000718000000, 0x0000000718000000| Untracked 
| 211|0x0000000718100000, 0x0000000718100000, 0x0000000718200000|  0%| F|  |TAMS 0x0000000718100000, 0x0000000718100000| Untracked 
| 212|0x0000000718200000, 0x0000000718200000, 0x0000000718300000|  0%| F|  |TAMS 0x0000000718200000, 0x0000000718200000| Untracked 
| 213|0x0000000718300000, 0x0000000718300000, 0x0000000718400000|  0%| F|  |TAMS 0x0000000718300000, 0x0000000718300000| Untracked 
| 214|0x0000000718400000, 0x0000000718400000, 0x0000000718500000|  0%| F|  |TAMS 0x0000000718400000, 0x0000000718400000| Untracked 
| 215|0x0000000718500000, 0x0000000718500000, 0x0000000718600000|  0%| F|  |TAMS 0x0000000718500000, 0x0000000718500000| Untracked 
| 216|0x0000000718600000, 0x0000000718600000, 0x0000000718700000|  0%| F|  |TAMS 0x0000000718600000, 0x0000000718600000| Untracked 
| 217|0x0000000718700000, 0x0000000718700000, 0x0000000718800000|  0%| F|  |TAMS 0x0000000718700000, 0x0000000718700000| Untracked 
| 218|0x0000000718800000, 0x0000000718800000, 0x0000000718900000|  0%| F|  |TAMS 0x0000000718800000, 0x0000000718800000| Untracked 
| 219|0x0000000718900000, 0x0000000718900000, 0x0000000718a00000|  0%| F|  |TAMS 0x0000000718900000, 0x0000000718900000| Untracked 
| 220|0x0000000718a00000, 0x0000000718a00000, 0x0000000718b00000|  0%| F|  |TAMS 0x0000000718a00000, 0x0000000718a00000| Untracked 
| 221|0x0000000718b00000, 0x0000000718b00000, 0x0000000718c00000|  0%| F|  |TAMS 0x0000000718b00000, 0x0000000718b00000| Untracked 
| 222|0x0000000718c00000, 0x0000000718c00000, 0x0000000718d00000|  0%| F|  |TAMS 0x0000000718c00000, 0x0000000718c00000| Untracked 
| 223|0x0000000718d00000, 0x0000000718d00000, 0x0000000718e00000|  0%| F|  |TAMS 0x0000000718d00000, 0x0000000718d00000| Untracked 
| 224|0x0000000718e00000, 0x0000000718e00000, 0x0000000718f00000|  0%| F|  |TAMS 0x0000000718e00000, 0x0000000718e00000| Untracked 
| 225|0x0000000718f00000, 0x0000000718f00000, 0x0000000719000000|  0%| F|  |TAMS 0x0000000718f00000, 0x0000000718f00000| Untracked 
| 226|0x0000000719000000, 0x0000000719000000, 0x0000000719100000|  0%| F|  |TAMS 0x0000000719000000, 0x0000000719000000| Untracked 
| 227|0x0000000719100000, 0x0000000719100000, 0x0000000719200000|  0%| F|  |TAMS 0x0000000719100000, 0x0000000719100000| Untracked 
| 228|0x0000000719200000, 0x0000000719200000, 0x0000000719300000|  0%| F|  |TAMS 0x0000000719200000, 0x0000000719200000| Untracked 
| 229|0x0000000719300000, 0x0000000719300000, 0x0000000719400000|  0%| F|  |TAMS 0x0000000719300000, 0x0000000719300000| Untracked 
| 230|0x0000000719400000, 0x0000000719400000, 0x0000000719500000|  0%| F|  |TAMS 0x0000000719400000, 0x0000000719400000| Untracked 
| 231|0x0000000719500000, 0x0000000719500000, 0x0000000719600000|  0%| F|  |TAMS 0x0000000719500000, 0x0000000719500000| Untracked 
| 232|0x0000000719600000, 0x0000000719600000, 0x0000000719700000|  0%| F|  |TAMS 0x0000000719600000, 0x0000000719600000| Untracked 
| 233|0x0000000719700000, 0x0000000719700000, 0x0000000719800000|  0%| F|  |TAMS 0x0000000719700000, 0x0000000719700000| Untracked 
| 234|0x0000000719800000, 0x0000000719800000, 0x0000000719900000|  0%| F|  |TAMS 0x0000000719800000, 0x0000000719800000| Untracked 
| 235|0x0000000719900000, 0x0000000719900000, 0x0000000719a00000|  0%| F|  |TAMS 0x0000000719900000, 0x0000000719900000| Untracked 
| 236|0x0000000719a00000, 0x0000000719a00000, 0x0000000719b00000|  0%| F|  |TAMS 0x0000000719a00000, 0x0000000719a00000| Untracked 
| 237|0x0000000719b00000, 0x0000000719b00000, 0x0000000719c00000|  0%| F|  |TAMS 0x0000000719b00000, 0x0000000719b00000| Untracked 
| 238|0x0000000719c00000, 0x0000000719c00000, 0x0000000719d00000|  0%| F|  |TAMS 0x0000000719c00000, 0x0000000719c00000| Untracked 
| 239|0x0000000719d00000, 0x0000000719d00000, 0x0000000719e00000|  0%| F|  |TAMS 0x0000000719d00000, 0x0000000719d00000| Untracked 
| 240|0x0000000719e00000, 0x0000000719ef6520, 0x0000000719f00000| 96%| E|  |TAMS 0x0000000719e00000, 0x0000000719e00000| Complete 
| 241|0x0000000719f00000, 0x000000071a000000, 0x000000071a000000|100%| E|CS|TAMS 0x0000000719f00000, 0x0000000719f00000| Complete 
| 242|0x000000071a000000, 0x000000071a100000, 0x000000071a100000|100%| E|CS|TAMS 0x000000071a000000, 0x000000071a000000| Complete 
| 243|0x000000071a100000, 0x000000071a200000, 0x000000071a200000|100%| E|CS|TAMS 0x000000071a100000, 0x000000071a100000| Complete 
| 244|0x000000071a200000, 0x000000071a300000, 0x000000071a300000|100%| E|CS|TAMS 0x000000071a200000, 0x000000071a200000| Complete 
| 245|0x000000071a300000, 0x000000071a400000, 0x000000071a400000|100%| E|CS|TAMS 0x000000071a300000, 0x000000071a300000| Complete 

Card table byte_map: [0x00007fdfb4a63000,0x00007fdfb520c000] _byte_map_base: 0x00007fdfb120c000

Marking Bits (Prev, Next): (CMBitMap*) 0x00007fdfb0087fa8, (CMBitMap*) 0x00007fdfb0087fe0
 Prev Bits: [0x00007fdf902b8000, 0x00007fdf94000000)
 Next Bits: [0x00007fdf8c570000, 0x00007fdf902b8000)

Polling page: 0x00007fdfba1de000

Metaspace:

Usage:
  Non-class:      8.29 MB capacity,     8.18 MB ( 99%) used,   102.01 KB (  1%) free+waste,     9.25 KB ( <1%) overhead. 
      Class:    958.00 KB capacity,   881.05 KB ( 92%) used,    72.52 KB (  8%) free+waste,     4.44 KB ( <1%) overhead. 
       Both:      9.22 MB capacity,     9.04 MB ( 98%) used,   174.52 KB (  2%) free+waste,    13.69 KB ( <1%) overhead. 

Virtual space:
  Non-class space:       10.00 MB reserved,       8.50 MB ( 85%) committed 
      Class space:        1.00 GB reserved,       1.00 MB ( <1%) committed 
             Both:        1.01 GB reserved,       9.50 MB ( <1%) committed 

Chunk freelists:
   Non-Class:  8.00 KB
       Class:  256 bytes
        Both:  8.25 KB

CodeHeap 'non-profiled nmethods': size=120032Kb used=137Kb max_used=137Kb free=119894Kb
 bounds [0x00007fdfa070a000, 0x00007fdfa097a000, 0x00007fdfa7c42000]
CodeHeap 'profiled nmethods': size=120028Kb used=654Kb max_used=654Kb free=119374Kb
 bounds [0x00007fdf991d3000, 0x00007fdf99443000, 0x00007fdfa070a000]
CodeHeap 'non-nmethods': size=5700Kb used=1072Kb max_used=1087Kb free=4627Kb
 bounds [0x00007fdf98c42000, 0x00007fdf98eb2000, 0x00007fdf991d3000]
 total_blobs=924 nmethods=460 adapters=286
 compilation: enabled
              stopped_count=0, restarted_count=0
 full_count=0

Compilation events (10 events):
Event: 0.399 Thread 0x00007fdfb028c800  457       3       java.util.LinkedHashMap::linkNodeLast (33 bytes)
Event: 0.399 Thread 0x00007fdfb028c800 nmethod 457 0x00007fdf99274f10 code [0x00007fdf992750e0, 0x00007fdf99275430]
Event: 0.399 Thread 0x00007fdfb028c800  458       3       java.util.LinkedHashMap::afterNodeInsertion (40 bytes)
Event: 0.400 Thread 0x00007fdfb028c800 nmethod 458 0x00007fdf99275510 code [0x00007fdf99275700, 0x00007fdf99275be8]
Event: 0.400 Thread 0x00007fdfb028c800  454       3       java.lang.Short::<init> (10 bytes)
Event: 0.400 Thread 0x00007fdfb028c800 nmethod 454 0x00007fdf99275d90 code [0x00007fdf99275f40, 0x00007fdf99276150]
Event: 0.400 Thread 0x00007fdfb028c800  459       1       java.security.CodeSource::getLocation (5 bytes)
Event: 0.400 Thread 0x00007fdfb028c800 nmethod 459 0x00007fdfa072c310 code [0x00007fdfa072c4c0, 0x00007fdfa072c5d0]
Event: 0.401 Thread 0x00007fdfb028c800  460       3       java.lang.CharacterDataLatin1::toUpperCase (53 bytes)
Event: 0.401 Thread 0x00007fdfb028c800 nmethod 460 0x00007fdf99276210 code [0x00007fdf992763e0, 0x00007fdf992766d0]

GC Heap History (0 events):
No events

Deoptimization events (2 events):
Event: 0.318 Thread 0x00007fdfb0013000 Uncommon trap: reason=class_check action=maybe_recompile pc=0x00007fdfa0716264 method=java.util.HashMap.putVal(ILjava/lang/Object;Ljava/lang/Object;ZZ)Ljava/lang/Object; @ 253 c2
Event: 0.318 Thread 0x00007fdfb0013000 Uncommon trap: reason=unstable_if action=reinterpret pc=0x00007fdfa0716254 method=java.util.HashMap.putVal(ILjava/lang/Object;Ljava/lang/Object;ZZ)Ljava/lang/Object; @ 181 c2

Classes redefined (0 events):
No events

Internal exceptions (6 events):
Event: 0.353 Thread 0x00007fdfb0013000 Exception <a 'java/lang/NoSuchMethodError'{0x0000000719f21800}: java.lang.invoke.DirectMethodHandle$Holder.invokeStaticInit(Ljava/lang/Object;Ljava/lang/Object;JLjava/lang/Object;)Ljava/lang/Object;> (0x0000000719f21800) thrown at [/scratch/opt/mach5/meso
Event: 0.354 Thread 0x00007fdfb0013000 Exception <a 'java/lang/NoSuchMethodError'{0x0000000719f2d960}: java.lang.invoke.Invokers$Holder.linkToTargetMethod(Ljava/lang/Object;JLjava/lang/Object;)Ljava/lang/Object;> (0x0000000719f2d960) thrown at [/scratch/opt/mach5/mesos/work_dir/slaves/2dd962d0
Event: 0.358 Thread 0x00007fdfb0013000 Exception <a 'java/lang/NoSuchMethodError'{0x0000000719f34d18}: java.lang.invoke.DirectMethodHandle$Holder.invokeStatic(Ljava/lang/Object;Ljava/lang/Object;Ljava/lang/Object;I)Ljava/lang/Object;> (0x0000000719f34d18) thrown at [/scratch/opt/mach5/mesos/wo
Event: 0.358 Thread 0x00007fdfb0013000 Exception <a 'java/lang/NoSuchMethodError'{0x0000000719f38990}: java.lang.invoke.DirectMethodHandle$Holder.invokeSpecial(Ljava/lang/Object;Ljava/lang/Object;Ljava/lang/Object;Ljava/lang/Object;I)Ljava/lang/Object;> (0x0000000719f38990) thrown at [/scratch
Event: 0.358 Thread 0x00007fdfb0013000 Exception <a 'java/lang/NoSuchMethodError'{0x0000000719f3be20}: java.lang.invoke.Invokers$Holder.linkToTargetMethod(Ljava/lang/Object;Ljava/lang/Object;ILjava/lang/Object;)Ljava/lang/Object;> (0x0000000719f3be20) thrown at [/scratch/opt/mach5/mesos/work_d
Event: 0.404 Thread 0x00007fdfb0013000 Implicit null exception at 0x00007fdfa0718785 to 0x0000000000000000

Events (10 events):
Event: 0.403 loading class java/lang/reflect/TypeVariable
Event: 0.403 loading class java/lang/reflect/TypeVariable done
Event: 0.403 loading class java/lang/reflect/AnnotatedType
Event: 0.403 loading class java/lang/reflect/AnnotatedType done
Event: 0.403 loading class com/sun/jna/Library$Handler$FunctionInfo
Event: 0.403 loading class com/sun/jna/Library$Handler$FunctionInfo done
Event: 0.404 loading class java/util/IdentityHashMap$KeyIterator
Event: 0.404 loading class java/util/IdentityHashMap$IdentityHashMapIterator
Event: 0.404 loading class java/util/IdentityHashMap$IdentityHashMapIterator done
Event: 0.404 loading class java/util/IdentityHashMap$KeyIterator done


Dynamic libraries:
00400000-00401000 r-xp 00000000 103:07 533958                            /usr/lib/jvm/jdk-11.0.2/bin/java
00600000-00601000 r--p 00000000 103:07 533958                            /usr/lib/jvm/jdk-11.0.2/bin/java
00601000-00602000 rw-p 00001000 103:07 533958                            /usr/lib/jvm/jdk-11.0.2/bin/java
00754000-00775000 rw-p 00000000 00:00 0                                  [heap]
70ae00000-71a400000 rw-p 00000000 00:00 0 
71a400000-800000000 ---p 00000000 00:00 0 
800000000-800100000 rw-p 00000000 00:00 0 
800100000-840000000 ---p 00000000 00:00 0 
c000000000-c000001000 rw-p 00000000 00:00 0 
c41fff8000-c420100000 rw-p 00000000 00:00 0 
7fdf2c000000-7fdf2c021000 rw-p 00000000 00:00 0 
7fdf2c021000-7fdf30000000 ---p 00000000 00:00 0 
7fdf30000000-7fdf30021000 rw-p 00000000 00:00 0 
7fdf30021000-7fdf34000000 ---p 00000000 00:00 0 
7fdf34000000-7fdf34021000 rw-p 00000000 00:00 0 
7fdf34021000-7fdf38000000 ---p 00000000 00:00 0 
7fdf38000000-7fdf38021000 rw-p 00000000 00:00 0 
7fdf38021000-7fdf3c000000 ---p 00000000 00:00 0 
7fdf3c000000-7fdf3c021000 rw-p 00000000 00:00 0 
7fdf3c021000-7fdf40000000 ---p 00000000 00:00 0 
7fdf40000000-7fdf40021000 rw-p 00000000 00:00 0 
7fdf40021000-7fdf44000000 ---p 00000000 00:00 0 
7fdf44000000-7fdf44021000 rw-p 00000000 00:00 0 
7fdf44021000-7fdf48000000 ---p 00000000 00:00 0 
7fdf48816000-7fdf48896000 rw-p 00000000 00:00 0 
7fdf48896000-7fdf48a16000 ---p 00000000 00:00 0 
7fdf48a16000-7fdf48a17000 ---p 00000000 00:00 0 
7fdf48a17000-7fdf49217000 rwxp 00000000 00:00 0 
7fdf49217000-7fdf49218000 ---p 00000000 00:00 0 
7fdf49218000-7fdf49a18000 rwxp 00000000 00:00 0 
7fdf49a18000-7fdf49a19000 ---p 00000000 00:00 0 
7fdf49a19000-7fdf4a219000 rwxp 00000000 00:00 0 
7fdf4a219000-7fdf4a21a000 ---p 00000000 00:00 0 
7fdf4a21a000-7fdf4aa1a000 rwxp 00000000 00:00 0 
7fdf4aa1a000-7fdf4aa1b000 ---p 00000000 00:00 0 
7fdf4aa1b000-7fdf4b21b000 rwxp 00000000 00:00 0 
7fdf4b21b000-7fdf4b21c000 ---p 00000000 00:00 0 
7fdf4b21c000-7fdf4ba1c000 rwxp 00000000 00:00 0 
7fdf4ba1c000-7fdf4bb20000 r-xp 00000000 103:07 1835929                   /home/pedro/Documents/juan_work/callingErasure/src/erasure.so
7fdf4bb20000-7fdf4bd1f000 ---p 00104000 103:07 1835929                   /home/pedro/Documents/juan_work/callingErasure/src/erasure.so
7fdf4bd1f000-7fdf4bdb4000 r--p 00103000 103:07 1835929                   /home/pedro/Documents/juan_work/callingErasure/src/erasure.so
7fdf4bdb4000-7fdf4bdc8000 rw-p 00198000 103:07 1835929                   /home/pedro/Documents/juan_work/callingErasure/src/erasure.so
7fdf4bdc8000-7fdf4bde7000 rw-p 00000000 00:00 0 
7fdf4bde7000-7fdf4bdff000 r-xp 00000000 103:07 4594582                   /home/pedro/.cache/JNA/temp/jna6749708271238357722.tmp (deleted)
7fdf4bdff000-7fdf4bfff000 ---p 00018000 103:07 4594582                   /home/pedro/.cache/JNA/temp/jna6749708271238357722.tmp (deleted)
7fdf4bfff000-7fdf4c000000 rw-p 00018000 103:07 4594582                   /home/pedro/.cache/JNA/temp/jna6749708271238357722.tmp (deleted)
7fdf4c000000-7fdf4c021000 rw-p 00000000 00:00 0 
7fdf4c021000-7fdf50000000 ---p 00000000 00:00 0 
7fdf50000000-7fdf50021000 rw-p 00000000 00:00 0 
7fdf50021000-7fdf54000000 ---p 00000000 00:00 0 
7fdf54000000-7fdf54021000 rw-p 00000000 00:00 0 
7fdf54021000-7fdf58000000 ---p 00000000 00:00 0 
7fdf58000000-7fdf58021000 rw-p 00000000 00:00 0 
7fdf58021000-7fdf5c000000 ---p 00000000 00:00 0 
7fdf5c000000-7fdf5c1ac000 rw-p 00000000 00:00 0 
7fdf5c1ac000-7fdf60000000 ---p 00000000 00:00 0 
7fdf60000000-7fdf60021000 rw-p 00000000 00:00 0 
7fdf60021000-7fdf64000000 ---p 00000000 00:00 0 
7fdf64000000-7fdf64021000 rw-p 00000000 00:00 0 
7fdf64021000-7fdf68000000 ---p 00000000 00:00 0 
7fdf68000000-7fdf6820f000 rw-p 00000000 00:00 0 
7fdf6820f000-7fdf6c000000 ---p 00000000 00:00 0 
7fdf6c000000-7fdf6c021000 rw-p 00000000 00:00 0 
7fdf6c021000-7fdf70000000 ---p 00000000 00:00 0 
7fdf70000000-7fdf70021000 rw-p 00000000 00:00 0 
7fdf70021000-7fdf74000000 ---p 00000000 00:00 0 
7fdf74000000-7fdf74021000 rw-p 00000000 00:00 0 
7fdf74021000-7fdf78000000 ---p 00000000 00:00 0 
7fdf78000000-7fdf78021000 rw-p 00000000 00:00 0 
7fdf78021000-7fdf7c000000 ---p 00000000 00:00 0 
7fdf7c000000-7fdf7c021000 rw-p 00000000 00:00 0 
7fdf7c021000-7fdf80000000 ---p 00000000 00:00 0 
7fdf80000000-7fdf80021000 rw-p 00000000 00:00 0 
7fdf80021000-7fdf84000000 ---p 00000000 00:00 0 
7fdf840fd000-7fdf840ff000 r-xp 00000000 103:07 665683                    /usr/lib/jvm/jdk-11.0.2/lib/libextnet.so
7fdf840ff000-7fdf842fe000 ---p 00002000 103:07 665683                    /usr/lib/jvm/jdk-11.0.2/lib/libextnet.so
7fdf842fe000-7fdf842ff000 r--p 00001000 103:07 665683                    /usr/lib/jvm/jdk-11.0.2/lib/libextnet.so
7fdf842ff000-7fdf84300000 rw-p 00002000 103:07 665683                    /usr/lib/jvm/jdk-11.0.2/lib/libextnet.so
7fdf84300000-7fdf84301000 ---p 00000000 00:00 0 
7fdf84301000-7fdf84604000 rwxp 00000000 00:00 0 
7fdf84604000-7fdf8461a000 r-xp 00000000 103:07 665688                    /usr/lib/jvm/jdk-11.0.2/lib/libnet.so
7fdf8461a000-7fdf8481a000 ---p 00016000 103:07 665688                    /usr/lib/jvm/jdk-11.0.2/lib/libnet.so
7fdf8481a000-7fdf8481b000 r--p 00016000 103:07 665688                    /usr/lib/jvm/jdk-11.0.2/lib/libnet.so
7fdf8481b000-7fdf8481c000 rw-p 00017000 103:07 665688                    /usr/lib/jvm/jdk-11.0.2/lib/libnet.so
7fdf8481c000-7fdf8482c000 r-xp 00000000 103:07 665662                    /usr/lib/jvm/jdk-11.0.2/lib/libnio.so
7fdf8482c000-7fdf84a2b000 ---p 00010000 103:07 665662                    /usr/lib/jvm/jdk-11.0.2/lib/libnio.so
7fdf84a2b000-7fdf84a2c000 r--p 0000f000 103:07 665662                    /usr/lib/jvm/jdk-11.0.2/lib/libnio.so
7fdf84a2c000-7fdf84a2d000 rw-p 00010000 103:07 665662                    /usr/lib/jvm/jdk-11.0.2/lib/libnio.so
7fdf84a2d000-7fdf84e31000 rwxp 00000000 00:00 0 
7fdf84e31000-7fdf85800000 r--p 00000000 103:07 400069                    /usr/lib/locale/locale-archive
7fdf85800000-7fdf88000000 rw-p 00000000 00:00 0 
7fdf88000000-7fdf88021000 rw-p 00000000 00:00 0 
7fdf88021000-7fdf8c000000 ---p 00000000 00:00 0 
7fdf8c029000-7fdf8c069000 rw-p 00000000 00:00 0 
7fdf8c069000-7fdf8c36c000 rwxp 00000000 00:00 0 
7fdf8c36c000-7fdf8c36d000 ---p 00000000 00:00 0 
7fdf8c36d000-7fdf8c46e000 rwxp 00000000 00:00 0 
7fdf8c46e000-7fdf8c46f000 ---p 00000000 00:00 0 
7fdf8c46f000-7fdf8c570000 rwxp 00000000 00:00 0 
7fdf8c570000-7fdf8c948000 rw-p 00000000 00:00 0 
7fdf8c948000-7fdf902b8000 ---p 00000000 00:00 0 
7fdf902b8000-7fdf90690000 rw-p 00000000 00:00 0 
7fdf90690000-7fdf94000000 ---p 00000000 00:00 0 
7fdf94000000-7fdf94021000 rw-p 00000000 00:00 0 
7fdf94021000-7fdf98000000 ---p 00000000 00:00 0 
7fdf98034000-7fdf98035000 ---p 00000000 00:00 0 
7fdf98035000-7fdf98136000 rwxp 00000000 00:00 0 
7fdf98136000-7fdf98b40000 rw-p 00000000 00:00 0 
7fdf98b40000-7fdf98b41000 ---p 00000000 00:00 0 
7fdf98b41000-7fdf98eb2000 rwxp 00000000 00:00 0 
7fdf98eb2000-7fdf991d3000 ---p 00000000 00:00 0 
7fdf991d3000-7fdf99443000 rwxp 00000000 00:00 0 
7fdf99443000-7fdfa070a000 ---p 00000000 00:00 0 
7fdfa070a000-7fdfa097a000 rwxp 00000000 00:00 0 
7fdfa097a000-7fdfa7c42000 ---p 00000000 00:00 0 
7fdfa7c42000-7fdfb0000000 r--s 00000000 103:07 665706                    /usr/lib/jvm/jdk-11.0.2/lib/modules
7fdfb0000000-7fdfb04e4000 rw-p 00000000 00:00 0 
7fdfb04e4000-7fdfb4000000 ---p 00000000 00:00 0 
7fdfb4039000-7fdfb4099000 rw-p 00000000 00:00 0 
7fdfb4099000-7fdfb40bb000 rwxp 00000000 00:00 0 
7fdfb40bb000-7fdfb40bc000 ---p 00000000 00:00 0 
7fdfb40bc000-7fdfb41bd000 rwxp 00000000 00:00 0 
7fdfb41bd000-7fdfb4335000 rw-p 00000000 00:00 0 
7fdfb4335000-7fdfb4a63000 ---p 00000000 00:00 0 
7fdfb4a63000-7fdfb4ade000 rw-p 00000000 00:00 0 
7fdfb4ade000-7fdfb520c000 ---p 00000000 00:00 0 
7fdfb520c000-7fdfb5287000 rw-p 00000000 00:00 0 
7fdfb5287000-7fdfb59b5000 ---p 00000000 00:00 0 
7fdfb59b5000-7fdfb63bf000 rw-p 00000000 00:00 0 
7fdfb63bf000-7fdfb63c0000 ---p 00000000 00:00 0 
7fdfb63c0000-7fdfb64c1000 rwxp 00000000 00:00 0 
7fdfb64c1000-7fdfb64c6000 rw-p 00000000 00:00 0 
7fdfb64c6000-7fdfb65ac000 ---p 00000000 00:00 0 
7fdfb65ac000-7fdfb65b1000 rw-p 00000000 00:00 0 
7fdfb65b1000-7fdfb6697000 ---p 00000000 00:00 0 
7fdfb6697000-7fdfb66b2000 r-xp 00000000 103:07 665686                    /usr/lib/jvm/jdk-11.0.2/lib/libjimage.so
7fdfb66b2000-7fdfb68b1000 ---p 0001b000 103:07 665686                    /usr/lib/jvm/jdk-11.0.2/lib/libjimage.so
7fdfb68b1000-7fdfb68b3000 r--p 0001a000 103:07 665686                    /usr/lib/jvm/jdk-11.0.2/lib/libjimage.so
7fdfb68b3000-7fdfb68b4000 rw-p 0001c000 103:07 665686                    /usr/lib/jvm/jdk-11.0.2/lib/libjimage.so
7fdfb68b4000-7fdfb68bb000 r-xp 00000000 103:07 665665                    /usr/lib/jvm/jdk-11.0.2/lib/libzip.so
7fdfb68bb000-7fdfb6aba000 ---p 00007000 103:07 665665                    /usr/lib/jvm/jdk-11.0.2/lib/libzip.so
7fdfb6aba000-7fdfb6abb000 r--p 00006000 103:07 665665                    /usr/lib/jvm/jdk-11.0.2/lib/libzip.so
7fdfb6abb000-7fdfb6abc000 rw-p 00007000 103:07 665665                    /usr/lib/jvm/jdk-11.0.2/lib/libzip.so
7fdfb6abc000-7fdfb6ac7000 r-xp 00000000 103:07 1577971                   /lib/x86_64-linux-gnu/libnss_files-2.27.so
7fdfb6ac7000-7fdfb6cc6000 ---p 0000b000 103:07 1577971                   /lib/x86_64-linux-gnu/libnss_files-2.27.so
7fdfb6cc6000-7fdfb6cc7000 r--p 0000a000 103:07 1577971                   /lib/x86_64-linux-gnu/libnss_files-2.27.so
7fdfb6cc7000-7fdfb6cc8000 rw-p 0000b000 103:07 1577971                   /lib/x86_64-linux-gnu/libnss_files-2.27.so
7fdfb6cc8000-7fdfb6cce000 rw-p 00000000 00:00 0 
7fdfb6cce000-7fdfb6ce5000 r-xp 00000000 103:07 1577965                   /lib/x86_64-linux-gnu/libnsl-2.27.so
7fdfb6ce5000-7fdfb6ee4000 ---p 00017000 103:07 1577965                   /lib/x86_64-linux-gnu/libnsl-2.27.so
7fdfb6ee4000-7fdfb6ee5000 r--p 00016000 103:07 1577965                   /lib/x86_64-linux-gnu/libnsl-2.27.so
7fdfb6ee5000-7fdfb6ee6000 rw-p 00017000 103:07 1577965                   /lib/x86_64-linux-gnu/libnsl-2.27.so
7fdfb6ee6000-7fdfb6ee8000 rw-p 00000000 00:00 0 
7fdfb6ee8000-7fdfb6ef3000 r-xp 00000000 103:07 1577982                   /lib/x86_64-linux-gnu/libnss_nis-2.27.so
7fdfb6ef3000-7fdfb70f2000 ---p 0000b000 103:07 1577982                   /lib/x86_64-linux-gnu/libnss_nis-2.27.so
7fdfb70f2000-7fdfb70f3000 r--p 0000a000 103:07 1577982                   /lib/x86_64-linux-gnu/libnss_nis-2.27.so
7fdfb70f3000-7fdfb70f4000 rw-p 0000b000 103:07 1577982                   /lib/x86_64-linux-gnu/libnss_nis-2.27.so
7fdfb70f4000-7fdfb70fc000 r-xp 00000000 103:07 1577967                   /lib/x86_64-linux-gnu/libnss_compat-2.27.so
7fdfb70fc000-7fdfb72fc000 ---p 00008000 103:07 1577967                   /lib/x86_64-linux-gnu/libnss_compat-2.27.so
7fdfb72fc000-7fdfb72fd000 r--p 00008000 103:07 1577967                   /lib/x86_64-linux-gnu/libnss_compat-2.27.so
7fdfb72fd000-7fdfb72fe000 rw-p 00009000 103:07 1577967                   /lib/x86_64-linux-gnu/libnss_compat-2.27.so
7fdfb72fe000-7fdfb7308000 r-xp 00000000 103:07 665673                    /usr/lib/jvm/jdk-11.0.2/lib/libinstrument.so
7fdfb7308000-7fdfb7507000 ---p 0000a000 103:07 665673                    /usr/lib/jvm/jdk-11.0.2/lib/libinstrument.so
7fdfb7507000-7fdfb7508000 r--p 00009000 103:07 665673                    /usr/lib/jvm/jdk-11.0.2/lib/libinstrument.so
7fdfb7508000-7fdfb7509000 rw-p 0000a000 103:07 665673                    /usr/lib/jvm/jdk-11.0.2/lib/libinstrument.so
7fdfb7509000-7fdfb7532000 r-xp 00000000 103:07 665666                    /usr/lib/jvm/jdk-11.0.2/lib/libjava.so
7fdfb7532000-7fdfb7732000 ---p 00029000 103:07 665666                    /usr/lib/jvm/jdk-11.0.2/lib/libjava.so
7fdfb7732000-7fdfb7733000 r--p 00029000 103:07 665666                    /usr/lib/jvm/jdk-11.0.2/lib/libjava.so
7fdfb7733000-7fdfb7735000 rw-p 0002a000 103:07 665666                    /usr/lib/jvm/jdk-11.0.2/lib/libjava.so
7fdfb7735000-7fdfb7742000 r-xp 00000000 103:07 665701                    /usr/lib/jvm/jdk-11.0.2/lib/libverify.so
7fdfb7742000-7fdfb7941000 ---p 0000d000 103:07 665701                    /usr/lib/jvm/jdk-11.0.2/lib/libverify.so
7fdfb7941000-7fdfb7943000 r--p 0000c000 103:07 665701                    /usr/lib/jvm/jdk-11.0.2/lib/libverify.so
7fdfb7943000-7fdfb7944000 rw-p 0000e000 103:07 665701                    /usr/lib/jvm/jdk-11.0.2/lib/libverify.so
7fdfb7944000-7fdfb794b000 r-xp 00000000 103:07 1578022                   /lib/x86_64-linux-gnu/librt-2.27.so
7fdfb794b000-7fdfb7b4a000 ---p 00007000 103:07 1578022                   /lib/x86_64-linux-gnu/librt-2.27.so
7fdfb7b4a000-7fdfb7b4b000 r--p 00006000 103:07 1578022                   /lib/x86_64-linux-gnu/librt-2.27.so
7fdfb7b4b000-7fdfb7b4c000 rw-p 00007000 103:07 1578022                   /lib/x86_64-linux-gnu/librt-2.27.so
7fdfb7b4c000-7fdfb7ce9000 r-xp 00000000 103:07 1577944                   /lib/x86_64-linux-gnu/libm-2.27.so
7fdfb7ce9000-7fdfb7ee8000 ---p 0019d000 103:07 1577944                   /lib/x86_64-linux-gnu/libm-2.27.so
7fdfb7ee8000-7fdfb7ee9000 r--p 0019c000 103:07 1577944                   /lib/x86_64-linux-gnu/libm-2.27.so
7fdfb7ee9000-7fdfb7eea000 rw-p 0019d000 103:07 1577944                   /lib/x86_64-linux-gnu/libm-2.27.so
7fdfb7eea000-7fdfb9029000 r-xp 00000000 103:07 1577551                   /usr/lib/jvm/jdk-11.0.2/lib/server/libjvm.so
7fdfb9029000-7fdfb9229000 ---p 0113f000 103:07 1577551                   /usr/lib/jvm/jdk-11.0.2/lib/server/libjvm.so
7fdfb9229000-7fdfb92e8000 r--p 0113f000 103:07 1577551                   /usr/lib/jvm/jdk-11.0.2/lib/server/libjvm.so
7fdfb92e8000-7fdfb9321000 rw-p 011fe000 103:07 1577551                   /usr/lib/jvm/jdk-11.0.2/lib/server/libjvm.so
7fdfb9321000-7fdfb9377000 rw-p 00000000 00:00 0 
7fdfb9377000-7fdfb955e000 r-xp 00000000 103:07 1577881                   /lib/x86_64-linux-gnu/libc-2.27.so
7fdfb955e000-7fdfb975e000 ---p 001e7000 103:07 1577881                   /lib/x86_64-linux-gnu/libc-2.27.so
7fdfb975e000-7fdfb9762000 r--p 001e7000 103:07 1577881                   /lib/x86_64-linux-gnu/libc-2.27.so
7fdfb9762000-7fdfb9764000 rw-p 001eb000 103:07 1577881                   /lib/x86_64-linux-gnu/libc-2.27.so
7fdfb9764000-7fdfb9768000 rw-p 00000000 00:00 0 
7fdfb9768000-7fdfb976b000 r-xp 00000000 103:07 1577904                   /lib/x86_64-linux-gnu/libdl-2.27.so
7fdfb976b000-7fdfb996a000 ---p 00003000 103:07 1577904                   /lib/x86_64-linux-gnu/libdl-2.27.so
7fdfb996a000-7fdfb996b000 r--p 00002000 103:07 1577904                   /lib/x86_64-linux-gnu/libdl-2.27.so
7fdfb996b000-7fdfb996c000 rw-p 00003000 103:07 1577904                   /lib/x86_64-linux-gnu/libdl-2.27.so
7fdfb996c000-7fdfb997c000 r-xp 00000000 103:07 665679                    /usr/lib/jvm/jdk-11.0.2/lib/jli/libjli.so
7fdfb997c000-7fdfb9b7b000 ---p 00010000 103:07 665679                    /usr/lib/jvm/jdk-11.0.2/lib/jli/libjli.so
7fdfb9b7b000-7fdfb9b7c000 r--p 0000f000 103:07 665679                    /usr/lib/jvm/jdk-11.0.2/lib/jli/libjli.so
7fdfb9b7c000-7fdfb9b7d000 rw-p 00010000 103:07 665679                    /usr/lib/jvm/jdk-11.0.2/lib/jli/libjli.so
7fdfb9b7d000-7fdfb9b97000 r-xp 00000000 103:07 1578014                   /lib/x86_64-linux-gnu/libpthread-2.27.so
7fdfb9b97000-7fdfb9d96000 ---p 0001a000 103:07 1578014                   /lib/x86_64-linux-gnu/libpthread-2.27.so
7fdfb9d96000-7fdfb9d97000 r--p 00019000 103:07 1578014                   /lib/x86_64-linux-gnu/libpthread-2.27.so
7fdfb9d97000-7fdfb9d98000 rw-p 0001a000 103:07 1578014                   /lib/x86_64-linux-gnu/libpthread-2.27.so
7fdfb9d98000-7fdfb9d9c000 rw-p 00000000 00:00 0 
7fdfb9d9c000-7fdfb9db8000 r-xp 00000000 103:07 1578053                   /lib/x86_64-linux-gnu/libz.so.1.2.11
7fdfb9db8000-7fdfb9fb7000 ---p 0001c000 103:07 1578053                   /lib/x86_64-linux-gnu/libz.so.1.2.11
7fdfb9fb7000-7fdfb9fb8000 r--p 0001b000 103:07 1578053                   /lib/x86_64-linux-gnu/libz.so.1.2.11
7fdfb9fb8000-7fdfb9fb9000 rw-p 0001c000 103:07 1578053                   /lib/x86_64-linux-gnu/libz.so.1.2.11
7fdfb9fb9000-7fdfb9fe0000 r-xp 00000000 103:07 1577853                   /lib/x86_64-linux-gnu/ld-2.27.so
7fdfb9fe0000-7fdfba0c1000 rw-p 00000000 00:00 0 
7fdfba0c1000-7fdfba0c8000 ---p 00000000 00:00 0 
7fdfba0c8000-7fdfba1c9000 rwxp 00000000 00:00 0 
7fdfba1c9000-7fdfba1cd000 rw-p 00000000 00:00 0 
7fdfba1d6000-7fdfba1de000 rw-s 00000000 103:07 1835263                   /tmp/hsperfdata_pedro/6449
7fdfba1de000-7fdfba1df000 ---p 00000000 00:00 0 
7fdfba1df000-7fdfba1e0000 r--p 00000000 00:00 0 
7fdfba1e0000-7fdfba1e1000 r--p 00027000 103:07 1577853                   /lib/x86_64-linux-gnu/ld-2.27.so
7fdfba1e1000-7fdfba1e2000 rw-p 00028000 103:07 1577853                   /lib/x86_64-linux-gnu/ld-2.27.so
7fdfba1e2000-7fdfba1e3000 rw-p 00000000 00:00 0 
7ffca8cf5000-7ffca8d14000 rwxp 00000000 00:00 0                          [stack]
7ffca8d14000-7ffca8d16000 rw-p 00000000 00:00 0 
7ffca8d93000-7ffca8d96000 r--p 00000000 00:00 0                          [vvar]
7ffca8d96000-7ffca8d98000 r-xp 00000000 00:00 0                          [vdso]
ffffffffff600000-ffffffffff601000 r-xp 00000000 00:00 0                  [vsyscall]


VM Arguments:
jvm_args: -javaagent:/snap/intellij-idea-community/126/lib/idea_rt.jar=36007:/snap/intellij-idea-community/126/bin -Dfile.encoding=UTF-8 
java_command: Client
java_class_path (initial): /home/pedro/Documents/juan_work/callingErasure/out/production/callingErasure:/home/pedro/Documents/juan_work/callingErasure/jna-5.2.0.jar:/home/pedro/Documents/juan_work/callingErasure/bridj-0.6.2.jar
Launcher Type: SUN_STANDARD

[Global flags]
     intx CICompilerCount                          = 4                                         {product} {ergonomic}
     uint ConcGCThreads                            = 3                                         {product} {ergonomic}
     uint G1ConcRefinementThreads                  = 10                                        {product} {ergonomic}
   size_t G1HeapRegionSize                         = 1048576                                   {product} {ergonomic}
    uintx GCDrainStackTargetSize                   = 64                                        {product} {ergonomic}
   size_t InitialHeapSize                          = 257949696                                 {product} {ergonomic}
   size_t MarkStackSize                            = 4194304                                   {product} {ergonomic}
   size_t MaxHeapSize                              = 4112515072                                {product} {ergonomic}
   size_t MaxNewSize                               = 2467299328                                {product} {ergonomic}
   size_t MinHeapDeltaBytes                        = 1048576                                   {product} {ergonomic}
    uintx NonNMethodCodeHeapSize                   = 5835340                                {pd product} {ergonomic}
    uintx NonProfiledCodeHeapSize                  = 122911450                              {pd product} {ergonomic}
    uintx ProfiledCodeHeapSize                     = 122911450                              {pd product} {ergonomic}
    uintx ReservedCodeCacheSize                    = 251658240                              {pd product} {ergonomic}
     bool SegmentedCodeCache                       = true                                      {product} {ergonomic}
     bool UseCompressedClassPointers               = true                                 {lp64_product} {ergonomic}
     bool UseCompressedOops                        = true                                 {lp64_product} {ergonomic}
     bool UseG1GC                                  = true                                      {product} {ergonomic}

Logging:
Log output configuration:
 #0: stdout all=warning uptime,level,tags
 #1: stderr all=off uptime,level,tags

Environment Variables:
PATH=/usr/local/sbin:/usr/local/bin:/usr/sbin:/usr/bin:/sbin:/bin:/usr/games:/usr/local/games:/snap/bin
USERNAME=pedro
SHELL=/bin/bash
DISPLAY=:0

Signal Handlers:
SIGSEGV: [libjvm.so+0xe2adf0], sa_mask[0]=11111111011111111101111111111110, sa_flags=SA_ONSTACK|SA_RESTART|SA_SIGINFO
SIGBUS: [libjvm.so+0xe2adf0], sa_mask[0]=11111111011111111101111111111110, sa_flags=SA_ONSTACK|SA_RESTART|SA_SIGINFO
SIGFPE: [libjvm.so+0xe2adf0], sa_mask[0]=11111111011111111101111111111110, sa_flags=SA_ONSTACK|SA_RESTART|SA_SIGINFO
SIGPIPE: [erasure.so+0xb5550], sa_mask[0]=11111111011111111101111111111111, sa_flags=SA_ONSTACK|SA_RESTART|SA_SIGINFO
SIGXFSZ: [libjvm.so+0xbff5b0], sa_mask[0]=11111111011111111101111111111110, sa_flags=SA_ONSTACK|SA_RESTART|SA_SIGINFO, flags was changed from 0x10000004, consider using jsig library
SIGILL: [libjvm.so+0xe2adf0], sa_mask[0]=11111111011111111101111111111110, sa_flags=SA_ONSTACK|SA_RESTART|SA_SIGINFO, flags was changed from 0x10000004, consider using jsig library
SIGUSR2: [libjvm.so+0xbff450], sa_mask[0]=00100000000000000000000000000000, sa_flags=SA_ONSTACK|SA_RESTART|SA_SIGINFO, flags was changed from 0x10000004, consider using jsig library
SIGHUP: [libjvm.so+0xbff7b0], sa_mask[0]=11111111011111111101111111111110, sa_flags=SA_ONSTACK|SA_RESTART|SA_SIGINFO
SIGINT: [libjvm.so+0xbff7b0], sa_mask[0]=11111111011111111101111111111110, sa_flags=SA_ONSTACK|SA_RESTART|SA_SIGINFO
SIGTERM: [libjvm.so+0xbff7b0], sa_mask[0]=11111111011111111101111111111110, sa_flags=SA_ONSTACK|SA_RESTART|SA_SIGINFO
SIGQUIT: [libjvm.so+0xbff7b0], sa_mask[0]=11111111011111111101111111111110, sa_flags=SA_ONSTACK|SA_RESTART|SA_SIGINFO


---------------  S Y S T E M  ---------------

OS:DISTRIB_ID=Ubuntu
DISTRIB_RELEASE=18.04
DISTRIB_CODENAME=bionic
DISTRIB_DESCRIPTION="Ubuntu 18.04.1 LTS"
uname:Linux 4.15.0-45-generic #48-Ubuntu SMP Tue Jan 29 16:28:13 UTC 2019 x86_64
libc:glibc 2.27 NPTL 2.27 
rlimit: STACK 8192k, CORE 0k, NPROC 62298, NOFILE 1048576, AS infinity, DATA infinity, FSIZE infinity
load average:0.07 0.60 0.62

/proc/meminfo:
MemTotal:       16057928 kB
MemFree:        11008864 kB
MemAvailable:   12722376 kB
Buffers:          318756 kB
Cached:          1961060 kB
SwapCached:            0 kB
Active:          3457852 kB
Inactive:        1178224 kB
Active(anon):    2358060 kB
Inactive(anon):   381940 kB
Active(file):    1099792 kB
Inactive(file):   796284 kB
Unevictable:          52 kB
Mlocked:              52 kB
SwapTotal:       2097148 kB
SwapFree:        2097148 kB
Dirty:               144 kB
Writeback:             0 kB
AnonPages:       2356644 kB
Mapped:           485732 kB
Shmem:            383744 kB
Slab:             222764 kB
SReclaimable:     150100 kB
SUnreclaim:        72664 kB
KernelStack:       16436 kB
PageTables:        49812 kB
NFS_Unstable:          0 kB
Bounce:                0 kB
WritebackTmp:          0 kB
CommitLimit:    10126112 kB
Committed_AS:    8185000 kB
VmallocTotal:   34359738367 kB
VmallocUsed:           0 kB
VmallocChunk:          0 kB
HardwareCorrupted:     0 kB
AnonHugePages:         0 kB
ShmemHugePages:        0 kB
ShmemPmdMapped:        0 kB
CmaTotal:              0 kB
CmaFree:               0 kB
HugePages_Total:       0
HugePages_Free:        0
HugePages_Rsvd:        0
HugePages_Surp:        0
Hugepagesize:       2048 kB
DirectMap4k:      200984 kB
DirectMap2M:     6770688 kB
DirectMap1G:     9437184 kB


/proc/sys/kernel/threads-max (system-wide limit on the number of threads):
124597


/proc/sys/vm/max_map_count (maximum number of memory map areas a process may have):
65530


/proc/sys/kernel/pid_max (system-wide limit on number of process identifiers):
32768



container (cgroup) information:
container_type: cgroupv1
cpu_cpuset_cpus: 0-11
cpu_memory_nodes: 0
active_processor_count: 12
cpu_quota: -1
cpu_period: 100000
cpu_shares: -1
memory_limit_in_bytes: -1
memory_and_swap_limit_in_bytes: -2
memory_soft_limit_in_bytes: -1
memory_usage_in_bytes: 4748693504
memory_max_usage_in_bytes: 0


CPU:total 12 (initial active 12) (6 cores per cpu, 2 threads per core) family 6 model 158 stepping 10, cmov, cx8, fxsr, mmx, sse, sse2, sse3, ssse3, sse4.1, sse4.2, popcnt, avx, avx2, aes, clmul, erms, 3dnowpref, lzcnt, ht, tsc, tscinvbit, bmi1, bmi2, adx, fma
CPU Model and flags from /proc/cpuinfo:
model name	: Intel(R) Core(TM) i7-8750H CPU @ 2.20GHz
flags		: fpu vme de pse tsc msr pae mce cx8 apic sep mtrr pge mca cmov pat pse36 clflush dts acpi mmx fxsr sse sse2 ss ht tm pbe syscall nx pdpe1gb rdtscp lm constant_tsc art arch_perfmon pebs bts rep_good nopl xtopology nonstop_tsc cpuid aperfmperf tsc_known_freq pni pclmulqdq dtes64 monitor ds_cpl vmx est tm2 ssse3 sdbg fma cx16 xtpr pdcm pcid sse4_1 sse4_2 x2apic movbe popcnt tsc_deadline_timer aes xsave avx f16c rdrand lahf_lm abm 3dnowprefetch cpuid_fault epb invpcid_single pti ssbd ibrs ibpb stibp tpr_shadow vnmi flexpriority ept vpid fsgsbase tsc_adjust bmi1 avx2 smep bmi2 erms invpcid mpx rdseed adx smap clflushopt intel_pt xsaveopt xsavec xgetbv1 xsaves dtherm ida arat pln pts hwp hwp_notify hwp_act_window hwp_epp flush_l1d

Memory: 4k page, physical 16057928k(11008864k free), swap 2097148k(2097148k free)

vm_info: Java HotSpot(TM) 64-Bit Server VM (11.0.2+9-LTS) for linux-amd64 JRE (11.0.2+9-LTS), built on Jan 17 2019 21:22:50 by "mach5one" with gcc 7.3.0

END.
