#
# A fatal error has been detected by the Java Runtime Environment:
#
#  SIGSEGV (0xb) at pc=0x00007fb654454ce0, pid=27074, tid=27076
#
# JRE version: Java(TM) SE Runtime Environment (11.0.2+9) (build 11.0.2+9-LTS)
# Java VM: Java HotSpot(TM) 64-Bit Server VM (11.0.2+9-LTS, mixed mode, tiered, compressed oops, g1 gc, linux-amd64)
# Problematic frame:
# V  [libjvm.so+0xd20ce0]  StringTable::do_intern(Handle, unsigned short*, int, unsigned long, Thread*)+0x120
#
# Core dump will be written. Default location: Core dumps may be processed with "/usr/share/apport/apport %p %s %c %d %P" (or dumping to /home/pedro/Documents/juan_work/callingErasure/core.27074)
#
# If you would like to submit a bug report, please visit:
#   http://bugreport.java.com/bugreport/crash.jsp
#

---------------  S U M M A R Y ------------

Command Line: -javaagent:/snap/intellij-idea-community/126/lib/idea_rt.jar=39505:/snap/intellij-idea-community/126/bin -Dfile.encoding=UTF-8 Client

Host: Intel(R) Core(TM) i7-8750H CPU @ 2.20GHz, 12 cores, 15G, Ubuntu 18.04.1 LTS
Time: Tue Mar 12 14:23:36 2019 EDT elapsed time: 0 seconds (0d 0h 0m 0s)

---------------  T H R E A D  ---------------

Current thread (0x00007fb64c013000):  JavaThread "main" [_thread_in_vm, id=27076, stack(0x00007fb65590c000,0x00007fb655a0d000)]

Stack: [0x00007fb65590c000,0x00007fb655a0d000],  sp=0x00007fb655a0b310,  free space=1020k
Native frames: (J=compiled Java code, A=aot compiled Java code, j=interpreted, Vv=VM code, C=native code)
V  [libjvm.so+0xd20ce0]  StringTable::do_intern(Handle, unsigned short*, int, unsigned long, Thread*)+0x120
V  [libjvm.so+0xd21351]  StringTable::intern(Symbol*, Thread*)+0x51
V  [libjvm.so+0x68b6cb]  ConstantPool::string_at_impl(constantPoolHandle const&, int, int, Thread*)+0xab
V  [libjvm.so+0x691980]  ConstantPool::resolve_constant_at_impl(constantPoolHandle const&, int, int, bool*, Thread*)+0xb00
V  [libjvm.so+0x48838c]  Bytecode_loadconstant::resolve_constant(Thread*) const+0x11c
V  [libjvm.so+0x8768e1]  InterpreterRuntime::resolve_ldc(JavaThread*, Bytecodes::Code)+0x1c1
j  com.sun.jna.Pointer.getStringArray(JILjava/lang/String;)[Ljava/lang/String;+49
j  com.sun.jna.Pointer.getStringArray(JI)[Ljava/lang/String;+6
j  Client.main([Ljava/lang/String;)V+97
v  ~StubRoutines::call_stub
V  [libjvm.so+0x886899]  JavaCalls::call_helper(JavaValue*, methodHandle const&, JavaCallArguments*, Thread*)+0x3b9
V  [libjvm.so+0x90126a]  jni_invoke_static(JNIEnv_*, JavaValue*, _jobject*, JNICallType, _jmethodID*, JNI_ArgumentPusher*, Thread*) [clone .isra.65] [clone .constprop.193]+0x1ba
V  [libjvm.so+0x9038d4]  jni_CallStaticVoidMethod+0x164
C  [libjli.so+0x582d]  JavaMain+0xe4d

Java frames: (J=compiled Java code, j=interpreted, Vv=VM code)
j  com.sun.jna.Pointer.getStringArray(JILjava/lang/String;)[Ljava/lang/String;+49
j  com.sun.jna.Pointer.getStringArray(JI)[Ljava/lang/String;+6
j  Client.main([Ljava/lang/String;)V+97
v  ~StubRoutines::call_stub

siginfo: si_signo: 11 (SIGSEGV), si_code: 1 (SEGV_MAPERR), si_addr: 0x000000000000001c

Register to memory mapping:

RAX=0x0000000000000004 is an unknown value
RBX=0x00007fb64c013c90 points into unknown readable memory: 2d 00 2d 00 57 00 49 00
RCX=0x00007fb64c013100 points into unknown readable memory: 01 00 00 00 00 00 00 00
RDX=0x000000000000000f is an unknown value
RSP=0x00007fb655a0b310 is pointing into the stack for thread: 0x00007fb64c013000
RBP=0x00007fb655a0b400 is pointing into the stack for thread: 0x00007fb64c013000
RSI=0x00007fb64c214480 points into unknown readable memory: c0 00 07 20 c4 00 00 00
RDI=0x00007fb64c019af0 points into unknown readable memory: a0 6c b2 54 b6 7f 00 00
R8 =0x0000000000000001 is an unknown value
R9 =0x00007fb64c013000 is a thread
R10=0x00007fb654b26ca0: <offset 0x00000000013f2ca0> in /usr/lib/jvm/jdk-11.0.2/lib/server/libjvm.so at 0x00007fb653734000
R11=0x0000000800000820 is a pointer to class: 
R12=0x00007fb64c013000 is a thread
R13=0x000000000000000f is an unknown value
R14=0x0 is NULL
R15=0x00007fb64c013c40 points into unknown readable memory: 02 00 00 00 b6 7f 00 00


Registers:
RAX=0x0000000000000004, RBX=0x00007fb64c013c90, RCX=0x00007fb64c013100, RDX=0x000000000000000f
RSP=0x00007fb655a0b310, RBP=0x00007fb655a0b400, RSI=0x00007fb64c214480, RDI=0x00007fb64c019af0
R8 =0x0000000000000001, R9 =0x00007fb64c013000, R10=0x00007fb654b26ca0, R11=0x0000000800000820
R12=0x00007fb64c013000, R13=0x000000000000000f, R14=0x0000000000000000, R15=0x00007fb64c013c40
RIP=0x00007fb654454ce0, EFLAGS=0x0000000000010246, CSGSFS=0x002b000000000033, ERR=0x0000000000000004
  TRAPNO=0x000000000000000e

Top of Stack: (sp=0x00007fb655a0b310)
0x00007fb655a0b310:   00007fb655a0b390 00007fb64c214270
0x00007fb655a0b320:   00007fb64c0140c0 00007fb64c2144c8
0x00007fb655a0b330:   0000000000000000 00000000cdf3918b
0x00007fb655a0b340:   00007fb64c013100 0000000000000000 

Instructions: (pc=0x00007fb654454ce0)
0x00007fb654454cc0:   48 8b 40 48 48 85 c0 74 0c 31 c0 48 8b 8d 28 ff
0x00007fb654454cd0:   ff ff 48 87 01 48 8b b5 50 ff ff ff 48 8b 46 08
0x00007fb654454ce0:   48 8b 50 18 48 8b 8d 38 ff ff ff 48 8b 00 48 21
0x00007fb654454cf0:   ca 4c 8d 2c d0 49 8b 45 00 a8 02 74 0f 48 8b 46 

Stack slot to memory mapping:
stack at sp + 0 slots: 0x00007fb655a0b390 is pointing into the stack for thread: 0x00007fb64c013000
stack at sp + 1 slots: 0x00007fb64c214270 points into unknown readable memory: 80 44 21 4c b6 7f 00 00
stack at sp + 2 slots: 0x00007fb64c0140c0 points into unknown readable memory: 00 a7 e8 19 07 00 00 00
stack at sp + 3 slots: 0x00007fb64c2144c8 points into unknown readable memory: 00 00 00 00 00 00 00 00
stack at sp + 4 slots: 0x0 is NULL
stack at sp + 5 slots: 0x00000000cdf3918b is an unknown value
stack at sp + 6 slots: 0x00007fb64c013100 points into unknown readable memory: 01 00 00 00 00 00 00 00
stack at sp + 7 slots: 0x0 is NULL


---------------  P R O C E S S  ---------------

Threads class SMR info:
_java_thread_list=0x00007fb64c4ae980, length=12, elements={
0x00007fb64c013000, 0x00007fb64c272000, 0x00007fb64c276000, 0x00007fb64c288800,
0x00007fb64c28a800, 0x00007fb64c28c800, 0x00007fb64c28e800, 0x00007fb64c309800,
0x00007fb5f80a6800, 0x00007fb64c3ed000, 0x00007fb64c3ed800, 0x00007fb64c4ad000
}

Java Threads: ( => current thread )
=>0x00007fb64c013000 JavaThread "main" [_thread_in_vm, id=27076, stack(0x00007fb65590c000,0x00007fb655a0d000)]
  0x00007fb64c272000 JavaThread "Reference Handler" daemon [_thread_blocked, id=27091, stack(0x00007fb6211f7000,0x00007fb6212f8000)]
  0x00007fb64c276000 JavaThread "Finalizer" daemon [_thread_blocked, id=27092, stack(0x00007fb6210f6000,0x00007fb6211f7000)]
  0x00007fb64c288800 JavaThread "Signal Dispatcher" daemon [_thread_blocked, id=27097, stack(0x00007fb620626000,0x00007fb620727000)]
  0x00007fb64c28a800 JavaThread "C2 CompilerThread0" daemon [_thread_blocked, id=27098, stack(0x00007fb620525000,0x00007fb620626000)]
  0x00007fb64c28c800 JavaThread "C1 CompilerThread0" daemon [_thread_blocked, id=27099, stack(0x00007fb620424000,0x00007fb620525000)]
  0x00007fb64c28e800 JavaThread "Sweeper thread" daemon [_thread_blocked, id=27100, stack(0x00007fb620323000,0x00007fb620424000)]
  0x00007fb64c309800 JavaThread "Common-Cleaner" daemon [_thread_blocked, id=27104, stack(0x00007fb620222000,0x00007fb620323000)]
  0x00007fb5f80a6800 JavaThread "C2 CompilerThread1" daemon [_thread_blocked, id=27105, stack(0x00007fb620121000,0x00007fb620222000)]
  0x00007fb64c3ed000 JavaThread "Monitor Ctrl-Break" daemon [_thread_in_native, id=27107, stack(0x00007fb620020000,0x00007fb620121000)]
  0x00007fb64c3ed800 JavaThread "Service Thread" daemon [_thread_blocked, id=27108, stack(0x00007fb5efad6000,0x00007fb5efbd7000)]
  0x00007fb64c4ad000 JavaThread "process reaper" daemon [_thread_blocked, id=27111, stack(0x00007fb65008c000,0x00007fb6500ae000)]

Other Threads:
  0x00007fb64c269800 VMThread "VM Thread" [stack: 0x00007fb6212fa000,0x00007fb6213fa000] [id=27089]
  0x00007fb64c3ef800 WatcherThread [stack: 0x00007fb5ef9d6000,0x00007fb5efad6000] [id=27109]
  0x00007fb64c03b800 GCTaskThread "GC Thread#0" [stack: 0x00007fb651c0b000,0x00007fb651d0b000] [id=27080]
  0x00007fb64c098000 ConcurrentGCThread "G1 Main Marker" [stack: 0x00007fb6500b0000,0x00007fb6501b0000] [id=27081]
  0x00007fb64c09a000 ConcurrentGCThread "G1 Conc#0" [stack: 0x00007fb634399000,0x00007fb634499000] [id=27082]
  0x00007fb64c19e800 ConcurrentGCThread "G1 Refine#0" [stack: 0x00007fb621cfe000,0x00007fb621dfe000] [id=27085]
  0x00007fb64c1a0000 ConcurrentGCThread "G1 Young RemSet Sampling" [stack: 0x00007fb621bfc000,0x00007fb621cfc000] [id=27086]

Threads with active compile tasks:

VM state:not at safepoint (normal execution)

VM Mutex/Monitor currently owned by a thread: None

Heap address: 0x000000070ae00000, size: 3922 MB, Compressed Oops mode: Zero based, Oop shift amount: 3
Narrow klass base: 0x0000000800000000, Narrow klass shift: 0
Compressed class space size: 1073741824 Address: 0x0000000800000000

Heap:
 garbage-first heap   total 251904K, used 5120K [0x000000070ae00000, 0x0000000800000000)
  region size 1024K, 6 young (6144K), 0 survivors (0K)
 Metaspace       used 9258K, capacity 9446K, committed 9728K, reserved 1058816K
  class space    used 883K, capacity 958K, committed 1024K, reserved 1048576K
Heap Regions: E=young(eden), S=young(survivor), O=old, HS=humongous(starts), HC=humongous(continues), CS=collection set, F=free, A=archive, TAMS=top-at-mark-start (previous, next)
|   0|0x000000070ae00000, 0x000000070ae00000, 0x000000070af00000|  0%| F|  |TAMS 0x000000070ae00000, 0x000000070ae00000| Untracked 
|   1|0x000000070af00000, 0x000000070af00000, 0x000000070b000000|  0%| F|  |TAMS 0x000000070af00000, 0x000000070af00000| Untracked 
|   2|0x000000070b000000, 0x000000070b000000, 0x000000070b100000|  0%| F|  |TAMS 0x000000070b000000, 0x000000070b000000| Untracked 
|   3|0x000000070b100000, 0x000000070b100000, 0x000000070b200000|  0%| F|  |TAMS 0x000000070b100000, 0x000000070b100000| Untracked 
|   4|0x000000070b200000, 0x000000070b200000, 0x000000070b300000|  0%| F|  |TAMS 0x000000070b200000, 0x000000070b200000| Untracked 
|   5|0x000000070b300000, 0x000000070b300000, 0x000000070b400000|  0%| F|  |TAMS 0x000000070b300000, 0x000000070b300000| Untracked 
|   6|0x000000070b400000, 0x000000070b400000, 0x000000070b500000|  0%| F|  |TAMS 0x000000070b400000, 0x000000070b400000| Untracked 
|   7|0x000000070b500000, 0x000000070b500000, 0x000000070b600000|  0%| F|  |TAMS 0x000000070b500000, 0x000000070b500000| Untracked 
|   8|0x000000070b600000, 0x000000070b600000, 0x000000070b700000|  0%| F|  |TAMS 0x000000070b600000, 0x000000070b600000| Untracked 
|   9|0x000000070b700000, 0x000000070b700000, 0x000000070b800000|  0%| F|  |TAMS 0x000000070b700000, 0x000000070b700000| Untracked 
|  10|0x000000070b800000, 0x000000070b800000, 0x000000070b900000|  0%| F|  |TAMS 0x000000070b800000, 0x000000070b800000| Untracked 
|  11|0x000000070b900000, 0x000000070b900000, 0x000000070ba00000|  0%| F|  |TAMS 0x000000070b900000, 0x000000070b900000| Untracked 
|  12|0x000000070ba00000, 0x000000070ba00000, 0x000000070bb00000|  0%| F|  |TAMS 0x000000070ba00000, 0x000000070ba00000| Untracked 
|  13|0x000000070bb00000, 0x000000070bb00000, 0x000000070bc00000|  0%| F|  |TAMS 0x000000070bb00000, 0x000000070bb00000| Untracked 
|  14|0x000000070bc00000, 0x000000070bc00000, 0x000000070bd00000|  0%| F|  |TAMS 0x000000070bc00000, 0x000000070bc00000| Untracked 
|  15|0x000000070bd00000, 0x000000070bd00000, 0x000000070be00000|  0%| F|  |TAMS 0x000000070bd00000, 0x000000070bd00000| Untracked 
|  16|0x000000070be00000, 0x000000070be00000, 0x000000070bf00000|  0%| F|  |TAMS 0x000000070be00000, 0x000000070be00000| Untracked 
|  17|0x000000070bf00000, 0x000000070bf00000, 0x000000070c000000|  0%| F|  |TAMS 0x000000070bf00000, 0x000000070bf00000| Untracked 
|  18|0x000000070c000000, 0x000000070c000000, 0x000000070c100000|  0%| F|  |TAMS 0x000000070c000000, 0x000000070c000000| Untracked 
|  19|0x000000070c100000, 0x000000070c100000, 0x000000070c200000|  0%| F|  |TAMS 0x000000070c100000, 0x000000070c100000| Untracked 
|  20|0x000000070c200000, 0x000000070c200000, 0x000000070c300000|  0%| F|  |TAMS 0x000000070c200000, 0x000000070c200000| Untracked 
|  21|0x000000070c300000, 0x000000070c300000, 0x000000070c400000|  0%| F|  |TAMS 0x000000070c300000, 0x000000070c300000| Untracked 
|  22|0x000000070c400000, 0x000000070c400000, 0x000000070c500000|  0%| F|  |TAMS 0x000000070c400000, 0x000000070c400000| Untracked 
|  23|0x000000070c500000, 0x000000070c500000, 0x000000070c600000|  0%| F|  |TAMS 0x000000070c500000, 0x000000070c500000| Untracked 
|  24|0x000000070c600000, 0x000000070c600000, 0x000000070c700000|  0%| F|  |TAMS 0x000000070c600000, 0x000000070c600000| Untracked 
|  25|0x000000070c700000, 0x000000070c700000, 0x000000070c800000|  0%| F|  |TAMS 0x000000070c700000, 0x000000070c700000| Untracked 
|  26|0x000000070c800000, 0x000000070c800000, 0x000000070c900000|  0%| F|  |TAMS 0x000000070c800000, 0x000000070c800000| Untracked 
|  27|0x000000070c900000, 0x000000070c900000, 0x000000070ca00000|  0%| F|  |TAMS 0x000000070c900000, 0x000000070c900000| Untracked 
|  28|0x000000070ca00000, 0x000000070ca00000, 0x000000070cb00000|  0%| F|  |TAMS 0x000000070ca00000, 0x000000070ca00000| Untracked 
|  29|0x000000070cb00000, 0x000000070cb00000, 0x000000070cc00000|  0%| F|  |TAMS 0x000000070cb00000, 0x000000070cb00000| Untracked 
|  30|0x000000070cc00000, 0x000000070cc00000, 0x000000070cd00000|  0%| F|  |TAMS 0x000000070cc00000, 0x000000070cc00000| Untracked 
|  31|0x000000070cd00000, 0x000000070cd00000, 0x000000070ce00000|  0%| F|  |TAMS 0x000000070cd00000, 0x000000070cd00000| Untracked 
|  32|0x000000070ce00000, 0x000000070ce00000, 0x000000070cf00000|  0%| F|  |TAMS 0x000000070ce00000, 0x000000070ce00000| Untracked 
|  33|0x000000070cf00000, 0x000000070cf00000, 0x000000070d000000|  0%| F|  |TAMS 0x000000070cf00000, 0x000000070cf00000| Untracked 
|  34|0x000000070d000000, 0x000000070d000000, 0x000000070d100000|  0%| F|  |TAMS 0x000000070d000000, 0x000000070d000000| Untracked 
|  35|0x000000070d100000, 0x000000070d100000, 0x000000070d200000|  0%| F|  |TAMS 0x000000070d100000, 0x000000070d100000| Untracked 
|  36|0x000000070d200000, 0x000000070d200000, 0x000000070d300000|  0%| F|  |TAMS 0x000000070d200000, 0x000000070d200000| Untracked 
|  37|0x000000070d300000, 0x000000070d300000, 0x000000070d400000|  0%| F|  |TAMS 0x000000070d300000, 0x000000070d300000| Untracked 
|  38|0x000000070d400000, 0x000000070d400000, 0x000000070d500000|  0%| F|  |TAMS 0x000000070d400000, 0x000000070d400000| Untracked 
|  39|0x000000070d500000, 0x000000070d500000, 0x000000070d600000|  0%| F|  |TAMS 0x000000070d500000, 0x000000070d500000| Untracked 
|  40|0x000000070d600000, 0x000000070d600000, 0x000000070d700000|  0%| F|  |TAMS 0x000000070d600000, 0x000000070d600000| Untracked 
|  41|0x000000070d700000, 0x000000070d700000, 0x000000070d800000|  0%| F|  |TAMS 0x000000070d700000, 0x000000070d700000| Untracked 
|  42|0x000000070d800000, 0x000000070d800000, 0x000000070d900000|  0%| F|  |TAMS 0x000000070d800000, 0x000000070d800000| Untracked 
|  43|0x000000070d900000, 0x000000070d900000, 0x000000070da00000|  0%| F|  |TAMS 0x000000070d900000, 0x000000070d900000| Untracked 
|  44|0x000000070da00000, 0x000000070da00000, 0x000000070db00000|  0%| F|  |TAMS 0x000000070da00000, 0x000000070da00000| Untracked 
|  45|0x000000070db00000, 0x000000070db00000, 0x000000070dc00000|  0%| F|  |TAMS 0x000000070db00000, 0x000000070db00000| Untracked 
|  46|0x000000070dc00000, 0x000000070dc00000, 0x000000070dd00000|  0%| F|  |TAMS 0x000000070dc00000, 0x000000070dc00000| Untracked 
|  47|0x000000070dd00000, 0x000000070dd00000, 0x000000070de00000|  0%| F|  |TAMS 0x000000070dd00000, 0x000000070dd00000| Untracked 
|  48|0x000000070de00000, 0x000000070de00000, 0x000000070df00000|  0%| F|  |TAMS 0x000000070de00000, 0x000000070de00000| Untracked 
|  49|0x000000070df00000, 0x000000070df00000, 0x000000070e000000|  0%| F|  |TAMS 0x000000070df00000, 0x000000070df00000| Untracked 
|  50|0x000000070e000000, 0x000000070e000000, 0x000000070e100000|  0%| F|  |TAMS 0x000000070e000000, 0x000000070e000000| Untracked 
|  51|0x000000070e100000, 0x000000070e100000, 0x000000070e200000|  0%| F|  |TAMS 0x000000070e100000, 0x000000070e100000| Untracked 
|  52|0x000000070e200000, 0x000000070e200000, 0x000000070e300000|  0%| F|  |TAMS 0x000000070e200000, 0x000000070e200000| Untracked 
|  53|0x000000070e300000, 0x000000070e300000, 0x000000070e400000|  0%| F|  |TAMS 0x000000070e300000, 0x000000070e300000| Untracked 
|  54|0x000000070e400000, 0x000000070e400000, 0x000000070e500000|  0%| F|  |TAMS 0x000000070e400000, 0x000000070e400000| Untracked 
|  55|0x000000070e500000, 0x000000070e500000, 0x000000070e600000|  0%| F|  |TAMS 0x000000070e500000, 0x000000070e500000| Untracked 
|  56|0x000000070e600000, 0x000000070e600000, 0x000000070e700000|  0%| F|  |TAMS 0x000000070e600000, 0x000000070e600000| Untracked 
|  57|0x000000070e700000, 0x000000070e700000, 0x000000070e800000|  0%| F|  |TAMS 0x000000070e700000, 0x000000070e700000| Untracked 
|  58|0x000000070e800000, 0x000000070e800000, 0x000000070e900000|  0%| F|  |TAMS 0x000000070e800000, 0x000000070e800000| Untracked 
|  59|0x000000070e900000, 0x000000070e900000, 0x000000070ea00000|  0%| F|  |TAMS 0x000000070e900000, 0x000000070e900000| Untracked 
|  60|0x000000070ea00000, 0x000000070ea00000, 0x000000070eb00000|  0%| F|  |TAMS 0x000000070ea00000, 0x000000070ea00000| Untracked 
|  61|0x000000070eb00000, 0x000000070eb00000, 0x000000070ec00000|  0%| F|  |TAMS 0x000000070eb00000, 0x000000070eb00000| Untracked 
|  62|0x000000070ec00000, 0x000000070ec00000, 0x000000070ed00000|  0%| F|  |TAMS 0x000000070ec00000, 0x000000070ec00000| Untracked 
|  63|0x000000070ed00000, 0x000000070ed00000, 0x000000070ee00000|  0%| F|  |TAMS 0x000000070ed00000, 0x000000070ed00000| Untracked 
|  64|0x000000070ee00000, 0x000000070ee00000, 0x000000070ef00000|  0%| F|  |TAMS 0x000000070ee00000, 0x000000070ee00000| Untracked 
|  65|0x000000070ef00000, 0x000000070ef00000, 0x000000070f000000|  0%| F|  |TAMS 0x000000070ef00000, 0x000000070ef00000| Untracked 
|  66|0x000000070f000000, 0x000000070f000000, 0x000000070f100000|  0%| F|  |TAMS 0x000000070f000000, 0x000000070f000000| Untracked 
|  67|0x000000070f100000, 0x000000070f100000, 0x000000070f200000|  0%| F|  |TAMS 0x000000070f100000, 0x000000070f100000| Untracked 
|  68|0x000000070f200000, 0x000000070f200000, 0x000000070f300000|  0%| F|  |TAMS 0x000000070f200000, 0x000000070f200000| Untracked 
|  69|0x000000070f300000, 0x000000070f300000, 0x000000070f400000|  0%| F|  |TAMS 0x000000070f300000, 0x000000070f300000| Untracked 
|  70|0x000000070f400000, 0x000000070f400000, 0x000000070f500000|  0%| F|  |TAMS 0x000000070f400000, 0x000000070f400000| Untracked 
|  71|0x000000070f500000, 0x000000070f500000, 0x000000070f600000|  0%| F|  |TAMS 0x000000070f500000, 0x000000070f500000| Untracked 
|  72|0x000000070f600000, 0x000000070f600000, 0x000000070f700000|  0%| F|  |TAMS 0x000000070f600000, 0x000000070f600000| Untracked 
|  73|0x000000070f700000, 0x000000070f700000, 0x000000070f800000|  0%| F|  |TAMS 0x000000070f700000, 0x000000070f700000| Untracked 
|  74|0x000000070f800000, 0x000000070f800000, 0x000000070f900000|  0%| F|  |TAMS 0x000000070f800000, 0x000000070f800000| Untracked 
|  75|0x000000070f900000, 0x000000070f900000, 0x000000070fa00000|  0%| F|  |TAMS 0x000000070f900000, 0x000000070f900000| Untracked 
|  76|0x000000070fa00000, 0x000000070fa00000, 0x000000070fb00000|  0%| F|  |TAMS 0x000000070fa00000, 0x000000070fa00000| Untracked 
|  77|0x000000070fb00000, 0x000000070fb00000, 0x000000070fc00000|  0%| F|  |TAMS 0x000000070fb00000, 0x000000070fb00000| Untracked 
|  78|0x000000070fc00000, 0x000000070fc00000, 0x000000070fd00000|  0%| F|  |TAMS 0x000000070fc00000, 0x000000070fc00000| Untracked 
|  79|0x000000070fd00000, 0x000000070fd00000, 0x000000070fe00000|  0%| F|  |TAMS 0x000000070fd00000, 0x000000070fd00000| Untracked 
|  80|0x000000070fe00000, 0x000000070fe00000, 0x000000070ff00000|  0%| F|  |TAMS 0x000000070fe00000, 0x000000070fe00000| Untracked 
|  81|0x000000070ff00000, 0x000000070ff00000, 0x0000000710000000|  0%| F|  |TAMS 0x000000070ff00000, 0x000000070ff00000| Untracked 
|  82|0x0000000710000000, 0x0000000710000000, 0x0000000710100000|  0%| F|  |TAMS 0x0000000710000000, 0x0000000710000000| Untracked 
|  83|0x0000000710100000, 0x0000000710100000, 0x0000000710200000|  0%| F|  |TAMS 0x0000000710100000, 0x0000000710100000| Untracked 
|  84|0x0000000710200000, 0x0000000710200000, 0x0000000710300000|  0%| F|  |TAMS 0x0000000710200000, 0x0000000710200000| Untracked 
|  85|0x0000000710300000, 0x0000000710300000, 0x0000000710400000|  0%| F|  |TAMS 0x0000000710300000, 0x0000000710300000| Untracked 
|  86|0x0000000710400000, 0x0000000710400000, 0x0000000710500000|  0%| F|  |TAMS 0x0000000710400000, 0x0000000710400000| Untracked 
|  87|0x0000000710500000, 0x0000000710500000, 0x0000000710600000|  0%| F|  |TAMS 0x0000000710500000, 0x0000000710500000| Untracked 
|  88|0x0000000710600000, 0x0000000710600000, 0x0000000710700000|  0%| F|  |TAMS 0x0000000710600000, 0x0000000710600000| Untracked 
|  89|0x0000000710700000, 0x0000000710700000, 0x0000000710800000|  0%| F|  |TAMS 0x0000000710700000, 0x0000000710700000| Untracked 
|  90|0x0000000710800000, 0x0000000710800000, 0x0000000710900000|  0%| F|  |TAMS 0x0000000710800000, 0x0000000710800000| Untracked 
|  91|0x0000000710900000, 0x0000000710900000, 0x0000000710a00000|  0%| F|  |TAMS 0x0000000710900000, 0x0000000710900000| Untracked 
|  92|0x0000000710a00000, 0x0000000710a00000, 0x0000000710b00000|  0%| F|  |TAMS 0x0000000710a00000, 0x0000000710a00000| Untracked 
|  93|0x0000000710b00000, 0x0000000710b00000, 0x0000000710c00000|  0%| F|  |TAMS 0x0000000710b00000, 0x0000000710b00000| Untracked 
|  94|0x0000000710c00000, 0x0000000710c00000, 0x0000000710d00000|  0%| F|  |TAMS 0x0000000710c00000, 0x0000000710c00000| Untracked 
|  95|0x0000000710d00000, 0x0000000710d00000, 0x0000000710e00000|  0%| F|  |TAMS 0x0000000710d00000, 0x0000000710d00000| Untracked 
|  96|0x0000000710e00000, 0x0000000710e00000, 0x0000000710f00000|  0%| F|  |TAMS 0x0000000710e00000, 0x0000000710e00000| Untracked 
|  97|0x0000000710f00000, 0x0000000710f00000, 0x0000000711000000|  0%| F|  |TAMS 0x0000000710f00000, 0x0000000710f00000| Untracked 
|  98|0x0000000711000000, 0x0000000711000000, 0x0000000711100000|  0%| F|  |TAMS 0x0000000711000000, 0x0000000711000000| Untracked 
|  99|0x0000000711100000, 0x0000000711100000, 0x0000000711200000|  0%| F|  |TAMS 0x0000000711100000, 0x0000000711100000| Untracked 
| 100|0x0000000711200000, 0x0000000711200000, 0x0000000711300000|  0%| F|  |TAMS 0x0000000711200000, 0x0000000711200000| Untracked 
| 101|0x0000000711300000, 0x0000000711300000, 0x0000000711400000|  0%| F|  |TAMS 0x0000000711300000, 0x0000000711300000| Untracked 
| 102|0x0000000711400000, 0x0000000711400000, 0x0000000711500000|  0%| F|  |TAMS 0x0000000711400000, 0x0000000711400000| Untracked 
| 103|0x0000000711500000, 0x0000000711500000, 0x0000000711600000|  0%| F|  |TAMS 0x0000000711500000, 0x0000000711500000| Untracked 
| 104|0x0000000711600000, 0x0000000711600000, 0x0000000711700000|  0%| F|  |TAMS 0x0000000711600000, 0x0000000711600000| Untracked 
| 105|0x0000000711700000, 0x0000000711700000, 0x0000000711800000|  0%| F|  |TAMS 0x0000000711700000, 0x0000000711700000| Untracked 
| 106|0x0000000711800000, 0x0000000711800000, 0x0000000711900000|  0%| F|  |TAMS 0x0000000711800000, 0x0000000711800000| Untracked 
| 107|0x0000000711900000, 0x0000000711900000, 0x0000000711a00000|  0%| F|  |TAMS 0x0000000711900000, 0x0000000711900000| Untracked 
| 108|0x0000000711a00000, 0x0000000711a00000, 0x0000000711b00000|  0%| F|  |TAMS 0x0000000711a00000, 0x0000000711a00000| Untracked 
| 109|0x0000000711b00000, 0x0000000711b00000, 0x0000000711c00000|  0%| F|  |TAMS 0x0000000711b00000, 0x0000000711b00000| Untracked 
| 110|0x0000000711c00000, 0x0000000711c00000, 0x0000000711d00000|  0%| F|  |TAMS 0x0000000711c00000, 0x0000000711c00000| Untracked 
| 111|0x0000000711d00000, 0x0000000711d00000, 0x0000000711e00000|  0%| F|  |TAMS 0x0000000711d00000, 0x0000000711d00000| Untracked 
| 112|0x0000000711e00000, 0x0000000711e00000, 0x0000000711f00000|  0%| F|  |TAMS 0x0000000711e00000, 0x0000000711e00000| Untracked 
| 113|0x0000000711f00000, 0x0000000711f00000, 0x0000000712000000|  0%| F|  |TAMS 0x0000000711f00000, 0x0000000711f00000| Untracked 
| 114|0x0000000712000000, 0x0000000712000000, 0x0000000712100000|  0%| F|  |TAMS 0x0000000712000000, 0x0000000712000000| Untracked 
| 115|0x0000000712100000, 0x0000000712100000, 0x0000000712200000|  0%| F|  |TAMS 0x0000000712100000, 0x0000000712100000| Untracked 
| 116|0x0000000712200000, 0x0000000712200000, 0x0000000712300000|  0%| F|  |TAMS 0x0000000712200000, 0x0000000712200000| Untracked 
| 117|0x0000000712300000, 0x0000000712300000, 0x0000000712400000|  0%| F|  |TAMS 0x0000000712300000, 0x0000000712300000| Untracked 
| 118|0x0000000712400000, 0x0000000712400000, 0x0000000712500000|  0%| F|  |TAMS 0x0000000712400000, 0x0000000712400000| Untracked 
| 119|0x0000000712500000, 0x0000000712500000, 0x0000000712600000|  0%| F|  |TAMS 0x0000000712500000, 0x0000000712500000| Untracked 
| 120|0x0000000712600000, 0x0000000712600000, 0x0000000712700000|  0%| F|  |TAMS 0x0000000712600000, 0x0000000712600000| Untracked 
| 121|0x0000000712700000, 0x0000000712700000, 0x0000000712800000|  0%| F|  |TAMS 0x0000000712700000, 0x0000000712700000| Untracked 
| 122|0x0000000712800000, 0x0000000712800000, 0x0000000712900000|  0%| F|  |TAMS 0x0000000712800000, 0x0000000712800000| Untracked 
| 123|0x0000000712900000, 0x0000000712900000, 0x0000000712a00000|  0%| F|  |TAMS 0x0000000712900000, 0x0000000712900000| Untracked 
| 124|0x0000000712a00000, 0x0000000712a00000, 0x0000000712b00000|  0%| F|  |TAMS 0x0000000712a00000, 0x0000000712a00000| Untracked 
| 125|0x0000000712b00000, 0x0000000712b00000, 0x0000000712c00000|  0%| F|  |TAMS 0x0000000712b00000, 0x0000000712b00000| Untracked 
| 126|0x0000000712c00000, 0x0000000712c00000, 0x0000000712d00000|  0%| F|  |TAMS 0x0000000712c00000, 0x0000000712c00000| Untracked 
| 127|0x0000000712d00000, 0x0000000712d00000, 0x0000000712e00000|  0%| F|  |TAMS 0x0000000712d00000, 0x0000000712d00000| Untracked 
| 128|0x0000000712e00000, 0x0000000712e00000, 0x0000000712f00000|  0%| F|  |TAMS 0x0000000712e00000, 0x0000000712e00000| Untracked 
| 129|0x0000000712f00000, 0x0000000712f00000, 0x0000000713000000|  0%| F|  |TAMS 0x0000000712f00000, 0x0000000712f00000| Untracked 
| 130|0x0000000713000000, 0x0000000713000000, 0x0000000713100000|  0%| F|  |TAMS 0x0000000713000000, 0x0000000713000000| Untracked 
| 131|0x0000000713100000, 0x0000000713100000, 0x0000000713200000|  0%| F|  |TAMS 0x0000000713100000, 0x0000000713100000| Untracked 
| 132|0x0000000713200000, 0x0000000713200000, 0x0000000713300000|  0%| F|  |TAMS 0x0000000713200000, 0x0000000713200000| Untracked 
| 133|0x0000000713300000, 0x0000000713300000, 0x0000000713400000|  0%| F|  |TAMS 0x0000000713300000, 0x0000000713300000| Untracked 
| 134|0x0000000713400000, 0x0000000713400000, 0x0000000713500000|  0%| F|  |TAMS 0x0000000713400000, 0x0000000713400000| Untracked 
| 135|0x0000000713500000, 0x0000000713500000, 0x0000000713600000|  0%| F|  |TAMS 0x0000000713500000, 0x0000000713500000| Untracked 
| 136|0x0000000713600000, 0x0000000713600000, 0x0000000713700000|  0%| F|  |TAMS 0x0000000713600000, 0x0000000713600000| Untracked 
| 137|0x0000000713700000, 0x0000000713700000, 0x0000000713800000|  0%| F|  |TAMS 0x0000000713700000, 0x0000000713700000| Untracked 
| 138|0x0000000713800000, 0x0000000713800000, 0x0000000713900000|  0%| F|  |TAMS 0x0000000713800000, 0x0000000713800000| Untracked 
| 139|0x0000000713900000, 0x0000000713900000, 0x0000000713a00000|  0%| F|  |TAMS 0x0000000713900000, 0x0000000713900000| Untracked 
| 140|0x0000000713a00000, 0x0000000713a00000, 0x0000000713b00000|  0%| F|  |TAMS 0x0000000713a00000, 0x0000000713a00000| Untracked 
| 141|0x0000000713b00000, 0x0000000713b00000, 0x0000000713c00000|  0%| F|  |TAMS 0x0000000713b00000, 0x0000000713b00000| Untracked 
| 142|0x0000000713c00000, 0x0000000713c00000, 0x0000000713d00000|  0%| F|  |TAMS 0x0000000713c00000, 0x0000000713c00000| Untracked 
| 143|0x0000000713d00000, 0x0000000713d00000, 0x0000000713e00000|  0%| F|  |TAMS 0x0000000713d00000, 0x0000000713d00000| Untracked 
| 144|0x0000000713e00000, 0x0000000713e00000, 0x0000000713f00000|  0%| F|  |TAMS 0x0000000713e00000, 0x0000000713e00000| Untracked 
| 145|0x0000000713f00000, 0x0000000713f00000, 0x0000000714000000|  0%| F|  |TAMS 0x0000000713f00000, 0x0000000713f00000| Untracked 
| 146|0x0000000714000000, 0x0000000714000000, 0x0000000714100000|  0%| F|  |TAMS 0x0000000714000000, 0x0000000714000000| Untracked 
| 147|0x0000000714100000, 0x0000000714100000, 0x0000000714200000|  0%| F|  |TAMS 0x0000000714100000, 0x0000000714100000| Untracked 
| 148|0x0000000714200000, 0x0000000714200000, 0x0000000714300000|  0%| F|  |TAMS 0x0000000714200000, 0x0000000714200000| Untracked 
| 149|0x0000000714300000, 0x0000000714300000, 0x0000000714400000|  0%| F|  |TAMS 0x0000000714300000, 0x0000000714300000| Untracked 
| 150|0x0000000714400000, 0x0000000714400000, 0x0000000714500000|  0%| F|  |TAMS 0x0000000714400000, 0x0000000714400000| Untracked 
| 151|0x0000000714500000, 0x0000000714500000, 0x0000000714600000|  0%| F|  |TAMS 0x0000000714500000, 0x0000000714500000| Untracked 
| 152|0x0000000714600000, 0x0000000714600000, 0x0000000714700000|  0%| F|  |TAMS 0x0000000714600000, 0x0000000714600000| Untracked 
| 153|0x0000000714700000, 0x0000000714700000, 0x0000000714800000|  0%| F|  |TAMS 0x0000000714700000, 0x0000000714700000| Untracked 
| 154|0x0000000714800000, 0x0000000714800000, 0x0000000714900000|  0%| F|  |TAMS 0x0000000714800000, 0x0000000714800000| Untracked 
| 155|0x0000000714900000, 0x0000000714900000, 0x0000000714a00000|  0%| F|  |TAMS 0x0000000714900000, 0x0000000714900000| Untracked 
| 156|0x0000000714a00000, 0x0000000714a00000, 0x0000000714b00000|  0%| F|  |TAMS 0x0000000714a00000, 0x0000000714a00000| Untracked 
| 157|0x0000000714b00000, 0x0000000714b00000, 0x0000000714c00000|  0%| F|  |TAMS 0x0000000714b00000, 0x0000000714b00000| Untracked 
| 158|0x0000000714c00000, 0x0000000714c00000, 0x0000000714d00000|  0%| F|  |TAMS 0x0000000714c00000, 0x0000000714c00000| Untracked 
| 159|0x0000000714d00000, 0x0000000714d00000, 0x0000000714e00000|  0%| F|  |TAMS 0x0000000714d00000, 0x0000000714d00000| Untracked 
| 160|0x0000000714e00000, 0x0000000714e00000, 0x0000000714f00000|  0%| F|  |TAMS 0x0000000714e00000, 0x0000000714e00000| Untracked 
| 161|0x0000000714f00000, 0x0000000714f00000, 0x0000000715000000|  0%| F|  |TAMS 0x0000000714f00000, 0x0000000714f00000| Untracked 
| 162|0x0000000715000000, 0x0000000715000000, 0x0000000715100000|  0%| F|  |TAMS 0x0000000715000000, 0x0000000715000000| Untracked 
| 163|0x0000000715100000, 0x0000000715100000, 0x0000000715200000|  0%| F|  |TAMS 0x0000000715100000, 0x0000000715100000| Untracked 
| 164|0x0000000715200000, 0x0000000715200000, 0x0000000715300000|  0%| F|  |TAMS 0x0000000715200000, 0x0000000715200000| Untracked 
| 165|0x0000000715300000, 0x0000000715300000, 0x0000000715400000|  0%| F|  |TAMS 0x0000000715300000, 0x0000000715300000| Untracked 
| 166|0x0000000715400000, 0x0000000715400000, 0x0000000715500000|  0%| F|  |TAMS 0x0000000715400000, 0x0000000715400000| Untracked 
| 167|0x0000000715500000, 0x0000000715500000, 0x0000000715600000|  0%| F|  |TAMS 0x0000000715500000, 0x0000000715500000| Untracked 
| 168|0x0000000715600000, 0x0000000715600000, 0x0000000715700000|  0%| F|  |TAMS 0x0000000715600000, 0x0000000715600000| Untracked 
| 169|0x0000000715700000, 0x0000000715700000, 0x0000000715800000|  0%| F|  |TAMS 0x0000000715700000, 0x0000000715700000| Untracked 
| 170|0x0000000715800000, 0x0000000715800000, 0x0000000715900000|  0%| F|  |TAMS 0x0000000715800000, 0x0000000715800000| Untracked 
| 171|0x0000000715900000, 0x0000000715900000, 0x0000000715a00000|  0%| F|  |TAMS 0x0000000715900000, 0x0000000715900000| Untracked 
| 172|0x0000000715a00000, 0x0000000715a00000, 0x0000000715b00000|  0%| F|  |TAMS 0x0000000715a00000, 0x0000000715a00000| Untracked 
| 173|0x0000000715b00000, 0x0000000715b00000, 0x0000000715c00000|  0%| F|  |TAMS 0x0000000715b00000, 0x0000000715b00000| Untracked 
| 174|0x0000000715c00000, 0x0000000715c00000, 0x0000000715d00000|  0%| F|  |TAMS 0x0000000715c00000, 0x0000000715c00000| Untracked 
| 175|0x0000000715d00000, 0x0000000715d00000, 0x0000000715e00000|  0%| F|  |TAMS 0x0000000715d00000, 0x0000000715d00000| Untracked 
| 176|0x0000000715e00000, 0x0000000715e00000, 0x0000000715f00000|  0%| F|  |TAMS 0x0000000715e00000, 0x0000000715e00000| Untracked 
| 177|0x0000000715f00000, 0x0000000715f00000, 0x0000000716000000|  0%| F|  |TAMS 0x0000000715f00000, 0x0000000715f00000| Untracked 
| 178|0x0000000716000000, 0x0000000716000000, 0x0000000716100000|  0%| F|  |TAMS 0x0000000716000000, 0x0000000716000000| Untracked 
| 179|0x0000000716100000, 0x0000000716100000, 0x0000000716200000|  0%| F|  |TAMS 0x0000000716100000, 0x0000000716100000| Untracked 
| 180|0x0000000716200000, 0x0000000716200000, 0x0000000716300000|  0%| F|  |TAMS 0x0000000716200000, 0x0000000716200000| Untracked 
| 181|0x0000000716300000, 0x0000000716300000, 0x0000000716400000|  0%| F|  |TAMS 0x0000000716300000, 0x0000000716300000| Untracked 
| 182|0x0000000716400000, 0x0000000716400000, 0x0000000716500000|  0%| F|  |TAMS 0x0000000716400000, 0x0000000716400000| Untracked 
| 183|0x0000000716500000, 0x0000000716500000, 0x0000000716600000|  0%| F|  |TAMS 0x0000000716500000, 0x0000000716500000| Untracked 
| 184|0x0000000716600000, 0x0000000716600000, 0x0000000716700000|  0%| F|  |TAMS 0x0000000716600000, 0x0000000716600000| Untracked 
| 185|0x0000000716700000, 0x0000000716700000, 0x0000000716800000|  0%| F|  |TAMS 0x0000000716700000, 0x0000000716700000| Untracked 
| 186|0x0000000716800000, 0x0000000716800000, 0x0000000716900000|  0%| F|  |TAMS 0x0000000716800000, 0x0000000716800000| Untracked 
| 187|0x0000000716900000, 0x0000000716900000, 0x0000000716a00000|  0%| F|  |TAMS 0x0000000716900000, 0x0000000716900000| Untracked 
| 188|0x0000000716a00000, 0x0000000716a00000, 0x0000000716b00000|  0%| F|  |TAMS 0x0000000716a00000, 0x0000000716a00000| Untracked 
| 189|0x0000000716b00000, 0x0000000716b00000, 0x0000000716c00000|  0%| F|  |TAMS 0x0000000716b00000, 0x0000000716b00000| Untracked 
| 190|0x0000000716c00000, 0x0000000716c00000, 0x0000000716d00000|  0%| F|  |TAMS 0x0000000716c00000, 0x0000000716c00000| Untracked 
| 191|0x0000000716d00000, 0x0000000716d00000, 0x0000000716e00000|  0%| F|  |TAMS 0x0000000716d00000, 0x0000000716d00000| Untracked 
| 192|0x0000000716e00000, 0x0000000716e00000, 0x0000000716f00000|  0%| F|  |TAMS 0x0000000716e00000, 0x0000000716e00000| Untracked 
| 193|0x0000000716f00000, 0x0000000716f00000, 0x0000000717000000|  0%| F|  |TAMS 0x0000000716f00000, 0x0000000716f00000| Untracked 
| 194|0x0000000717000000, 0x0000000717000000, 0x0000000717100000|  0%| F|  |TAMS 0x0000000717000000, 0x0000000717000000| Untracked 
| 195|0x0000000717100000, 0x0000000717100000, 0x0000000717200000|  0%| F|  |TAMS 0x0000000717100000, 0x0000000717100000| Untracked 
| 196|0x0000000717200000, 0x0000000717200000, 0x0000000717300000|  0%| F|  |TAMS 0x0000000717200000, 0x0000000717200000| Untracked 
| 197|0x0000000717300000, 0x0000000717300000, 0x0000000717400000|  0%| F|  |TAMS 0x0000000717300000, 0x0000000717300000| Untracked 
| 198|0x0000000717400000, 0x0000000717400000, 0x0000000717500000|  0%| F|  |TAMS 0x0000000717400000, 0x0000000717400000| Untracked 
| 199|0x0000000717500000, 0x0000000717500000, 0x0000000717600000|  0%| F|  |TAMS 0x0000000717500000, 0x0000000717500000| Untracked 
| 200|0x0000000717600000, 0x0000000717600000, 0x0000000717700000|  0%| F|  |TAMS 0x0000000717600000, 0x0000000717600000| Untracked 
| 201|0x0000000717700000, 0x0000000717700000, 0x0000000717800000|  0%| F|  |TAMS 0x0000000717700000, 0x0000000717700000| Untracked 
| 202|0x0000000717800000, 0x0000000717800000, 0x0000000717900000|  0%| F|  |TAMS 0x0000000717800000, 0x0000000717800000| Untracked 
| 203|0x0000000717900000, 0x0000000717900000, 0x0000000717a00000|  0%| F|  |TAMS 0x0000000717900000, 0x0000000717900000| Untracked 
| 204|0x0000000717a00000, 0x0000000717a00000, 0x0000000717b00000|  0%| F|  |TAMS 0x0000000717a00000, 0x0000000717a00000| Untracked 
| 205|0x0000000717b00000, 0x0000000717b00000, 0x0000000717c00000|  0%| F|  |TAMS 0x0000000717b00000, 0x0000000717b00000| Untracked 
| 206|0x0000000717c00000, 0x0000000717c00000, 0x0000000717d00000|  0%| F|  |TAMS 0x0000000717c00000, 0x0000000717c00000| Untracked 
| 207|0x0000000717d00000, 0x0000000717d00000, 0x0000000717e00000|  0%| F|  |TAMS 0x0000000717d00000, 0x0000000717d00000| Untracked 
| 208|0x0000000717e00000, 0x0000000717e00000, 0x0000000717f00000|  0%| F|  |TAMS 0x0000000717e00000, 0x0000000717e00000| Untracked 
| 209|0x0000000717f00000, 0x0000000717f00000, 0x0000000718000000|  0%| F|  |TAMS 0x0000000717f00000, 0x0000000717f00000| Untracked 
| 210|0x0000000718000000, 0x0000000718000000, 0x0000000718100000|  0%| F|  |TAMS 0x0000000718000000, 0x0000000718000000| Untracked 
| 211|0x0000000718100000, 0x0000000718100000, 0x0000000718200000|  0%| F|  |TAMS 0x0000000718100000, 0x0000000718100000| Untracked 
| 212|0x0000000718200000, 0x0000000718200000, 0x0000000718300000|  0%| F|  |TAMS 0x0000000718200000, 0x0000000718200000| Untracked 
| 213|0x0000000718300000, 0x0000000718300000, 0x0000000718400000|  0%| F|  |TAMS 0x0000000718300000, 0x0000000718300000| Untracked 
| 214|0x0000000718400000, 0x0000000718400000, 0x0000000718500000|  0%| F|  |TAMS 0x0000000718400000, 0x0000000718400000| Untracked 
| 215|0x0000000718500000, 0x0000000718500000, 0x0000000718600000|  0%| F|  |TAMS 0x0000000718500000, 0x0000000718500000| Untracked 
| 216|0x0000000718600000, 0x0000000718600000, 0x0000000718700000|  0%| F|  |TAMS 0x0000000718600000, 0x0000000718600000| Untracked 
| 217|0x0000000718700000, 0x0000000718700000, 0x0000000718800000|  0%| F|  |TAMS 0x0000000718700000, 0x0000000718700000| Untracked 
| 218|0x0000000718800000, 0x0000000718800000, 0x0000000718900000|  0%| F|  |TAMS 0x0000000718800000, 0x0000000718800000| Untracked 
| 219|0x0000000718900000, 0x0000000718900000, 0x0000000718a00000|  0%| F|  |TAMS 0x0000000718900000, 0x0000000718900000| Untracked 
| 220|0x0000000718a00000, 0x0000000718a00000, 0x0000000718b00000|  0%| F|  |TAMS 0x0000000718a00000, 0x0000000718a00000| Untracked 
| 221|0x0000000718b00000, 0x0000000718b00000, 0x0000000718c00000|  0%| F|  |TAMS 0x0000000718b00000, 0x0000000718b00000| Untracked 
| 222|0x0000000718c00000, 0x0000000718c00000, 0x0000000718d00000|  0%| F|  |TAMS 0x0000000718c00000, 0x0000000718c00000| Untracked 
| 223|0x0000000718d00000, 0x0000000718d00000, 0x0000000718e00000|  0%| F|  |TAMS 0x0000000718d00000, 0x0000000718d00000| Untracked 
| 224|0x0000000718e00000, 0x0000000718e00000, 0x0000000718f00000|  0%| F|  |TAMS 0x0000000718e00000, 0x0000000718e00000| Untracked 
| 225|0x0000000718f00000, 0x0000000718f00000, 0x0000000719000000|  0%| F|  |TAMS 0x0000000718f00000, 0x0000000718f00000| Untracked 
| 226|0x0000000719000000, 0x0000000719000000, 0x0000000719100000|  0%| F|  |TAMS 0x0000000719000000, 0x0000000719000000| Untracked 
| 227|0x0000000719100000, 0x0000000719100000, 0x0000000719200000|  0%| F|  |TAMS 0x0000000719100000, 0x0000000719100000| Untracked 
| 228|0x0000000719200000, 0x0000000719200000, 0x0000000719300000|  0%| F|  |TAMS 0x0000000719200000, 0x0000000719200000| Untracked 
| 229|0x0000000719300000, 0x0000000719300000, 0x0000000719400000|  0%| F|  |TAMS 0x0000000719300000, 0x0000000719300000| Untracked 
| 230|0x0000000719400000, 0x0000000719400000, 0x0000000719500000|  0%| F|  |TAMS 0x0000000719400000, 0x0000000719400000| Untracked 
| 231|0x0000000719500000, 0x0000000719500000, 0x0000000719600000|  0%| F|  |TAMS 0x0000000719500000, 0x0000000719500000| Untracked 
| 232|0x0000000719600000, 0x0000000719600000, 0x0000000719700000|  0%| F|  |TAMS 0x0000000719600000, 0x0000000719600000| Untracked 
| 233|0x0000000719700000, 0x0000000719700000, 0x0000000719800000|  0%| F|  |TAMS 0x0000000719700000, 0x0000000719700000| Untracked 
| 234|0x0000000719800000, 0x0000000719800000, 0x0000000719900000|  0%| F|  |TAMS 0x0000000719800000, 0x0000000719800000| Untracked 
| 235|0x0000000719900000, 0x0000000719900000, 0x0000000719a00000|  0%| F|  |TAMS 0x0000000719900000, 0x0000000719900000| Untracked 
| 236|0x0000000719a00000, 0x0000000719a00000, 0x0000000719b00000|  0%| F|  |TAMS 0x0000000719a00000, 0x0000000719a00000| Untracked 
| 237|0x0000000719b00000, 0x0000000719b00000, 0x0000000719c00000|  0%| F|  |TAMS 0x0000000719b00000, 0x0000000719b00000| Untracked 
| 238|0x0000000719c00000, 0x0000000719c00000, 0x0000000719d00000|  0%| F|  |TAMS 0x0000000719c00000, 0x0000000719c00000| Untracked 
| 239|0x0000000719d00000, 0x0000000719d00000, 0x0000000719e00000|  0%| F|  |TAMS 0x0000000719d00000, 0x0000000719d00000| Untracked 
| 240|0x0000000719e00000, 0x0000000719ef6468, 0x0000000719f00000| 96%| E|  |TAMS 0x0000000719e00000, 0x0000000719e00000| Complete 
| 241|0x0000000719f00000, 0x000000071a000000, 0x000000071a000000|100%| E|CS|TAMS 0x0000000719f00000, 0x0000000719f00000| Complete 
| 242|0x000000071a000000, 0x000000071a100000, 0x000000071a100000|100%| E|CS|TAMS 0x000000071a000000, 0x000000071a000000| Complete 
| 243|0x000000071a100000, 0x000000071a200000, 0x000000071a200000|100%| E|CS|TAMS 0x000000071a100000, 0x000000071a100000| Complete 
| 244|0x000000071a200000, 0x000000071a300000, 0x000000071a300000|100%| E|CS|TAMS 0x000000071a200000, 0x000000071a200000| Complete 
| 245|0x000000071a300000, 0x000000071a400000, 0x000000071a400000|100%| E|CS|TAMS 0x000000071a300000, 0x000000071a300000| Complete 

Card table byte_map: [0x00007fb6502ad000,0x00007fb650a56000] _byte_map_base: 0x00007fb64ca56000

Marking Bits (Prev, Next): (CMBitMap*) 0x00007fb64c087fa8, (CMBitMap*) 0x00007fb64c087fe0
 Prev Bits: [0x00007fb62c2b8000, 0x00007fb630000000)
 Next Bits: [0x00007fb628570000, 0x00007fb62c2b8000)

Polling page: 0x00007fb655a28000

Metaspace:

Usage:
  Non-class:      8.29 MB capacity,     8.18 MB ( 99%) used,   103.50 KB (  1%) free+waste,     9.25 KB ( <1%) overhead. 
      Class:    958.00 KB capacity,   883.43 KB ( 92%) used,    70.13 KB (  7%) free+waste,     4.44 KB ( <1%) overhead. 
       Both:      9.22 MB capacity,     9.04 MB ( 98%) used,   173.63 KB (  2%) free+waste,    13.69 KB ( <1%) overhead. 

Virtual space:
  Non-class space:       10.00 MB reserved,       8.50 MB ( 85%) committed 
      Class space:        1.00 GB reserved,       1.00 MB ( <1%) committed 
             Both:        1.01 GB reserved,       9.50 MB ( <1%) committed 

Chunk freelists:
   Non-Class:  17.00 KB
       Class:  256 bytes
        Both:  17.25 KB

CodeHeap 'non-profiled nmethods': size=120032Kb used=139Kb max_used=139Kb free=119892Kb
 bounds [0x00007fb63c70a000, 0x00007fb63c97a000, 0x00007fb643c42000]
CodeHeap 'profiled nmethods': size=120028Kb used=654Kb max_used=654Kb free=119373Kb
 bounds [0x00007fb6351d3000, 0x00007fb635443000, 0x00007fb63c70a000]
CodeHeap 'non-nmethods': size=5700Kb used=1069Kb max_used=1084Kb free=4630Kb
 bounds [0x00007fb634c42000, 0x00007fb634eb2000, 0x00007fb6351d3000]
 total_blobs=928 nmethods=460 adapters=286
 compilation: enabled
              stopped_count=0, restarted_count=0
 full_count=0

Compilation events (10 events):
Event: 0.196 Thread 0x00007fb64c28c800  455       3       java.lang.reflect.ProxyGenerator$ConstantPool::getIndirect (63 bytes)
Event: 0.196 Thread 0x00007fb64c28c800 nmethod 455 0x00007fb635274410 code [0x00007fb635274660, 0x00007fb635274f58]
Event: 0.196 Thread 0x00007fb64c28c800  458       3       java.util.LinkedHashMap::afterNodeInsertion (40 bytes)
Event: 0.196 Thread 0x00007fb64c28c800 nmethod 458 0x00007fb635275290 code [0x00007fb635275480, 0x00007fb635275968]
Event: 0.196 Thread 0x00007fb64c28c800  460       3       java.lang.CharacterDataLatin1::toUpperCase (53 bytes)
Event: 0.197 Thread 0x00007fb64c28c800 nmethod 460 0x00007fb635275b10 code [0x00007fb635275ce0, 0x00007fb635275fd0]
Event: 0.197 Thread 0x00007fb64c28c800  459       1       java.security.CodeSource::getLocation (5 bytes)
Event: 0.197 Thread 0x00007fb64c28c800 nmethod 459 0x00007fb63c72b090 code [0x00007fb63c72b240, 0x00007fb63c72b350]
Event: 0.197 Thread 0x00007fb64c28c800  445       3       java.util.LinkedHashMap::get (33 bytes)
Event: 0.197 Thread 0x00007fb64c28c800 nmethod 445 0x00007fb635276110 code [0x00007fb635276300, 0x00007fb6352767a8]

GC Heap History (0 events):
No events

Deoptimization events (2 events):
Event: 0.150 Thread 0x00007fb64c013000 Uncommon trap: reason=class_check action=maybe_recompile pc=0x00007fb63c717c44 method=java.util.HashMap.putVal(ILjava/lang/Object;Ljava/lang/Object;ZZ)Ljava/lang/Object; @ 253 c2
Event: 0.150 Thread 0x00007fb64c013000 Uncommon trap: reason=unstable_if action=reinterpret pc=0x00007fb63c717c34 method=java.util.HashMap.putVal(ILjava/lang/Object;Ljava/lang/Object;ZZ)Ljava/lang/Object; @ 181 c2

Classes redefined (0 events):
No events

Internal exceptions (5 events):
Event: 0.167 Thread 0x00007fb64c013000 Exception <a 'java/lang/NoSuchMethodError'{0x0000000719f21e88}: java.lang.invoke.DirectMethodHandle$Holder.invokeStaticInit(Ljava/lang/Object;Ljava/lang/Object;JLjava/lang/Object;)Ljava/lang/Object;> (0x0000000719f21e88) thrown at [/scratch/opt/mach5/meso
Event: 0.168 Thread 0x00007fb64c013000 Exception <a 'java/lang/NoSuchMethodError'{0x0000000719f2dfe8}: java.lang.invoke.Invokers$Holder.linkToTargetMethod(Ljava/lang/Object;JLjava/lang/Object;)Ljava/lang/Object;> (0x0000000719f2dfe8) thrown at [/scratch/opt/mach5/mesos/work_dir/slaves/2dd962d0
Event: 0.169 Thread 0x00007fb64c013000 Exception <a 'java/lang/NoSuchMethodError'{0x0000000719f353a0}: java.lang.invoke.DirectMethodHandle$Holder.invokeStatic(Ljava/lang/Object;Ljava/lang/Object;Ljava/lang/Object;I)Ljava/lang/Object;> (0x0000000719f353a0) thrown at [/scratch/opt/mach5/mesos/wo
Event: 0.170 Thread 0x00007fb64c013000 Exception <a 'java/lang/NoSuchMethodError'{0x0000000719f39018}: java.lang.invoke.DirectMethodHandle$Holder.invokeSpecial(Ljava/lang/Object;Ljava/lang/Object;Ljava/lang/Object;Ljava/lang/Object;I)Ljava/lang/Object;> (0x0000000719f39018) thrown at [/scratch
Event: 0.170 Thread 0x00007fb64c013000 Exception <a 'java/lang/NoSuchMethodError'{0x0000000719f3c4a8}: java.lang.invoke.Invokers$Holder.linkToTargetMethod(Ljava/lang/Object;Ljava/lang/Object;ILjava/lang/Object;)Ljava/lang/Object;> (0x0000000719f3c4a8) thrown at [/scratch/opt/mach5/mesos/work_d

Events (10 events):
Event: 0.197 loading class com/sun/jna/VarArgsChecker$RealVarArgsChecker
Event: 0.197 loading class com/sun/jna/VarArgsChecker$RealVarArgsChecker done
Event: 0.197 loading class com/sun/jna/VarArgsChecker$NoVarArgsChecker
Event: 0.197 loading class com/sun/jna/VarArgsChecker$NoVarArgsChecker done
Event: 0.197 loading class java/lang/reflect/TypeVariable
Event: 0.197 loading class java/lang/reflect/TypeVariable done
Event: 0.197 loading class java/lang/reflect/AnnotatedType
Event: 0.197 loading class java/lang/reflect/AnnotatedType done
Event: 0.197 loading class com/sun/jna/Library$Handler$FunctionInfo
Event: 0.197 loading class com/sun/jna/Library$Handler$FunctionInfo done


Dynamic libraries:
00400000-00401000 r-xp 00000000 103:07 533958                            /usr/lib/jvm/jdk-11.0.2/bin/java
00600000-00601000 r--p 00000000 103:07 533958                            /usr/lib/jvm/jdk-11.0.2/bin/java
00601000-00602000 rw-p 00001000 103:07 533958                            /usr/lib/jvm/jdk-11.0.2/bin/java
00f64000-00f85000 rw-p 00000000 00:00 0                                  [heap]
70ae00000-71a400000 rw-p 00000000 00:00 0 
71a400000-800000000 ---p 00000000 00:00 0 
800000000-800100000 rw-p 00000000 00:00 0 
800100000-840000000 ---p 00000000 00:00 0 
c000000000-c000001000 rw-p 00000000 00:00 0 
c41fff8000-c420100000 rw-p 00000000 00:00 0 
7fb5c0000000-7fb5c0021000 rw-p 00000000 00:00 0 
7fb5c0021000-7fb5c4000000 ---p 00000000 00:00 0 
7fb5c7c7f000-7fb5c8000000 rw-p 00000000 00:00 0 
7fb5c8000000-7fb5c8021000 rw-p 00000000 00:00 0 
7fb5c8021000-7fb5cc000000 ---p 00000000 00:00 0 
7fb5cc000000-7fb5cc021000 rw-p 00000000 00:00 0 
7fb5cc021000-7fb5d0000000 ---p 00000000 00:00 0 
7fb5d0000000-7fb5d0021000 rw-p 00000000 00:00 0 
7fb5d0021000-7fb5d4000000 ---p 00000000 00:00 0 
7fb5d4000000-7fb5d4021000 rw-p 00000000 00:00 0 
7fb5d4021000-7fb5d8000000 ---p 00000000 00:00 0 
7fb5d8000000-7fb5d8021000 rw-p 00000000 00:00 0 
7fb5d8021000-7fb5dc000000 ---p 00000000 00:00 0 
7fb5dc000000-7fb5dc021000 rw-p 00000000 00:00 0 
7fb5dc021000-7fb5e0000000 ---p 00000000 00:00 0 
7fb5e0000000-7fb5e0021000 rw-p 00000000 00:00 0 
7fb5e0021000-7fb5e4000000 ---p 00000000 00:00 0 
7fb5e4000000-7fb5e4021000 rw-p 00000000 00:00 0 
7fb5e4021000-7fb5e8000000 ---p 00000000 00:00 0 
7fb5e8000000-7fb5e8021000 rw-p 00000000 00:00 0 
7fb5e8021000-7fb5ec000000 ---p 00000000 00:00 0 
7fb5ec014000-7fb5ec094000 rw-p 00000000 00:00 0 
7fb5ec094000-7fb5ec214000 ---p 00000000 00:00 0 
7fb5ec214000-7fb5ec215000 ---p 00000000 00:00 0 
7fb5ec215000-7fb5eca15000 rwxp 00000000 00:00 0 
7fb5eca15000-7fb5eca16000 ---p 00000000 00:00 0 
7fb5eca16000-7fb5ed216000 rwxp 00000000 00:00 0 
7fb5ed216000-7fb5ed217000 ---p 00000000 00:00 0 
7fb5ed217000-7fb5eda17000 rwxp 00000000 00:00 0 
7fb5eda17000-7fb5eda18000 ---p 00000000 00:00 0 
7fb5eda18000-7fb5ee218000 rwxp 00000000 00:00 0 
7fb5ee218000-7fb5ee219000 ---p 00000000 00:00 0 
7fb5ee219000-7fb5eea19000 rwxp 00000000 00:00 0 
7fb5eea19000-7fb5eea1a000 ---p 00000000 00:00 0 
7fb5eea1a000-7fb5ef21a000 rwxp 00000000 00:00 0 
7fb5ef21a000-7fb5ef2ff000 r-xp 00000000 103:07 1858169                   /home/pedro/Documents/juan_work/callingErasure/src/erasure.so
7fb5ef2ff000-7fb5ef4ff000 ---p 000e5000 103:07 1858169                   /home/pedro/Documents/juan_work/callingErasure/src/erasure.so
7fb5ef4ff000-7fb5ef587000 r--p 000e5000 103:07 1858169                   /home/pedro/Documents/juan_work/callingErasure/src/erasure.so
7fb5ef587000-7fb5ef59a000 rw-p 0016d000 103:07 1858169                   /home/pedro/Documents/juan_work/callingErasure/src/erasure.so
7fb5ef59a000-7fb5ef5b8000 rw-p 00000000 00:00 0 
7fb5ef5b8000-7fb5ef5d0000 r-xp 00000000 103:07 4591887                   /home/pedro/.cache/JNA/temp/jna4311670233137866998.tmp (deleted)
7fb5ef5d0000-7fb5ef7d0000 ---p 00018000 103:07 4591887                   /home/pedro/.cache/JNA/temp/jna4311670233137866998.tmp (deleted)
7fb5ef7d0000-7fb5ef7d1000 rw-p 00018000 103:07 4591887                   /home/pedro/.cache/JNA/temp/jna4311670233137866998.tmp (deleted)
7fb5ef7d1000-7fb5ef7d3000 r-xp 00000000 103:07 665683                    /usr/lib/jvm/jdk-11.0.2/lib/libextnet.so
7fb5ef7d3000-7fb5ef9d2000 ---p 00002000 103:07 665683                    /usr/lib/jvm/jdk-11.0.2/lib/libextnet.so
7fb5ef9d2000-7fb5ef9d3000 r--p 00001000 103:07 665683                    /usr/lib/jvm/jdk-11.0.2/lib/libextnet.so
7fb5ef9d3000-7fb5ef9d4000 rw-p 00002000 103:07 665683                    /usr/lib/jvm/jdk-11.0.2/lib/libextnet.so
7fb5ef9d4000-7fb5ef9d5000 ---p 00000000 00:00 0 
7fb5ef9d5000-7fb5efbd7000 rwxp 00000000 00:00 0 
7fb5efbd7000-7fb5efbed000 r-xp 00000000 103:07 665688                    /usr/lib/jvm/jdk-11.0.2/lib/libnet.so
7fb5efbed000-7fb5efded000 ---p 00016000 103:07 665688                    /usr/lib/jvm/jdk-11.0.2/lib/libnet.so
7fb5efded000-7fb5efdee000 r--p 00016000 103:07 665688                    /usr/lib/jvm/jdk-11.0.2/lib/libnet.so
7fb5efdee000-7fb5efdef000 rw-p 00017000 103:07 665688                    /usr/lib/jvm/jdk-11.0.2/lib/libnet.so
7fb5efdef000-7fb5efdff000 r-xp 00000000 103:07 665662                    /usr/lib/jvm/jdk-11.0.2/lib/libnio.so
7fb5efdff000-7fb5efffe000 ---p 00010000 103:07 665662                    /usr/lib/jvm/jdk-11.0.2/lib/libnio.so
7fb5efffe000-7fb5effff000 r--p 0000f000 103:07 665662                    /usr/lib/jvm/jdk-11.0.2/lib/libnio.so
7fb5effff000-7fb5f0000000 rw-p 00010000 103:07 665662                    /usr/lib/jvm/jdk-11.0.2/lib/libnio.so
7fb5f0000000-7fb5f0021000 rw-p 00000000 00:00 0 
7fb5f0021000-7fb5f4000000 ---p 00000000 00:00 0 
7fb5f4000000-7fb5f4116000 rw-p 00000000 00:00 0 
7fb5f4116000-7fb5f8000000 ---p 00000000 00:00 0 
7fb5f8000000-7fb5f81ad000 rw-p 00000000 00:00 0 
7fb5f81ad000-7fb5fc000000 ---p 00000000 00:00 0 
7fb5fc000000-7fb5fc021000 rw-p 00000000 00:00 0 
7fb5fc021000-7fb600000000 ---p 00000000 00:00 0 
7fb600000000-7fb600021000 rw-p 00000000 00:00 0 
7fb600021000-7fb604000000 ---p 00000000 00:00 0 
7fb604000000-7fb6041e7000 rw-p 00000000 00:00 0 
7fb6041e7000-7fb608000000 ---p 00000000 00:00 0 
7fb608000000-7fb608021000 rw-p 00000000 00:00 0 
7fb608021000-7fb60c000000 ---p 00000000 00:00 0 
7fb60c000000-7fb60c021000 rw-p 00000000 00:00 0 
7fb60c021000-7fb610000000 ---p 00000000 00:00 0 
7fb610000000-7fb610021000 rw-p 00000000 00:00 0 
7fb610021000-7fb614000000 ---p 00000000 00:00 0 
7fb614000000-7fb614021000 rw-p 00000000 00:00 0 
7fb614021000-7fb618000000 ---p 00000000 00:00 0 
7fb618000000-7fb618021000 rw-p 00000000 00:00 0 
7fb618021000-7fb61c000000 ---p 00000000 00:00 0 
7fb61c000000-7fb61c021000 rw-p 00000000 00:00 0 
7fb61c021000-7fb620000000 ---p 00000000 00:00 0 
7fb620020000-7fb620727000 rwxp 00000000 00:00 0 
7fb620727000-7fb6210f6000 r--p 00000000 103:07 400069                    /usr/lib/locale/locale-archive
7fb6210f6000-7fb6212f8000 rwxp 00000000 00:00 0 
7fb6212f8000-7fb6212f9000 ---p 00000000 00:00 0 
7fb6212f9000-7fb6213fa000 rwxp 00000000 00:00 0 
7fb6213fa000-7fb621bfa000 rw-p 00000000 00:00 0 
7fb621bfa000-7fb621bfb000 ---p 00000000 00:00 0 
7fb621bfb000-7fb621cfc000 rwxp 00000000 00:00 0 
7fb621cfc000-7fb621cfd000 ---p 00000000 00:00 0 
7fb621cfd000-7fb621dfe000 rwxp 00000000 00:00 0 
7fb621dfe000-7fb624000000 rw-p 00000000 00:00 0 
7fb624000000-7fb624021000 rw-p 00000000 00:00 0 
7fb624021000-7fb628000000 ---p 00000000 00:00 0 
7fb62806b000-7fb628948000 rw-p 00000000 00:00 0 
7fb628948000-7fb62c2b8000 ---p 00000000 00:00 0 
7fb62c2b8000-7fb62c690000 rw-p 00000000 00:00 0 
7fb62c690000-7fb630000000 ---p 00000000 00:00 0 
7fb630000000-7fb630021000 rw-p 00000000 00:00 0 
7fb630021000-7fb634000000 ---p 00000000 00:00 0 
7fb634054000-7fb634397000 rw-p 00000000 00:00 0 
7fb634397000-7fb634398000 ---p 00000000 00:00 0 
7fb634398000-7fb634499000 rwxp 00000000 00:00 0 
7fb634499000-7fb634514000 rw-p 00000000 00:00 0 
7fb634514000-7fb634c42000 ---p 00000000 00:00 0 
7fb634c42000-7fb634eb2000 rwxp 00000000 00:00 0 
7fb634eb2000-7fb6351d3000 ---p 00000000 00:00 0 
7fb6351d3000-7fb635443000 rwxp 00000000 00:00 0 
7fb635443000-7fb63c70a000 ---p 00000000 00:00 0 
7fb63c70a000-7fb63c97a000 rwxp 00000000 00:00 0 
7fb63c97a000-7fb643c42000 ---p 00000000 00:00 0 
7fb643c42000-7fb64c000000 r--s 00000000 103:07 665706                    /usr/lib/jvm/jdk-11.0.2/lib/modules
7fb64c000000-7fb64c4d4000 rw-p 00000000 00:00 0 
7fb64c4d4000-7fb650000000 ---p 00000000 00:00 0 
7fb65002c000-7fb65008c000 rw-p 00000000 00:00 0 
7fb65008c000-7fb6500ae000 rwxp 00000000 00:00 0 
7fb6500ae000-7fb6500af000 ---p 00000000 00:00 0 
7fb6500af000-7fb6501b0000 rwxp 00000000 00:00 0 
7fb6501b0000-7fb650328000 rw-p 00000000 00:00 0 
7fb650328000-7fb650a56000 ---p 00000000 00:00 0 
7fb650a56000-7fb650ad1000 rw-p 00000000 00:00 0 
7fb650ad1000-7fb6511ff000 ---p 00000000 00:00 0 
7fb6511ff000-7fb651c09000 rw-p 00000000 00:00 0 
7fb651c09000-7fb651c0a000 ---p 00000000 00:00 0 
7fb651c0a000-7fb651d0b000 rwxp 00000000 00:00 0 
7fb651d0b000-7fb651d10000 rw-p 00000000 00:00 0 
7fb651d10000-7fb651df6000 ---p 00000000 00:00 0 
7fb651df6000-7fb651dfb000 rw-p 00000000 00:00 0 
7fb651dfb000-7fb651ee1000 ---p 00000000 00:00 0 
7fb651ee1000-7fb651efc000 r-xp 00000000 103:07 665686                    /usr/lib/jvm/jdk-11.0.2/lib/libjimage.so
7fb651efc000-7fb6520fb000 ---p 0001b000 103:07 665686                    /usr/lib/jvm/jdk-11.0.2/lib/libjimage.so
7fb6520fb000-7fb6520fd000 r--p 0001a000 103:07 665686                    /usr/lib/jvm/jdk-11.0.2/lib/libjimage.so
7fb6520fd000-7fb6520fe000 rw-p 0001c000 103:07 665686                    /usr/lib/jvm/jdk-11.0.2/lib/libjimage.so
7fb6520fe000-7fb652105000 r-xp 00000000 103:07 665665                    /usr/lib/jvm/jdk-11.0.2/lib/libzip.so
7fb652105000-7fb652304000 ---p 00007000 103:07 665665                    /usr/lib/jvm/jdk-11.0.2/lib/libzip.so
7fb652304000-7fb652305000 r--p 00006000 103:07 665665                    /usr/lib/jvm/jdk-11.0.2/lib/libzip.so
7fb652305000-7fb652306000 rw-p 00007000 103:07 665665                    /usr/lib/jvm/jdk-11.0.2/lib/libzip.so
7fb652306000-7fb652311000 r-xp 00000000 103:07 1577971                   /lib/x86_64-linux-gnu/libnss_files-2.27.so
7fb652311000-7fb652510000 ---p 0000b000 103:07 1577971                   /lib/x86_64-linux-gnu/libnss_files-2.27.so
7fb652510000-7fb652511000 r--p 0000a000 103:07 1577971                   /lib/x86_64-linux-gnu/libnss_files-2.27.so
7fb652511000-7fb652512000 rw-p 0000b000 103:07 1577971                   /lib/x86_64-linux-gnu/libnss_files-2.27.so
7fb652512000-7fb652518000 rw-p 00000000 00:00 0 
7fb652518000-7fb65252f000 r-xp 00000000 103:07 1577965                   /lib/x86_64-linux-gnu/libnsl-2.27.so
7fb65252f000-7fb65272e000 ---p 00017000 103:07 1577965                   /lib/x86_64-linux-gnu/libnsl-2.27.so
7fb65272e000-7fb65272f000 r--p 00016000 103:07 1577965                   /lib/x86_64-linux-gnu/libnsl-2.27.so
7fb65272f000-7fb652730000 rw-p 00017000 103:07 1577965                   /lib/x86_64-linux-gnu/libnsl-2.27.so
7fb652730000-7fb652732000 rw-p 00000000 00:00 0 
7fb652732000-7fb65273d000 r-xp 00000000 103:07 1577982                   /lib/x86_64-linux-gnu/libnss_nis-2.27.so
7fb65273d000-7fb65293c000 ---p 0000b000 103:07 1577982                   /lib/x86_64-linux-gnu/libnss_nis-2.27.so
7fb65293c000-7fb65293d000 r--p 0000a000 103:07 1577982                   /lib/x86_64-linux-gnu/libnss_nis-2.27.so
7fb65293d000-7fb65293e000 rw-p 0000b000 103:07 1577982                   /lib/x86_64-linux-gnu/libnss_nis-2.27.so
7fb65293e000-7fb652946000 r-xp 00000000 103:07 1577967                   /lib/x86_64-linux-gnu/libnss_compat-2.27.so
7fb652946000-7fb652b46000 ---p 00008000 103:07 1577967                   /lib/x86_64-linux-gnu/libnss_compat-2.27.so
7fb652b46000-7fb652b47000 r--p 00008000 103:07 1577967                   /lib/x86_64-linux-gnu/libnss_compat-2.27.so
7fb652b47000-7fb652b48000 rw-p 00009000 103:07 1577967                   /lib/x86_64-linux-gnu/libnss_compat-2.27.so
7fb652b48000-7fb652b52000 r-xp 00000000 103:07 665673                    /usr/lib/jvm/jdk-11.0.2/lib/libinstrument.so
7fb652b52000-7fb652d51000 ---p 0000a000 103:07 665673                    /usr/lib/jvm/jdk-11.0.2/lib/libinstrument.so
7fb652d51000-7fb652d52000 r--p 00009000 103:07 665673                    /usr/lib/jvm/jdk-11.0.2/lib/libinstrument.so
7fb652d52000-7fb652d53000 rw-p 0000a000 103:07 665673                    /usr/lib/jvm/jdk-11.0.2/lib/libinstrument.so
7fb652d53000-7fb652d7c000 r-xp 00000000 103:07 665666                    /usr/lib/jvm/jdk-11.0.2/lib/libjava.so
7fb652d7c000-7fb652f7c000 ---p 00029000 103:07 665666                    /usr/lib/jvm/jdk-11.0.2/lib/libjava.so
7fb652f7c000-7fb652f7d000 r--p 00029000 103:07 665666                    /usr/lib/jvm/jdk-11.0.2/lib/libjava.so
7fb652f7d000-7fb652f7f000 rw-p 0002a000 103:07 665666                    /usr/lib/jvm/jdk-11.0.2/lib/libjava.so
7fb652f7f000-7fb652f8c000 r-xp 00000000 103:07 665701                    /usr/lib/jvm/jdk-11.0.2/lib/libverify.so
7fb652f8c000-7fb65318b000 ---p 0000d000 103:07 665701                    /usr/lib/jvm/jdk-11.0.2/lib/libverify.so
7fb65318b000-7fb65318d000 r--p 0000c000 103:07 665701                    /usr/lib/jvm/jdk-11.0.2/lib/libverify.so
7fb65318d000-7fb65318e000 rw-p 0000e000 103:07 665701                    /usr/lib/jvm/jdk-11.0.2/lib/libverify.so
7fb65318e000-7fb653195000 r-xp 00000000 103:07 1578022                   /lib/x86_64-linux-gnu/librt-2.27.so
7fb653195000-7fb653394000 ---p 00007000 103:07 1578022                   /lib/x86_64-linux-gnu/librt-2.27.so
7fb653394000-7fb653395000 r--p 00006000 103:07 1578022                   /lib/x86_64-linux-gnu/librt-2.27.so
7fb653395000-7fb653396000 rw-p 00007000 103:07 1578022                   /lib/x86_64-linux-gnu/librt-2.27.so
7fb653396000-7fb653533000 r-xp 00000000 103:07 1577944                   /lib/x86_64-linux-gnu/libm-2.27.so
7fb653533000-7fb653732000 ---p 0019d000 103:07 1577944                   /lib/x86_64-linux-gnu/libm-2.27.so
7fb653732000-7fb653733000 r--p 0019c000 103:07 1577944                   /lib/x86_64-linux-gnu/libm-2.27.so
7fb653733000-7fb653734000 rw-p 0019d000 103:07 1577944                   /lib/x86_64-linux-gnu/libm-2.27.so
7fb653734000-7fb654873000 r-xp 00000000 103:07 1577551                   /usr/lib/jvm/jdk-11.0.2/lib/server/libjvm.so
7fb654873000-7fb654a73000 ---p 0113f000 103:07 1577551                   /usr/lib/jvm/jdk-11.0.2/lib/server/libjvm.so
7fb654a73000-7fb654b32000 r--p 0113f000 103:07 1577551                   /usr/lib/jvm/jdk-11.0.2/lib/server/libjvm.so
7fb654b32000-7fb654b6b000 rw-p 011fe000 103:07 1577551                   /usr/lib/jvm/jdk-11.0.2/lib/server/libjvm.so
7fb654b6b000-7fb654bc1000 rw-p 00000000 00:00 0 
7fb654bc1000-7fb654da8000 r-xp 00000000 103:07 1577881                   /lib/x86_64-linux-gnu/libc-2.27.so
7fb654da8000-7fb654fa8000 ---p 001e7000 103:07 1577881                   /lib/x86_64-linux-gnu/libc-2.27.so
7fb654fa8000-7fb654fac000 r--p 001e7000 103:07 1577881                   /lib/x86_64-linux-gnu/libc-2.27.so
7fb654fac000-7fb654fae000 rw-p 001eb000 103:07 1577881                   /lib/x86_64-linux-gnu/libc-2.27.so
7fb654fae000-7fb654fb2000 rw-p 00000000 00:00 0 
7fb654fb2000-7fb654fb5000 r-xp 00000000 103:07 1577904                   /lib/x86_64-linux-gnu/libdl-2.27.so
7fb654fb5000-7fb6551b4000 ---p 00003000 103:07 1577904                   /lib/x86_64-linux-gnu/libdl-2.27.so
7fb6551b4000-7fb6551b5000 r--p 00002000 103:07 1577904                   /lib/x86_64-linux-gnu/libdl-2.27.so
7fb6551b5000-7fb6551b6000 rw-p 00003000 103:07 1577904                   /lib/x86_64-linux-gnu/libdl-2.27.so
7fb6551b6000-7fb6551c6000 r-xp 00000000 103:07 665679                    /usr/lib/jvm/jdk-11.0.2/lib/jli/libjli.so
7fb6551c6000-7fb6553c5000 ---p 00010000 103:07 665679                    /usr/lib/jvm/jdk-11.0.2/lib/jli/libjli.so
7fb6553c5000-7fb6553c6000 r--p 0000f000 103:07 665679                    /usr/lib/jvm/jdk-11.0.2/lib/jli/libjli.so
7fb6553c6000-7fb6553c7000 rw-p 00010000 103:07 665679                    /usr/lib/jvm/jdk-11.0.2/lib/jli/libjli.so
7fb6553c7000-7fb6553e1000 r-xp 00000000 103:07 1578014                   /lib/x86_64-linux-gnu/libpthread-2.27.so
7fb6553e1000-7fb6555e0000 ---p 0001a000 103:07 1578014                   /lib/x86_64-linux-gnu/libpthread-2.27.so
7fb6555e0000-7fb6555e1000 r--p 00019000 103:07 1578014                   /lib/x86_64-linux-gnu/libpthread-2.27.so
7fb6555e1000-7fb6555e2000 rw-p 0001a000 103:07 1578014                   /lib/x86_64-linux-gnu/libpthread-2.27.so
7fb6555e2000-7fb6555e6000 rw-p 00000000 00:00 0 
7fb6555e6000-7fb655602000 r-xp 00000000 103:07 1578053                   /lib/x86_64-linux-gnu/libz.so.1.2.11
7fb655602000-7fb655801000 ---p 0001c000 103:07 1578053                   /lib/x86_64-linux-gnu/libz.so.1.2.11
7fb655801000-7fb655802000 r--p 0001b000 103:07 1578053                   /lib/x86_64-linux-gnu/libz.so.1.2.11
7fb655802000-7fb655803000 rw-p 0001c000 103:07 1578053                   /lib/x86_64-linux-gnu/libz.so.1.2.11
7fb655803000-7fb65582a000 r-xp 00000000 103:07 1577853                   /lib/x86_64-linux-gnu/ld-2.27.so
7fb655830000-7fb65590c000 rw-p 00000000 00:00 0 
7fb65590c000-7fb655a0d000 rwxp 00000000 00:00 0 
7fb655a0d000-7fb655a11000 rw-p 00000000 00:00 0 
7fb655a14000-7fb655a19000 rw-p 00000000 00:00 0 
7fb655a19000-7fb655a20000 ---p 00000000 00:00 0 
7fb655a20000-7fb655a28000 rw-s 00000000 103:07 1835918                   /tmp/hsperfdata_pedro/27074
7fb655a28000-7fb655a29000 ---p 00000000 00:00 0 
7fb655a29000-7fb655a2a000 r--p 00000000 00:00 0 
7fb655a2a000-7fb655a2b000 r--p 00027000 103:07 1577853                   /lib/x86_64-linux-gnu/ld-2.27.so
7fb655a2b000-7fb655a2c000 rw-p 00028000 103:07 1577853                   /lib/x86_64-linux-gnu/ld-2.27.so
7fb655a2c000-7fb655a2d000 rw-p 00000000 00:00 0 
7ffdd72ec000-7ffdd730c000 rwxp 00000000 00:00 0                          [stack]
7ffdd730c000-7ffdd730d000 rw-p 00000000 00:00 0 
7ffdd73da000-7ffdd73dd000 r--p 00000000 00:00 0                          [vvar]
7ffdd73dd000-7ffdd73df000 r-xp 00000000 00:00 0                          [vdso]
ffffffffff600000-ffffffffff601000 r-xp 00000000 00:00 0                  [vsyscall]


VM Arguments:
jvm_args: -javaagent:/snap/intellij-idea-community/126/lib/idea_rt.jar=39505:/snap/intellij-idea-community/126/bin -Dfile.encoding=UTF-8 
java_command: Client
java_class_path (initial): /home/pedro/Documents/juan_work/callingErasure/out/production/callingErasure:/home/pedro/Documents/juan_work/callingErasure/jna-5.2.0.jar:/home/pedro/Documents/juan_work/callingErasure/bridj-0.6.2.jar
Launcher Type: SUN_STANDARD

[Global flags]
     intx CICompilerCount                          = 4                                         {product} {ergonomic}
     uint ConcGCThreads                            = 3                                         {product} {ergonomic}
     uint G1ConcRefinementThreads                  = 10                                        {product} {ergonomic}
   size_t G1HeapRegionSize                         = 1048576                                   {product} {ergonomic}
    uintx GCDrainStackTargetSize                   = 64                                        {product} {ergonomic}
   size_t InitialHeapSize                          = 257949696                                 {product} {ergonomic}
   size_t MarkStackSize                            = 4194304                                   {product} {ergonomic}
   size_t MaxHeapSize                              = 4112515072                                {product} {ergonomic}
   size_t MaxNewSize                               = 2467299328                                {product} {ergonomic}
   size_t MinHeapDeltaBytes                        = 1048576                                   {product} {ergonomic}
    uintx NonNMethodCodeHeapSize                   = 5835340                                {pd product} {ergonomic}
    uintx NonProfiledCodeHeapSize                  = 122911450                              {pd product} {ergonomic}
    uintx ProfiledCodeHeapSize                     = 122911450                              {pd product} {ergonomic}
    uintx ReservedCodeCacheSize                    = 251658240                              {pd product} {ergonomic}
     bool SegmentedCodeCache                       = true                                      {product} {ergonomic}
     bool UseCompressedClassPointers               = true                                 {lp64_product} {ergonomic}
     bool UseCompressedOops                        = true                                 {lp64_product} {ergonomic}
     bool UseG1GC                                  = true                                      {product} {ergonomic}

Logging:
Log output configuration:
 #0: stdout all=warning uptime,level,tags
 #1: stderr all=off uptime,level,tags

Environment Variables:
PATH=/home/pedro/.local/bin:/usr/local/sbin:/usr/local/bin:/usr/sbin:/usr/bin:/sbin:/bin:/usr/games:/usr/local/games:/snap/bin
USERNAME=pedro
SHELL=/bin/bash
DISPLAY=:0

Signal Handlers:
SIGSEGV: [libjvm.so+0xe2adf0], sa_mask[0]=11111111011111111101111111111110, sa_flags=SA_ONSTACK|SA_RESTART|SA_SIGINFO
SIGBUS: [libjvm.so+0xe2adf0], sa_mask[0]=11111111011111111101111111111110, sa_flags=SA_ONSTACK|SA_RESTART|SA_SIGINFO
SIGFPE: [libjvm.so+0xe2adf0], sa_mask[0]=11111111011111111101111111111110, sa_flags=SA_ONSTACK|SA_RESTART|SA_SIGINFO
SIGPIPE: [erasure.so+0xad840], sa_mask[0]=11111111011111111101111111111111, sa_flags=SA_ONSTACK|SA_RESTART|SA_SIGINFO
SIGXFSZ: [libjvm.so+0xbff5b0], sa_mask[0]=11111111011111111101111111111110, sa_flags=SA_ONSTACK|SA_RESTART|SA_SIGINFO, flags was changed from 0x10000004, consider using jsig library
SIGILL: [libjvm.so+0xe2adf0], sa_mask[0]=11111111011111111101111111111110, sa_flags=SA_ONSTACK|SA_RESTART|SA_SIGINFO, flags was changed from 0x10000004, consider using jsig library
SIGUSR2: [libjvm.so+0xbff450], sa_mask[0]=00100000000000000000000000000000, sa_flags=SA_ONSTACK|SA_RESTART|SA_SIGINFO, flags was changed from 0x10000004, consider using jsig library
SIGHUP: [libjvm.so+0xbff7b0], sa_mask[0]=11111111011111111101111111111110, sa_flags=SA_ONSTACK|SA_RESTART|SA_SIGINFO
SIGINT: [libjvm.so+0xbff7b0], sa_mask[0]=11111111011111111101111111111110, sa_flags=SA_ONSTACK|SA_RESTART|SA_SIGINFO
SIGTERM: [libjvm.so+0xbff7b0], sa_mask[0]=11111111011111111101111111111110, sa_flags=SA_ONSTACK|SA_RESTART|SA_SIGINFO
SIGQUIT: [libjvm.so+0xbff7b0], sa_mask[0]=11111111011111111101111111111110, sa_flags=SA_ONSTACK|SA_RESTART|SA_SIGINFO


---------------  S Y S T E M  ---------------

OS:DISTRIB_ID=Ubuntu
DISTRIB_RELEASE=18.04
DISTRIB_CODENAME=bionic
DISTRIB_DESCRIPTION="Ubuntu 18.04.1 LTS"
uname:Linux 4.15.0-46-generic #49-Ubuntu SMP Wed Feb 6 09:33:07 UTC 2019 x86_64
libc:glibc 2.27 NPTL 2.27 
rlimit: STACK 8192k, CORE 0k, NPROC 62298, NOFILE 1048576, AS infinity, DATA infinity, FSIZE infinity
load average:0.89 0.85 0.82

/proc/meminfo:
MemTotal:       16057928 kB
MemFree:         6379796 kB
MemAvailable:   11367112 kB
Buffers:          591416 kB
Cached:          4888948 kB
SwapCached:            0 kB
Active:          6300536 kB
Inactive:        2790500 kB
Active(anon):    3612636 kB
Inactive(anon):   446636 kB
Active(file):    2687900 kB
Inactive(file):  2343864 kB
Unevictable:         160 kB
Mlocked:             160 kB
SwapTotal:       2097148 kB
SwapFree:        2097148 kB
Dirty:               712 kB
Writeback:             0 kB
AnonPages:       3611144 kB
Mapped:           559396 kB
Shmem:            448604 kB
Slab:             381328 kB
SReclaimable:     297636 kB
SUnreclaim:        83692 kB
KernelStack:       18020 kB
PageTables:        55160 kB
NFS_Unstable:          0 kB
Bounce:                0 kB
WritebackTmp:          0 kB
CommitLimit:    10126112 kB
Committed_AS:    9475212 kB
VmallocTotal:   34359738367 kB
VmallocUsed:           0 kB
VmallocChunk:          0 kB
HardwareCorrupted:     0 kB
AnonHugePages:         0 kB
ShmemHugePages:        0 kB
ShmemPmdMapped:        0 kB
CmaTotal:              0 kB
CmaFree:               0 kB
HugePages_Total:       0
HugePages_Free:        0
HugePages_Rsvd:        0
HugePages_Surp:        0
Hugepagesize:       2048 kB
DirectMap4k:      368920 kB
DirectMap2M:     9748480 kB
DirectMap1G:     6291456 kB


/proc/sys/kernel/threads-max (system-wide limit on the number of threads):
124597


/proc/sys/vm/max_map_count (maximum number of memory map areas a process may have):
65530


/proc/sys/kernel/pid_max (system-wide limit on number of process identifiers):
32768



container (cgroup) information:
container_type: cgroupv1
cpu_cpuset_cpus: 0-11
cpu_memory_nodes: 0
active_processor_count: 12
cpu_quota: -1
cpu_period: 100000
cpu_shares: -1
memory_limit_in_bytes: -1
memory_and_swap_limit_in_bytes: -2
memory_soft_limit_in_bytes: -1
memory_usage_in_bytes: 9310408704
memory_max_usage_in_bytes: 0


CPU:total 12 (initial active 12) (6 cores per cpu, 2 threads per core) family 6 model 158 stepping 10, cmov, cx8, fxsr, mmx, sse, sse2, sse3, ssse3, sse4.1, sse4.2, popcnt, avx, avx2, aes, clmul, erms, 3dnowpref, lzcnt, ht, tsc, tscinvbit, bmi1, bmi2, adx, fma
CPU Model and flags from /proc/cpuinfo:
model name	: Intel(R) Core(TM) i7-8750H CPU @ 2.20GHz
flags		: fpu vme de pse tsc msr pae mce cx8 apic sep mtrr pge mca cmov pat pse36 clflush dts acpi mmx fxsr sse sse2 ss ht tm pbe syscall nx pdpe1gb rdtscp lm constant_tsc art arch_perfmon pebs bts rep_good nopl xtopology nonstop_tsc cpuid aperfmperf tsc_known_freq pni pclmulqdq dtes64 monitor ds_cpl vmx est tm2 ssse3 sdbg fma cx16 xtpr pdcm pcid sse4_1 sse4_2 x2apic movbe popcnt tsc_deadline_timer aes xsave avx f16c rdrand lahf_lm abm 3dnowprefetch cpuid_fault epb invpcid_single pti ssbd ibrs ibpb stibp tpr_shadow vnmi flexpriority ept vpid fsgsbase tsc_adjust bmi1 avx2 smep bmi2 erms invpcid mpx rdseed adx smap clflushopt intel_pt xsaveopt xsavec xgetbv1 xsaves dtherm ida arat pln pts hwp hwp_notify hwp_act_window hwp_epp flush_l1d

Memory: 4k page, physical 16057928k(6379796k free), swap 2097148k(2097148k free)

vm_info: Java HotSpot(TM) 64-Bit Server VM (11.0.2+9-LTS) for linux-amd64 JRE (11.0.2+9-LTS), built on Jan 17 2019 21:22:50 by "mach5one" with gcc 7.3.0

END.
