#
# A fatal error has been detected by the Java Runtime Environment:
#
#  SIGSEGV (0xb) at pc=0x00007ff0a7fe45c7, pid=28472, tid=28474
#
# JRE version: Java(TM) SE Runtime Environment (11.0.2+9) (build 11.0.2+9-LTS)
# Java VM: Java HotSpot(TM) 64-Bit Server VM (11.0.2+9-LTS, mixed mode, tiered, compressed oops, g1 gc, linux-amd64)
# Problematic frame:
# C  [libc.so.6+0x18e5c7]
#
# Core dump will be written. Default location: Core dumps may be processed with "/usr/share/apport/apport %p %s %c %d %P" (or dumping to /home/pedro/Documents/juan_work/callingErasure/core.28472)
#
# If you would like to submit a bug report, please visit:
#   http://bugreport.java.com/bugreport/crash.jsp
# The crash happened outside the Java Virtual Machine in native code.
# See problematic frame for where to report the bug.
#

---------------  S U M M A R Y ------------

Command Line: -javaagent:/snap/intellij-idea-community/126/lib/idea_rt.jar=36695:/snap/intellij-idea-community/126/bin -Dfile.encoding=UTF-8 Client

Host: Intel(R) Core(TM) i7-8750H CPU @ 2.20GHz, 12 cores, 15G, Ubuntu 18.04.1 LTS
Time: Tue Mar 12 14:31:15 2019 EDT elapsed time: 0 seconds (0d 0h 0m 0s)

---------------  T H R E A D  ---------------

Current thread (0x00007ff0a0013000):  JavaThread "main" [_thread_in_native, id=28474, stack(0x00007ff0a8ba1000,0x00007ff0a8ca2000)]

Stack: [0x00007ff0a8ba1000,0x00007ff0a8ca2000],  sp=0x00007ff0a8ca0658,  free space=1021k
Native frames: (J=compiled Java code, A=aot compiled Java code, j=interpreted, Vv=VM code, C=native code)
C  [libc.so.6+0x18e5c7]
j  com.sun.jna.Native.getStringBytes(Lcom/sun/jna/Pointer;JJ)[B+0
j  com.sun.jna.Native.getString(Lcom/sun/jna/Pointer;JLjava/lang/String;)Ljava/lang/String;+6
j  com.sun.jna.Pointer.getString(JLjava/lang/String;)Ljava/lang/String;+3
j  com.sun.jna.Pointer.getStringArray(JILjava/lang/String;)[Ljava/lang/String;+167
j  com.sun.jna.Pointer.getStringArray(J)[Ljava/lang/String;+6
j  Client.main([Ljava/lang/String;)V+91
v  ~StubRoutines::call_stub
V  [libjvm.so+0x886899]  JavaCalls::call_helper(JavaValue*, methodHandle const&, JavaCallArguments*, Thread*)+0x3b9
V  [libjvm.so+0x90126a]  jni_invoke_static(JNIEnv_*, JavaValue*, _jobject*, JNICallType, _jmethodID*, JNI_ArgumentPusher*, Thread*) [clone .isra.65] [clone .constprop.193]+0x1ba
V  [libjvm.so+0x9038d4]  jni_CallStaticVoidMethod+0x164
C  [libjli.so+0x582d]  JavaMain+0xe4d

Java frames: (J=compiled Java code, j=interpreted, Vv=VM code)
j  com.sun.jna.Native.getStringBytes(Lcom/sun/jna/Pointer;JJ)[B+0
j  com.sun.jna.Native.getString(Lcom/sun/jna/Pointer;JLjava/lang/String;)Ljava/lang/String;+6
j  com.sun.jna.Pointer.getString(JLjava/lang/String;)Ljava/lang/String;+3
j  com.sun.jna.Pointer.getStringArray(JILjava/lang/String;)[Ljava/lang/String;+167
j  com.sun.jna.Pointer.getStringArray(J)[Ljava/lang/String;+6
j  Client.main([Ljava/lang/String;)V+91
v  ~StubRoutines::call_stub

siginfo: si_signo: 11 (SIGSEGV), si_code: 1 (SEGV_MAPERR), si_addr: 0xffffffffffffffe0

Register to memory mapping:

RAX=0x00007ff05a8ef010: Java_com_sun_jna_Native_getStringBytes+0x0000000000000000 in /home/pedro/.cache/JNA/temp/jna15517033920634071707.tmp at 0x00007ff05a8e6000
RBX={method} {0x00007ff078cd8f78} 'getStringBytes' '(Lcom/sun/jna/Pointer;JJ)[B' in 'com/sun/jna/Native'
RCX=0x000000000000001f is an unknown value
RDX=0xffffffffffffffff is an unknown value
RSP=0x00007ff0a8ca0658 is pointing into the stack for thread: 0x00007ff0a0013000
RBP=0x00007ff0a8ca06a0 is pointing into the stack for thread: 0x00007ff0a0013000
RSI=0x00007ff0a8ca0730 is pointing into the stack for thread: 0x00007ff0a0013000
RDI=0xffffffffffffffe0 is an unknown value
R8 =0x0 is NULL
R9 =0x0 is NULL
R10=0x00007ff088c51921 is at code_begin+897 in an Interpreter codelet
method entry point (kind = native)  [0x00007ff088c515a0, 0x00007ff088c51fe0]  2624 bytes
R11=0x000000071a1cb8e8 is an oop: java.lang.Class 
{0x000000071a1cb8e8} - klass: 'java/lang/Class'
R12=0xffffffffffffffff is an unknown value
R13={method} {0x00007ff078cd8f78} 'getStringBytes' '(Lcom/sun/jna/Pointer;JJ)[B' in 'com/sun/jna/Native'
R14=0x00007ff0a8ca0760 is pointing into the stack for thread: 0x00007ff0a0013000
R15=0x00007ff0a0013000 is a thread


Registers:
RAX=0x00007ff05a8ef010, RBX=0x00007ff078cd8f78, RCX=0x000000000000001f, RDX=0xffffffffffffffff
RSP=0x00007ff0a8ca0658, RBP=0x00007ff0a8ca06a0, RSI=0x00007ff0a8ca0730, RDI=0xffffffffffffffe0
R8 =0x0000000000000000, R9 =0x0000000000000000, R10=0x00007ff088c51921, R11=0x000000071a1cb8e8
R12=0xffffffffffffffff, R13=0x00007ff078cd8f78, R14=0x00007ff0a8ca0760, R15=0x00007ff0a0013000
RIP=0x00007ff0a7fe45c7, EFLAGS=0x0000000000010282, CSGSFS=0x002b000000000033, ERR=0x0000000000000005
  TRAPNO=0x000000000000000e

Top of Stack: (sp=0x00007ff0a8ca0658)
0x00007ff0a8ca0658:   00007ff05a8ef0a3 00007ff078cd8f78
0x00007ff0a8ca0668:   0000000000000000 ffffffffffffffff
0x00007ff0a8ca0678:   00007ff0a0013340 0000000000000000
0x00007ff0a8ca0688:   0000000000000000 00007ff078cd8f78 

Instructions: (pc=0x00007ff0a7fe45c7)
0x00007ff0a7fe45a7:   d7 c1 85 c0 0f 85 df 00 00 00 48 83 c7 20 83 e1
0x00007ff0a7fe45b7:   1f 48 83 e7 e0 eb 36 66 90 83 e1 1f 48 83 e7 e0
0x00007ff0a7fe45c7:   c5 fd 74 0f c5 fd d7 c1 d3 f8 85 c0 74 1b f3 0f
0x00007ff0a7fe45d7:   bc c0 48 01 f8 48 01 c8 48 29 d0 c5 f8 77 c3 66 

Stack slot to memory mapping:
stack at sp + 0 slots: 0x00007ff05a8ef0a3: Java_com_sun_jna_Native_getStringBytes+0x0000000000000093 in /home/pedro/.cache/JNA/temp/jna15517033920634071707.tmp at 0x00007ff05a8e6000
stack at sp + 1 slots: {method} {0x00007ff078cd8f78} 'getStringBytes' '(Lcom/sun/jna/Pointer;JJ)[B' in 'com/sun/jna/Native'
stack at sp + 2 slots: 0x0 is NULL
stack at sp + 3 slots: 0xffffffffffffffff is an unknown value
stack at sp + 4 slots: 0x00007ff0a0013340 points into unknown readable memory: 00 e0 dc a7 f0 7f 00 00
stack at sp + 5 slots: 0x0 is NULL
stack at sp + 6 slots: 0x0 is NULL
stack at sp + 7 slots: {method} {0x00007ff078cd8f78} 'getStringBytes' '(Lcom/sun/jna/Pointer;JJ)[B' in 'com/sun/jna/Native'


---------------  P R O C E S S  ---------------

Threads class SMR info:
_java_thread_list=0x00007ff0a04df030, length=12, elements={
0x00007ff0a0013000, 0x00007ff0a0272000, 0x00007ff0a0276000, 0x00007ff0a0288800,
0x00007ff0a028a800, 0x00007ff0a028c800, 0x00007ff0a028e800, 0x00007ff0a030b800,
0x00007ff050096800, 0x00007ff0a0415000, 0x00007ff0a0416000, 0x00007ff0a04dd800
}

Java Threads: ( => current thread )
=>0x00007ff0a0013000 JavaThread "main" [_thread_in_native, id=28474, stack(0x00007ff0a8ba1000,0x00007ff0a8ca2000)]
  0x00007ff0a0272000 JavaThread "Reference Handler" daemon [_thread_blocked, id=28489, stack(0x00007ff078512000,0x00007ff078613000)]
  0x00007ff0a0276000 JavaThread "Finalizer" daemon [_thread_blocked, id=28490, stack(0x00007ff078411000,0x00007ff078512000)]
  0x00007ff0a0288800 JavaThread "Signal Dispatcher" daemon [_thread_blocked, id=28495, stack(0x00007ff078310000,0x00007ff078411000)]
  0x00007ff0a028a800 JavaThread "C2 CompilerThread0" daemon [_thread_blocked, id=28496, stack(0x00007ff07820f000,0x00007ff078310000)]
  0x00007ff0a028c800 JavaThread "C1 CompilerThread0" daemon [_thread_blocked, id=28497, stack(0x00007ff07810e000,0x00007ff07820f000)]
  0x00007ff0a028e800 JavaThread "Sweeper thread" daemon [_thread_blocked, id=28498, stack(0x00007ff07800d000,0x00007ff07810e000)]
  0x00007ff0a030b800 JavaThread "Common-Cleaner" daemon [_thread_blocked, id=28502, stack(0x00007ff05b530000,0x00007ff05b631000)]
  0x00007ff050096800 JavaThread "C2 CompilerThread1" daemon [_thread_blocked, id=28503, stack(0x00007ff05b42f000,0x00007ff05b530000)]
  0x00007ff0a0415000 JavaThread "Monitor Ctrl-Break" daemon [_thread_in_native, id=28505, stack(0x00007ff05af05000,0x00007ff05b006000)]
  0x00007ff0a0416000 JavaThread "Service Thread" daemon [_thread_blocked, id=28506, stack(0x00007ff05ae04000,0x00007ff05af05000)]
  0x00007ff0a04dd800 JavaThread "process reaper" daemon [_thread_blocked, id=28509, stack(0x00007ff0a4070000,0x00007ff0a4092000)]

Other Threads:
  0x00007ff0a0269800 VMThread "VM Thread" [stack: 0x00007ff078615000,0x00007ff078715000] [id=28486]
  0x00007ff0a0418000 WatcherThread [stack: 0x00007ff05ad04000,0x00007ff05ae04000] [id=28507]
  0x00007ff0a003b800 GCTaskThread "GC Thread#0" [stack: 0x00007ff0a4ea0000,0x00007ff0a4fa0000] [id=28478]
  0x00007ff0a0098000 ConcurrentGCThread "G1 Main Marker" [stack: 0x00007ff0a4297000,0x00007ff0a4397000] [id=28479]
  0x00007ff0a009a000 ConcurrentGCThread "G1 Conc#0" [stack: 0x00007ff0a4195000,0x00007ff0a4295000] [id=28480]
  0x00007ff0a019e800 ConcurrentGCThread "G1 Refine#0" [stack: 0x00007ff079019000,0x00007ff079119000] [id=28483]
  0x00007ff0a01a0000 ConcurrentGCThread "G1 Young RemSet Sampling" [stack: 0x00007ff078f17000,0x00007ff079017000] [id=28484]

Threads with active compile tasks:

VM state:not at safepoint (normal execution)

VM Mutex/Monitor currently owned by a thread: None

Heap address: 0x000000070ae00000, size: 3922 MB, Compressed Oops mode: Zero based, Oop shift amount: 3
Narrow klass base: 0x0000000800000000, Narrow klass shift: 0
Compressed class space size: 1073741824 Address: 0x0000000800000000

Heap:
 garbage-first heap   total 251904K, used 5120K [0x000000070ae00000, 0x0000000800000000)
  region size 1024K, 6 young (6144K), 0 survivors (0K)
 Metaspace       used 9259K, capacity 9446K, committed 9728K, reserved 1058816K
  class space    used 883K, capacity 958K, committed 1024K, reserved 1048576K
Heap Regions: E=young(eden), S=young(survivor), O=old, HS=humongous(starts), HC=humongous(continues), CS=collection set, F=free, A=archive, TAMS=top-at-mark-start (previous, next)
|   0|0x000000070ae00000, 0x000000070ae00000, 0x000000070af00000|  0%| F|  |TAMS 0x000000070ae00000, 0x000000070ae00000| Untracked 
|   1|0x000000070af00000, 0x000000070af00000, 0x000000070b000000|  0%| F|  |TAMS 0x000000070af00000, 0x000000070af00000| Untracked 
|   2|0x000000070b000000, 0x000000070b000000, 0x000000070b100000|  0%| F|  |TAMS 0x000000070b000000, 0x000000070b000000| Untracked 
|   3|0x000000070b100000, 0x000000070b100000, 0x000000070b200000|  0%| F|  |TAMS 0x000000070b100000, 0x000000070b100000| Untracked 
|   4|0x000000070b200000, 0x000000070b200000, 0x000000070b300000|  0%| F|  |TAMS 0x000000070b200000, 0x000000070b200000| Untracked 
|   5|0x000000070b300000, 0x000000070b300000, 0x000000070b400000|  0%| F|  |TAMS 0x000000070b300000, 0x000000070b300000| Untracked 
|   6|0x000000070b400000, 0x000000070b400000, 0x000000070b500000|  0%| F|  |TAMS 0x000000070b400000, 0x000000070b400000| Untracked 
|   7|0x000000070b500000, 0x000000070b500000, 0x000000070b600000|  0%| F|  |TAMS 0x000000070b500000, 0x000000070b500000| Untracked 
|   8|0x000000070b600000, 0x000000070b600000, 0x000000070b700000|  0%| F|  |TAMS 0x000000070b600000, 0x000000070b600000| Untracked 
|   9|0x000000070b700000, 0x000000070b700000, 0x000000070b800000|  0%| F|  |TAMS 0x000000070b700000, 0x000000070b700000| Untracked 
|  10|0x000000070b800000, 0x000000070b800000, 0x000000070b900000|  0%| F|  |TAMS 0x000000070b800000, 0x000000070b800000| Untracked 
|  11|0x000000070b900000, 0x000000070b900000, 0x000000070ba00000|  0%| F|  |TAMS 0x000000070b900000, 0x000000070b900000| Untracked 
|  12|0x000000070ba00000, 0x000000070ba00000, 0x000000070bb00000|  0%| F|  |TAMS 0x000000070ba00000, 0x000000070ba00000| Untracked 
|  13|0x000000070bb00000, 0x000000070bb00000, 0x000000070bc00000|  0%| F|  |TAMS 0x000000070bb00000, 0x000000070bb00000| Untracked 
|  14|0x000000070bc00000, 0x000000070bc00000, 0x000000070bd00000|  0%| F|  |TAMS 0x000000070bc00000, 0x000000070bc00000| Untracked 
|  15|0x000000070bd00000, 0x000000070bd00000, 0x000000070be00000|  0%| F|  |TAMS 0x000000070bd00000, 0x000000070bd00000| Untracked 
|  16|0x000000070be00000, 0x000000070be00000, 0x000000070bf00000|  0%| F|  |TAMS 0x000000070be00000, 0x000000070be00000| Untracked 
|  17|0x000000070bf00000, 0x000000070bf00000, 0x000000070c000000|  0%| F|  |TAMS 0x000000070bf00000, 0x000000070bf00000| Untracked 
|  18|0x000000070c000000, 0x000000070c000000, 0x000000070c100000|  0%| F|  |TAMS 0x000000070c000000, 0x000000070c000000| Untracked 
|  19|0x000000070c100000, 0x000000070c100000, 0x000000070c200000|  0%| F|  |TAMS 0x000000070c100000, 0x000000070c100000| Untracked 
|  20|0x000000070c200000, 0x000000070c200000, 0x000000070c300000|  0%| F|  |TAMS 0x000000070c200000, 0x000000070c200000| Untracked 
|  21|0x000000070c300000, 0x000000070c300000, 0x000000070c400000|  0%| F|  |TAMS 0x000000070c300000, 0x000000070c300000| Untracked 
|  22|0x000000070c400000, 0x000000070c400000, 0x000000070c500000|  0%| F|  |TAMS 0x000000070c400000, 0x000000070c400000| Untracked 
|  23|0x000000070c500000, 0x000000070c500000, 0x000000070c600000|  0%| F|  |TAMS 0x000000070c500000, 0x000000070c500000| Untracked 
|  24|0x000000070c600000, 0x000000070c600000, 0x000000070c700000|  0%| F|  |TAMS 0x000000070c600000, 0x000000070c600000| Untracked 
|  25|0x000000070c700000, 0x000000070c700000, 0x000000070c800000|  0%| F|  |TAMS 0x000000070c700000, 0x000000070c700000| Untracked 
|  26|0x000000070c800000, 0x000000070c800000, 0x000000070c900000|  0%| F|  |TAMS 0x000000070c800000, 0x000000070c800000| Untracked 
|  27|0x000000070c900000, 0x000000070c900000, 0x000000070ca00000|  0%| F|  |TAMS 0x000000070c900000, 0x000000070c900000| Untracked 
|  28|0x000000070ca00000, 0x000000070ca00000, 0x000000070cb00000|  0%| F|  |TAMS 0x000000070ca00000, 0x000000070ca00000| Untracked 
|  29|0x000000070cb00000, 0x000000070cb00000, 0x000000070cc00000|  0%| F|  |TAMS 0x000000070cb00000, 0x000000070cb00000| Untracked 
|  30|0x000000070cc00000, 0x000000070cc00000, 0x000000070cd00000|  0%| F|  |TAMS 0x000000070cc00000, 0x000000070cc00000| Untracked 
|  31|0x000000070cd00000, 0x000000070cd00000, 0x000000070ce00000|  0%| F|  |TAMS 0x000000070cd00000, 0x000000070cd00000| Untracked 
|  32|0x000000070ce00000, 0x000000070ce00000, 0x000000070cf00000|  0%| F|  |TAMS 0x000000070ce00000, 0x000000070ce00000| Untracked 
|  33|0x000000070cf00000, 0x000000070cf00000, 0x000000070d000000|  0%| F|  |TAMS 0x000000070cf00000, 0x000000070cf00000| Untracked 
|  34|0x000000070d000000, 0x000000070d000000, 0x000000070d100000|  0%| F|  |TAMS 0x000000070d000000, 0x000000070d000000| Untracked 
|  35|0x000000070d100000, 0x000000070d100000, 0x000000070d200000|  0%| F|  |TAMS 0x000000070d100000, 0x000000070d100000| Untracked 
|  36|0x000000070d200000, 0x000000070d200000, 0x000000070d300000|  0%| F|  |TAMS 0x000000070d200000, 0x000000070d200000| Untracked 
|  37|0x000000070d300000, 0x000000070d300000, 0x000000070d400000|  0%| F|  |TAMS 0x000000070d300000, 0x000000070d300000| Untracked 
|  38|0x000000070d400000, 0x000000070d400000, 0x000000070d500000|  0%| F|  |TAMS 0x000000070d400000, 0x000000070d400000| Untracked 
|  39|0x000000070d500000, 0x000000070d500000, 0x000000070d600000|  0%| F|  |TAMS 0x000000070d500000, 0x000000070d500000| Untracked 
|  40|0x000000070d600000, 0x000000070d600000, 0x000000070d700000|  0%| F|  |TAMS 0x000000070d600000, 0x000000070d600000| Untracked 
|  41|0x000000070d700000, 0x000000070d700000, 0x000000070d800000|  0%| F|  |TAMS 0x000000070d700000, 0x000000070d700000| Untracked 
|  42|0x000000070d800000, 0x000000070d800000, 0x000000070d900000|  0%| F|  |TAMS 0x000000070d800000, 0x000000070d800000| Untracked 
|  43|0x000000070d900000, 0x000000070d900000, 0x000000070da00000|  0%| F|  |TAMS 0x000000070d900000, 0x000000070d900000| Untracked 
|  44|0x000000070da00000, 0x000000070da00000, 0x000000070db00000|  0%| F|  |TAMS 0x000000070da00000, 0x000000070da00000| Untracked 
|  45|0x000000070db00000, 0x000000070db00000, 0x000000070dc00000|  0%| F|  |TAMS 0x000000070db00000, 0x000000070db00000| Untracked 
|  46|0x000000070dc00000, 0x000000070dc00000, 0x000000070dd00000|  0%| F|  |TAMS 0x000000070dc00000, 0x000000070dc00000| Untracked 
|  47|0x000000070dd00000, 0x000000070dd00000, 0x000000070de00000|  0%| F|  |TAMS 0x000000070dd00000, 0x000000070dd00000| Untracked 
|  48|0x000000070de00000, 0x000000070de00000, 0x000000070df00000|  0%| F|  |TAMS 0x000000070de00000, 0x000000070de00000| Untracked 
|  49|0x000000070df00000, 0x000000070df00000, 0x000000070e000000|  0%| F|  |TAMS 0x000000070df00000, 0x000000070df00000| Untracked 
|  50|0x000000070e000000, 0x000000070e000000, 0x000000070e100000|  0%| F|  |TAMS 0x000000070e000000, 0x000000070e000000| Untracked 
|  51|0x000000070e100000, 0x000000070e100000, 0x000000070e200000|  0%| F|  |TAMS 0x000000070e100000, 0x000000070e100000| Untracked 
|  52|0x000000070e200000, 0x000000070e200000, 0x000000070e300000|  0%| F|  |TAMS 0x000000070e200000, 0x000000070e200000| Untracked 
|  53|0x000000070e300000, 0x000000070e300000, 0x000000070e400000|  0%| F|  |TAMS 0x000000070e300000, 0x000000070e300000| Untracked 
|  54|0x000000070e400000, 0x000000070e400000, 0x000000070e500000|  0%| F|  |TAMS 0x000000070e400000, 0x000000070e400000| Untracked 
|  55|0x000000070e500000, 0x000000070e500000, 0x000000070e600000|  0%| F|  |TAMS 0x000000070e500000, 0x000000070e500000| Untracked 
|  56|0x000000070e600000, 0x000000070e600000, 0x000000070e700000|  0%| F|  |TAMS 0x000000070e600000, 0x000000070e600000| Untracked 
|  57|0x000000070e700000, 0x000000070e700000, 0x000000070e800000|  0%| F|  |TAMS 0x000000070e700000, 0x000000070e700000| Untracked 
|  58|0x000000070e800000, 0x000000070e800000, 0x000000070e900000|  0%| F|  |TAMS 0x000000070e800000, 0x000000070e800000| Untracked 
|  59|0x000000070e900000, 0x000000070e900000, 0x000000070ea00000|  0%| F|  |TAMS 0x000000070e900000, 0x000000070e900000| Untracked 
|  60|0x000000070ea00000, 0x000000070ea00000, 0x000000070eb00000|  0%| F|  |TAMS 0x000000070ea00000, 0x000000070ea00000| Untracked 
|  61|0x000000070eb00000, 0x000000070eb00000, 0x000000070ec00000|  0%| F|  |TAMS 0x000000070eb00000, 0x000000070eb00000| Untracked 
|  62|0x000000070ec00000, 0x000000070ec00000, 0x000000070ed00000|  0%| F|  |TAMS 0x000000070ec00000, 0x000000070ec00000| Untracked 
|  63|0x000000070ed00000, 0x000000070ed00000, 0x000000070ee00000|  0%| F|  |TAMS 0x000000070ed00000, 0x000000070ed00000| Untracked 
|  64|0x000000070ee00000, 0x000000070ee00000, 0x000000070ef00000|  0%| F|  |TAMS 0x000000070ee00000, 0x000000070ee00000| Untracked 
|  65|0x000000070ef00000, 0x000000070ef00000, 0x000000070f000000|  0%| F|  |TAMS 0x000000070ef00000, 0x000000070ef00000| Untracked 
|  66|0x000000070f000000, 0x000000070f000000, 0x000000070f100000|  0%| F|  |TAMS 0x000000070f000000, 0x000000070f000000| Untracked 
|  67|0x000000070f100000, 0x000000070f100000, 0x000000070f200000|  0%| F|  |TAMS 0x000000070f100000, 0x000000070f100000| Untracked 
|  68|0x000000070f200000, 0x000000070f200000, 0x000000070f300000|  0%| F|  |TAMS 0x000000070f200000, 0x000000070f200000| Untracked 
|  69|0x000000070f300000, 0x000000070f300000, 0x000000070f400000|  0%| F|  |TAMS 0x000000070f300000, 0x000000070f300000| Untracked 
|  70|0x000000070f400000, 0x000000070f400000, 0x000000070f500000|  0%| F|  |TAMS 0x000000070f400000, 0x000000070f400000| Untracked 
|  71|0x000000070f500000, 0x000000070f500000, 0x000000070f600000|  0%| F|  |TAMS 0x000000070f500000, 0x000000070f500000| Untracked 
|  72|0x000000070f600000, 0x000000070f600000, 0x000000070f700000|  0%| F|  |TAMS 0x000000070f600000, 0x000000070f600000| Untracked 
|  73|0x000000070f700000, 0x000000070f700000, 0x000000070f800000|  0%| F|  |TAMS 0x000000070f700000, 0x000000070f700000| Untracked 
|  74|0x000000070f800000, 0x000000070f800000, 0x000000070f900000|  0%| F|  |TAMS 0x000000070f800000, 0x000000070f800000| Untracked 
|  75|0x000000070f900000, 0x000000070f900000, 0x000000070fa00000|  0%| F|  |TAMS 0x000000070f900000, 0x000000070f900000| Untracked 
|  76|0x000000070fa00000, 0x000000070fa00000, 0x000000070fb00000|  0%| F|  |TAMS 0x000000070fa00000, 0x000000070fa00000| Untracked 
|  77|0x000000070fb00000, 0x000000070fb00000, 0x000000070fc00000|  0%| F|  |TAMS 0x000000070fb00000, 0x000000070fb00000| Untracked 
|  78|0x000000070fc00000, 0x000000070fc00000, 0x000000070fd00000|  0%| F|  |TAMS 0x000000070fc00000, 0x000000070fc00000| Untracked 
|  79|0x000000070fd00000, 0x000000070fd00000, 0x000000070fe00000|  0%| F|  |TAMS 0x000000070fd00000, 0x000000070fd00000| Untracked 
|  80|0x000000070fe00000, 0x000000070fe00000, 0x000000070ff00000|  0%| F|  |TAMS 0x000000070fe00000, 0x000000070fe00000| Untracked 
|  81|0x000000070ff00000, 0x000000070ff00000, 0x0000000710000000|  0%| F|  |TAMS 0x000000070ff00000, 0x000000070ff00000| Untracked 
|  82|0x0000000710000000, 0x0000000710000000, 0x0000000710100000|  0%| F|  |TAMS 0x0000000710000000, 0x0000000710000000| Untracked 
|  83|0x0000000710100000, 0x0000000710100000, 0x0000000710200000|  0%| F|  |TAMS 0x0000000710100000, 0x0000000710100000| Untracked 
|  84|0x0000000710200000, 0x0000000710200000, 0x0000000710300000|  0%| F|  |TAMS 0x0000000710200000, 0x0000000710200000| Untracked 
|  85|0x0000000710300000, 0x0000000710300000, 0x0000000710400000|  0%| F|  |TAMS 0x0000000710300000, 0x0000000710300000| Untracked 
|  86|0x0000000710400000, 0x0000000710400000, 0x0000000710500000|  0%| F|  |TAMS 0x0000000710400000, 0x0000000710400000| Untracked 
|  87|0x0000000710500000, 0x0000000710500000, 0x0000000710600000|  0%| F|  |TAMS 0x0000000710500000, 0x0000000710500000| Untracked 
|  88|0x0000000710600000, 0x0000000710600000, 0x0000000710700000|  0%| F|  |TAMS 0x0000000710600000, 0x0000000710600000| Untracked 
|  89|0x0000000710700000, 0x0000000710700000, 0x0000000710800000|  0%| F|  |TAMS 0x0000000710700000, 0x0000000710700000| Untracked 
|  90|0x0000000710800000, 0x0000000710800000, 0x0000000710900000|  0%| F|  |TAMS 0x0000000710800000, 0x0000000710800000| Untracked 
|  91|0x0000000710900000, 0x0000000710900000, 0x0000000710a00000|  0%| F|  |TAMS 0x0000000710900000, 0x0000000710900000| Untracked 
|  92|0x0000000710a00000, 0x0000000710a00000, 0x0000000710b00000|  0%| F|  |TAMS 0x0000000710a00000, 0x0000000710a00000| Untracked 
|  93|0x0000000710b00000, 0x0000000710b00000, 0x0000000710c00000|  0%| F|  |TAMS 0x0000000710b00000, 0x0000000710b00000| Untracked 
|  94|0x0000000710c00000, 0x0000000710c00000, 0x0000000710d00000|  0%| F|  |TAMS 0x0000000710c00000, 0x0000000710c00000| Untracked 
|  95|0x0000000710d00000, 0x0000000710d00000, 0x0000000710e00000|  0%| F|  |TAMS 0x0000000710d00000, 0x0000000710d00000| Untracked 
|  96|0x0000000710e00000, 0x0000000710e00000, 0x0000000710f00000|  0%| F|  |TAMS 0x0000000710e00000, 0x0000000710e00000| Untracked 
|  97|0x0000000710f00000, 0x0000000710f00000, 0x0000000711000000|  0%| F|  |TAMS 0x0000000710f00000, 0x0000000710f00000| Untracked 
|  98|0x0000000711000000, 0x0000000711000000, 0x0000000711100000|  0%| F|  |TAMS 0x0000000711000000, 0x0000000711000000| Untracked 
|  99|0x0000000711100000, 0x0000000711100000, 0x0000000711200000|  0%| F|  |TAMS 0x0000000711100000, 0x0000000711100000| Untracked 
| 100|0x0000000711200000, 0x0000000711200000, 0x0000000711300000|  0%| F|  |TAMS 0x0000000711200000, 0x0000000711200000| Untracked 
| 101|0x0000000711300000, 0x0000000711300000, 0x0000000711400000|  0%| F|  |TAMS 0x0000000711300000, 0x0000000711300000| Untracked 
| 102|0x0000000711400000, 0x0000000711400000, 0x0000000711500000|  0%| F|  |TAMS 0x0000000711400000, 0x0000000711400000| Untracked 
| 103|0x0000000711500000, 0x0000000711500000, 0x0000000711600000|  0%| F|  |TAMS 0x0000000711500000, 0x0000000711500000| Untracked 
| 104|0x0000000711600000, 0x0000000711600000, 0x0000000711700000|  0%| F|  |TAMS 0x0000000711600000, 0x0000000711600000| Untracked 
| 105|0x0000000711700000, 0x0000000711700000, 0x0000000711800000|  0%| F|  |TAMS 0x0000000711700000, 0x0000000711700000| Untracked 
| 106|0x0000000711800000, 0x0000000711800000, 0x0000000711900000|  0%| F|  |TAMS 0x0000000711800000, 0x0000000711800000| Untracked 
| 107|0x0000000711900000, 0x0000000711900000, 0x0000000711a00000|  0%| F|  |TAMS 0x0000000711900000, 0x0000000711900000| Untracked 
| 108|0x0000000711a00000, 0x0000000711a00000, 0x0000000711b00000|  0%| F|  |TAMS 0x0000000711a00000, 0x0000000711a00000| Untracked 
| 109|0x0000000711b00000, 0x0000000711b00000, 0x0000000711c00000|  0%| F|  |TAMS 0x0000000711b00000, 0x0000000711b00000| Untracked 
| 110|0x0000000711c00000, 0x0000000711c00000, 0x0000000711d00000|  0%| F|  |TAMS 0x0000000711c00000, 0x0000000711c00000| Untracked 
| 111|0x0000000711d00000, 0x0000000711d00000, 0x0000000711e00000|  0%| F|  |TAMS 0x0000000711d00000, 0x0000000711d00000| Untracked 
| 112|0x0000000711e00000, 0x0000000711e00000, 0x0000000711f00000|  0%| F|  |TAMS 0x0000000711e00000, 0x0000000711e00000| Untracked 
| 113|0x0000000711f00000, 0x0000000711f00000, 0x0000000712000000|  0%| F|  |TAMS 0x0000000711f00000, 0x0000000711f00000| Untracked 
| 114|0x0000000712000000, 0x0000000712000000, 0x0000000712100000|  0%| F|  |TAMS 0x0000000712000000, 0x0000000712000000| Untracked 
| 115|0x0000000712100000, 0x0000000712100000, 0x0000000712200000|  0%| F|  |TAMS 0x0000000712100000, 0x0000000712100000| Untracked 
| 116|0x0000000712200000, 0x0000000712200000, 0x0000000712300000|  0%| F|  |TAMS 0x0000000712200000, 0x0000000712200000| Untracked 
| 117|0x0000000712300000, 0x0000000712300000, 0x0000000712400000|  0%| F|  |TAMS 0x0000000712300000, 0x0000000712300000| Untracked 
| 118|0x0000000712400000, 0x0000000712400000, 0x0000000712500000|  0%| F|  |TAMS 0x0000000712400000, 0x0000000712400000| Untracked 
| 119|0x0000000712500000, 0x0000000712500000, 0x0000000712600000|  0%| F|  |TAMS 0x0000000712500000, 0x0000000712500000| Untracked 
| 120|0x0000000712600000, 0x0000000712600000, 0x0000000712700000|  0%| F|  |TAMS 0x0000000712600000, 0x0000000712600000| Untracked 
| 121|0x0000000712700000, 0x0000000712700000, 0x0000000712800000|  0%| F|  |TAMS 0x0000000712700000, 0x0000000712700000| Untracked 
| 122|0x0000000712800000, 0x0000000712800000, 0x0000000712900000|  0%| F|  |TAMS 0x0000000712800000, 0x0000000712800000| Untracked 
| 123|0x0000000712900000, 0x0000000712900000, 0x0000000712a00000|  0%| F|  |TAMS 0x0000000712900000, 0x0000000712900000| Untracked 
| 124|0x0000000712a00000, 0x0000000712a00000, 0x0000000712b00000|  0%| F|  |TAMS 0x0000000712a00000, 0x0000000712a00000| Untracked 
| 125|0x0000000712b00000, 0x0000000712b00000, 0x0000000712c00000|  0%| F|  |TAMS 0x0000000712b00000, 0x0000000712b00000| Untracked 
| 126|0x0000000712c00000, 0x0000000712c00000, 0x0000000712d00000|  0%| F|  |TAMS 0x0000000712c00000, 0x0000000712c00000| Untracked 
| 127|0x0000000712d00000, 0x0000000712d00000, 0x0000000712e00000|  0%| F|  |TAMS 0x0000000712d00000, 0x0000000712d00000| Untracked 
| 128|0x0000000712e00000, 0x0000000712e00000, 0x0000000712f00000|  0%| F|  |TAMS 0x0000000712e00000, 0x0000000712e00000| Untracked 
| 129|0x0000000712f00000, 0x0000000712f00000, 0x0000000713000000|  0%| F|  |TAMS 0x0000000712f00000, 0x0000000712f00000| Untracked 
| 130|0x0000000713000000, 0x0000000713000000, 0x0000000713100000|  0%| F|  |TAMS 0x0000000713000000, 0x0000000713000000| Untracked 
| 131|0x0000000713100000, 0x0000000713100000, 0x0000000713200000|  0%| F|  |TAMS 0x0000000713100000, 0x0000000713100000| Untracked 
| 132|0x0000000713200000, 0x0000000713200000, 0x0000000713300000|  0%| F|  |TAMS 0x0000000713200000, 0x0000000713200000| Untracked 
| 133|0x0000000713300000, 0x0000000713300000, 0x0000000713400000|  0%| F|  |TAMS 0x0000000713300000, 0x0000000713300000| Untracked 
| 134|0x0000000713400000, 0x0000000713400000, 0x0000000713500000|  0%| F|  |TAMS 0x0000000713400000, 0x0000000713400000| Untracked 
| 135|0x0000000713500000, 0x0000000713500000, 0x0000000713600000|  0%| F|  |TAMS 0x0000000713500000, 0x0000000713500000| Untracked 
| 136|0x0000000713600000, 0x0000000713600000, 0x0000000713700000|  0%| F|  |TAMS 0x0000000713600000, 0x0000000713600000| Untracked 
| 137|0x0000000713700000, 0x0000000713700000, 0x0000000713800000|  0%| F|  |TAMS 0x0000000713700000, 0x0000000713700000| Untracked 
| 138|0x0000000713800000, 0x0000000713800000, 0x0000000713900000|  0%| F|  |TAMS 0x0000000713800000, 0x0000000713800000| Untracked 
| 139|0x0000000713900000, 0x0000000713900000, 0x0000000713a00000|  0%| F|  |TAMS 0x0000000713900000, 0x0000000713900000| Untracked 
| 140|0x0000000713a00000, 0x0000000713a00000, 0x0000000713b00000|  0%| F|  |TAMS 0x0000000713a00000, 0x0000000713a00000| Untracked 
| 141|0x0000000713b00000, 0x0000000713b00000, 0x0000000713c00000|  0%| F|  |TAMS 0x0000000713b00000, 0x0000000713b00000| Untracked 
| 142|0x0000000713c00000, 0x0000000713c00000, 0x0000000713d00000|  0%| F|  |TAMS 0x0000000713c00000, 0x0000000713c00000| Untracked 
| 143|0x0000000713d00000, 0x0000000713d00000, 0x0000000713e00000|  0%| F|  |TAMS 0x0000000713d00000, 0x0000000713d00000| Untracked 
| 144|0x0000000713e00000, 0x0000000713e00000, 0x0000000713f00000|  0%| F|  |TAMS 0x0000000713e00000, 0x0000000713e00000| Untracked 
| 145|0x0000000713f00000, 0x0000000713f00000, 0x0000000714000000|  0%| F|  |TAMS 0x0000000713f00000, 0x0000000713f00000| Untracked 
| 146|0x0000000714000000, 0x0000000714000000, 0x0000000714100000|  0%| F|  |TAMS 0x0000000714000000, 0x0000000714000000| Untracked 
| 147|0x0000000714100000, 0x0000000714100000, 0x0000000714200000|  0%| F|  |TAMS 0x0000000714100000, 0x0000000714100000| Untracked 
| 148|0x0000000714200000, 0x0000000714200000, 0x0000000714300000|  0%| F|  |TAMS 0x0000000714200000, 0x0000000714200000| Untracked 
| 149|0x0000000714300000, 0x0000000714300000, 0x0000000714400000|  0%| F|  |TAMS 0x0000000714300000, 0x0000000714300000| Untracked 
| 150|0x0000000714400000, 0x0000000714400000, 0x0000000714500000|  0%| F|  |TAMS 0x0000000714400000, 0x0000000714400000| Untracked 
| 151|0x0000000714500000, 0x0000000714500000, 0x0000000714600000|  0%| F|  |TAMS 0x0000000714500000, 0x0000000714500000| Untracked 
| 152|0x0000000714600000, 0x0000000714600000, 0x0000000714700000|  0%| F|  |TAMS 0x0000000714600000, 0x0000000714600000| Untracked 
| 153|0x0000000714700000, 0x0000000714700000, 0x0000000714800000|  0%| F|  |TAMS 0x0000000714700000, 0x0000000714700000| Untracked 
| 154|0x0000000714800000, 0x0000000714800000, 0x0000000714900000|  0%| F|  |TAMS 0x0000000714800000, 0x0000000714800000| Untracked 
| 155|0x0000000714900000, 0x0000000714900000, 0x0000000714a00000|  0%| F|  |TAMS 0x0000000714900000, 0x0000000714900000| Untracked 
| 156|0x0000000714a00000, 0x0000000714a00000, 0x0000000714b00000|  0%| F|  |TAMS 0x0000000714a00000, 0x0000000714a00000| Untracked 
| 157|0x0000000714b00000, 0x0000000714b00000, 0x0000000714c00000|  0%| F|  |TAMS 0x0000000714b00000, 0x0000000714b00000| Untracked 
| 158|0x0000000714c00000, 0x0000000714c00000, 0x0000000714d00000|  0%| F|  |TAMS 0x0000000714c00000, 0x0000000714c00000| Untracked 
| 159|0x0000000714d00000, 0x0000000714d00000, 0x0000000714e00000|  0%| F|  |TAMS 0x0000000714d00000, 0x0000000714d00000| Untracked 
| 160|0x0000000714e00000, 0x0000000714e00000, 0x0000000714f00000|  0%| F|  |TAMS 0x0000000714e00000, 0x0000000714e00000| Untracked 
| 161|0x0000000714f00000, 0x0000000714f00000, 0x0000000715000000|  0%| F|  |TAMS 0x0000000714f00000, 0x0000000714f00000| Untracked 
| 162|0x0000000715000000, 0x0000000715000000, 0x0000000715100000|  0%| F|  |TAMS 0x0000000715000000, 0x0000000715000000| Untracked 
| 163|0x0000000715100000, 0x0000000715100000, 0x0000000715200000|  0%| F|  |TAMS 0x0000000715100000, 0x0000000715100000| Untracked 
| 164|0x0000000715200000, 0x0000000715200000, 0x0000000715300000|  0%| F|  |TAMS 0x0000000715200000, 0x0000000715200000| Untracked 
| 165|0x0000000715300000, 0x0000000715300000, 0x0000000715400000|  0%| F|  |TAMS 0x0000000715300000, 0x0000000715300000| Untracked 
| 166|0x0000000715400000, 0x0000000715400000, 0x0000000715500000|  0%| F|  |TAMS 0x0000000715400000, 0x0000000715400000| Untracked 
| 167|0x0000000715500000, 0x0000000715500000, 0x0000000715600000|  0%| F|  |TAMS 0x0000000715500000, 0x0000000715500000| Untracked 
| 168|0x0000000715600000, 0x0000000715600000, 0x0000000715700000|  0%| F|  |TAMS 0x0000000715600000, 0x0000000715600000| Untracked 
| 169|0x0000000715700000, 0x0000000715700000, 0x0000000715800000|  0%| F|  |TAMS 0x0000000715700000, 0x0000000715700000| Untracked 
| 170|0x0000000715800000, 0x0000000715800000, 0x0000000715900000|  0%| F|  |TAMS 0x0000000715800000, 0x0000000715800000| Untracked 
| 171|0x0000000715900000, 0x0000000715900000, 0x0000000715a00000|  0%| F|  |TAMS 0x0000000715900000, 0x0000000715900000| Untracked 
| 172|0x0000000715a00000, 0x0000000715a00000, 0x0000000715b00000|  0%| F|  |TAMS 0x0000000715a00000, 0x0000000715a00000| Untracked 
| 173|0x0000000715b00000, 0x0000000715b00000, 0x0000000715c00000|  0%| F|  |TAMS 0x0000000715b00000, 0x0000000715b00000| Untracked 
| 174|0x0000000715c00000, 0x0000000715c00000, 0x0000000715d00000|  0%| F|  |TAMS 0x0000000715c00000, 0x0000000715c00000| Untracked 
| 175|0x0000000715d00000, 0x0000000715d00000, 0x0000000715e00000|  0%| F|  |TAMS 0x0000000715d00000, 0x0000000715d00000| Untracked 
| 176|0x0000000715e00000, 0x0000000715e00000, 0x0000000715f00000|  0%| F|  |TAMS 0x0000000715e00000, 0x0000000715e00000| Untracked 
| 177|0x0000000715f00000, 0x0000000715f00000, 0x0000000716000000|  0%| F|  |TAMS 0x0000000715f00000, 0x0000000715f00000| Untracked 
| 178|0x0000000716000000, 0x0000000716000000, 0x0000000716100000|  0%| F|  |TAMS 0x0000000716000000, 0x0000000716000000| Untracked 
| 179|0x0000000716100000, 0x0000000716100000, 0x0000000716200000|  0%| F|  |TAMS 0x0000000716100000, 0x0000000716100000| Untracked 
| 180|0x0000000716200000, 0x0000000716200000, 0x0000000716300000|  0%| F|  |TAMS 0x0000000716200000, 0x0000000716200000| Untracked 
| 181|0x0000000716300000, 0x0000000716300000, 0x0000000716400000|  0%| F|  |TAMS 0x0000000716300000, 0x0000000716300000| Untracked 
| 182|0x0000000716400000, 0x0000000716400000, 0x0000000716500000|  0%| F|  |TAMS 0x0000000716400000, 0x0000000716400000| Untracked 
| 183|0x0000000716500000, 0x0000000716500000, 0x0000000716600000|  0%| F|  |TAMS 0x0000000716500000, 0x0000000716500000| Untracked 
| 184|0x0000000716600000, 0x0000000716600000, 0x0000000716700000|  0%| F|  |TAMS 0x0000000716600000, 0x0000000716600000| Untracked 
| 185|0x0000000716700000, 0x0000000716700000, 0x0000000716800000|  0%| F|  |TAMS 0x0000000716700000, 0x0000000716700000| Untracked 
| 186|0x0000000716800000, 0x0000000716800000, 0x0000000716900000|  0%| F|  |TAMS 0x0000000716800000, 0x0000000716800000| Untracked 
| 187|0x0000000716900000, 0x0000000716900000, 0x0000000716a00000|  0%| F|  |TAMS 0x0000000716900000, 0x0000000716900000| Untracked 
| 188|0x0000000716a00000, 0x0000000716a00000, 0x0000000716b00000|  0%| F|  |TAMS 0x0000000716a00000, 0x0000000716a00000| Untracked 
| 189|0x0000000716b00000, 0x0000000716b00000, 0x0000000716c00000|  0%| F|  |TAMS 0x0000000716b00000, 0x0000000716b00000| Untracked 
| 190|0x0000000716c00000, 0x0000000716c00000, 0x0000000716d00000|  0%| F|  |TAMS 0x0000000716c00000, 0x0000000716c00000| Untracked 
| 191|0x0000000716d00000, 0x0000000716d00000, 0x0000000716e00000|  0%| F|  |TAMS 0x0000000716d00000, 0x0000000716d00000| Untracked 
| 192|0x0000000716e00000, 0x0000000716e00000, 0x0000000716f00000|  0%| F|  |TAMS 0x0000000716e00000, 0x0000000716e00000| Untracked 
| 193|0x0000000716f00000, 0x0000000716f00000, 0x0000000717000000|  0%| F|  |TAMS 0x0000000716f00000, 0x0000000716f00000| Untracked 
| 194|0x0000000717000000, 0x0000000717000000, 0x0000000717100000|  0%| F|  |TAMS 0x0000000717000000, 0x0000000717000000| Untracked 
| 195|0x0000000717100000, 0x0000000717100000, 0x0000000717200000|  0%| F|  |TAMS 0x0000000717100000, 0x0000000717100000| Untracked 
| 196|0x0000000717200000, 0x0000000717200000, 0x0000000717300000|  0%| F|  |TAMS 0x0000000717200000, 0x0000000717200000| Untracked 
| 197|0x0000000717300000, 0x0000000717300000, 0x0000000717400000|  0%| F|  |TAMS 0x0000000717300000, 0x0000000717300000| Untracked 
| 198|0x0000000717400000, 0x0000000717400000, 0x0000000717500000|  0%| F|  |TAMS 0x0000000717400000, 0x0000000717400000| Untracked 
| 199|0x0000000717500000, 0x0000000717500000, 0x0000000717600000|  0%| F|  |TAMS 0x0000000717500000, 0x0000000717500000| Untracked 
| 200|0x0000000717600000, 0x0000000717600000, 0x0000000717700000|  0%| F|  |TAMS 0x0000000717600000, 0x0000000717600000| Untracked 
| 201|0x0000000717700000, 0x0000000717700000, 0x0000000717800000|  0%| F|  |TAMS 0x0000000717700000, 0x0000000717700000| Untracked 
| 202|0x0000000717800000, 0x0000000717800000, 0x0000000717900000|  0%| F|  |TAMS 0x0000000717800000, 0x0000000717800000| Untracked 
| 203|0x0000000717900000, 0x0000000717900000, 0x0000000717a00000|  0%| F|  |TAMS 0x0000000717900000, 0x0000000717900000| Untracked 
| 204|0x0000000717a00000, 0x0000000717a00000, 0x0000000717b00000|  0%| F|  |TAMS 0x0000000717a00000, 0x0000000717a00000| Untracked 
| 205|0x0000000717b00000, 0x0000000717b00000, 0x0000000717c00000|  0%| F|  |TAMS 0x0000000717b00000, 0x0000000717b00000| Untracked 
| 206|0x0000000717c00000, 0x0000000717c00000, 0x0000000717d00000|  0%| F|  |TAMS 0x0000000717c00000, 0x0000000717c00000| Untracked 
| 207|0x0000000717d00000, 0x0000000717d00000, 0x0000000717e00000|  0%| F|  |TAMS 0x0000000717d00000, 0x0000000717d00000| Untracked 
| 208|0x0000000717e00000, 0x0000000717e00000, 0x0000000717f00000|  0%| F|  |TAMS 0x0000000717e00000, 0x0000000717e00000| Untracked 
| 209|0x0000000717f00000, 0x0000000717f00000, 0x0000000718000000|  0%| F|  |TAMS 0x0000000717f00000, 0x0000000717f00000| Untracked 
| 210|0x0000000718000000, 0x0000000718000000, 0x0000000718100000|  0%| F|  |TAMS 0x0000000718000000, 0x0000000718000000| Untracked 
| 211|0x0000000718100000, 0x0000000718100000, 0x0000000718200000|  0%| F|  |TAMS 0x0000000718100000, 0x0000000718100000| Untracked 
| 212|0x0000000718200000, 0x0000000718200000, 0x0000000718300000|  0%| F|  |TAMS 0x0000000718200000, 0x0000000718200000| Untracked 
| 213|0x0000000718300000, 0x0000000718300000, 0x0000000718400000|  0%| F|  |TAMS 0x0000000718300000, 0x0000000718300000| Untracked 
| 214|0x0000000718400000, 0x0000000718400000, 0x0000000718500000|  0%| F|  |TAMS 0x0000000718400000, 0x0000000718400000| Untracked 
| 215|0x0000000718500000, 0x0000000718500000, 0x0000000718600000|  0%| F|  |TAMS 0x0000000718500000, 0x0000000718500000| Untracked 
| 216|0x0000000718600000, 0x0000000718600000, 0x0000000718700000|  0%| F|  |TAMS 0x0000000718600000, 0x0000000718600000| Untracked 
| 217|0x0000000718700000, 0x0000000718700000, 0x0000000718800000|  0%| F|  |TAMS 0x0000000718700000, 0x0000000718700000| Untracked 
| 218|0x0000000718800000, 0x0000000718800000, 0x0000000718900000|  0%| F|  |TAMS 0x0000000718800000, 0x0000000718800000| Untracked 
| 219|0x0000000718900000, 0x0000000718900000, 0x0000000718a00000|  0%| F|  |TAMS 0x0000000718900000, 0x0000000718900000| Untracked 
| 220|0x0000000718a00000, 0x0000000718a00000, 0x0000000718b00000|  0%| F|  |TAMS 0x0000000718a00000, 0x0000000718a00000| Untracked 
| 221|0x0000000718b00000, 0x0000000718b00000, 0x0000000718c00000|  0%| F|  |TAMS 0x0000000718b00000, 0x0000000718b00000| Untracked 
| 222|0x0000000718c00000, 0x0000000718c00000, 0x0000000718d00000|  0%| F|  |TAMS 0x0000000718c00000, 0x0000000718c00000| Untracked 
| 223|0x0000000718d00000, 0x0000000718d00000, 0x0000000718e00000|  0%| F|  |TAMS 0x0000000718d00000, 0x0000000718d00000| Untracked 
| 224|0x0000000718e00000, 0x0000000718e00000, 0x0000000718f00000|  0%| F|  |TAMS 0x0000000718e00000, 0x0000000718e00000| Untracked 
| 225|0x0000000718f00000, 0x0000000718f00000, 0x0000000719000000|  0%| F|  |TAMS 0x0000000718f00000, 0x0000000718f00000| Untracked 
| 226|0x0000000719000000, 0x0000000719000000, 0x0000000719100000|  0%| F|  |TAMS 0x0000000719000000, 0x0000000719000000| Untracked 
| 227|0x0000000719100000, 0x0000000719100000, 0x0000000719200000|  0%| F|  |TAMS 0x0000000719100000, 0x0000000719100000| Untracked 
| 228|0x0000000719200000, 0x0000000719200000, 0x0000000719300000|  0%| F|  |TAMS 0x0000000719200000, 0x0000000719200000| Untracked 
| 229|0x0000000719300000, 0x0000000719300000, 0x0000000719400000|  0%| F|  |TAMS 0x0000000719300000, 0x0000000719300000| Untracked 
| 230|0x0000000719400000, 0x0000000719400000, 0x0000000719500000|  0%| F|  |TAMS 0x0000000719400000, 0x0000000719400000| Untracked 
| 231|0x0000000719500000, 0x0000000719500000, 0x0000000719600000|  0%| F|  |TAMS 0x0000000719500000, 0x0000000719500000| Untracked 
| 232|0x0000000719600000, 0x0000000719600000, 0x0000000719700000|  0%| F|  |TAMS 0x0000000719600000, 0x0000000719600000| Untracked 
| 233|0x0000000719700000, 0x0000000719700000, 0x0000000719800000|  0%| F|  |TAMS 0x0000000719700000, 0x0000000719700000| Untracked 
| 234|0x0000000719800000, 0x0000000719800000, 0x0000000719900000|  0%| F|  |TAMS 0x0000000719800000, 0x0000000719800000| Untracked 
| 235|0x0000000719900000, 0x0000000719900000, 0x0000000719a00000|  0%| F|  |TAMS 0x0000000719900000, 0x0000000719900000| Untracked 
| 236|0x0000000719a00000, 0x0000000719a00000, 0x0000000719b00000|  0%| F|  |TAMS 0x0000000719a00000, 0x0000000719a00000| Untracked 
| 237|0x0000000719b00000, 0x0000000719b00000, 0x0000000719c00000|  0%| F|  |TAMS 0x0000000719b00000, 0x0000000719b00000| Untracked 
| 238|0x0000000719c00000, 0x0000000719c00000, 0x0000000719d00000|  0%| F|  |TAMS 0x0000000719c00000, 0x0000000719c00000| Untracked 
| 239|0x0000000719d00000, 0x0000000719d00000, 0x0000000719e00000|  0%| F|  |TAMS 0x0000000719d00000, 0x0000000719d00000| Untracked 
| 240|0x0000000719e00000, 0x0000000719ef6498, 0x0000000719f00000| 96%| E|  |TAMS 0x0000000719e00000, 0x0000000719e00000| Complete 
| 241|0x0000000719f00000, 0x000000071a000000, 0x000000071a000000|100%| E|CS|TAMS 0x0000000719f00000, 0x0000000719f00000| Complete 
| 242|0x000000071a000000, 0x000000071a100000, 0x000000071a100000|100%| E|CS|TAMS 0x000000071a000000, 0x000000071a000000| Complete 
| 243|0x000000071a100000, 0x000000071a200000, 0x000000071a200000|100%| E|CS|TAMS 0x000000071a100000, 0x000000071a100000| Complete 
| 244|0x000000071a200000, 0x000000071a300000, 0x000000071a300000|100%| E|CS|TAMS 0x000000071a200000, 0x000000071a200000| Complete 
| 245|0x000000071a300000, 0x000000071a400000, 0x000000071a400000|100%| E|CS|TAMS 0x000000071a300000, 0x000000071a300000| Complete 

Card table byte_map: [0x00007ff083857000,0x00007ff084000000] _byte_map_base: 0x00007ff080000000

Marking Bits (Prev, Next): (CMBitMap*) 0x00007ff0a0087fa8, (CMBitMap*) 0x00007ff0a0087fe0
 Prev Bits: [0x00007ff07f366000, 0x00007ff0830ae000)
 Next Bits: [0x00007ff07b61e000, 0x00007ff07f366000)

Polling page: 0x00007ff0a8cbd000

Metaspace:

Usage:
  Non-class:      8.29 MB capacity,     8.18 MB ( 99%) used,   103.02 KB (  1%) free+waste,     9.25 KB ( <1%) overhead. 
      Class:    958.00 KB capacity,   883.43 KB ( 92%) used,    70.13 KB (  7%) free+waste,     4.44 KB ( <1%) overhead. 
       Both:      9.22 MB capacity,     9.04 MB ( 98%) used,   173.15 KB (  2%) free+waste,    13.69 KB ( <1%) overhead. 

Virtual space:
  Non-class space:       10.00 MB reserved,       8.50 MB ( 85%) committed 
      Class space:        1.00 GB reserved,       1.00 MB ( <1%) committed 
             Both:        1.01 GB reserved,       9.50 MB ( <1%) committed 

Chunk freelists:
   Non-Class:  9.00 KB
       Class:  256 bytes
        Both:  9.25 KB

CodeHeap 'non-profiled nmethods': size=120032Kb used=140Kb max_used=140Kb free=119891Kb
 bounds [0x00007ff09070a000, 0x00007ff09097a000, 0x00007ff097c42000]
CodeHeap 'profiled nmethods': size=120028Kb used=656Kb max_used=656Kb free=119371Kb
 bounds [0x00007ff0891d3000, 0x00007ff089443000, 0x00007ff09070a000]
CodeHeap 'non-nmethods': size=5700Kb used=1071Kb max_used=1086Kb free=4628Kb
 bounds [0x00007ff088c42000, 0x00007ff088eb2000, 0x00007ff0891d3000]
 total_blobs=919 nmethods=447 adapters=286
 compilation: enabled
              stopped_count=0, restarted_count=0
 full_count=0

Compilation events (10 events):
Event: 0.186 Thread 0x00007ff0a028c800  445       3       java.util.LinkedHashMap::afterNodeInsertion (40 bytes)
Event: 0.186 Thread 0x00007ff0a028c800 nmethod 445 0x00007ff089275590 code [0x00007ff089275780, 0x00007ff089275c68]
Event: 0.186 Thread 0x00007ff0a028c800  431       3       java.util.LinkedHashMap::get (33 bytes)
Event: 0.187 Thread 0x00007ff0a028c800 nmethod 431 0x00007ff089275e10 code [0x00007ff089276000, 0x00007ff0892764a8]
Event: 0.187 Thread 0x00007ff0a028c800  444       3       java.lang.Short::<init> (10 bytes)
Event: 0.187 Thread 0x00007ff0a028c800 nmethod 444 0x00007ff089276610 code [0x00007ff0892767c0, 0x00007ff0892769d0]
Event: 0.187 Thread 0x00007ff0a028c800  446       1       java.security.CodeSource::getLocation (5 bytes)
Event: 0.187 Thread 0x00007ff0a028c800 nmethod 446 0x00007ff09072b510 code [0x00007ff09072b6c0, 0x00007ff09072b7d0]
Event: 0.187 Thread 0x00007ff0a028c800  447       3       java.lang.CharacterDataLatin1::toUpperCase (53 bytes)
Event: 0.188 Thread 0x00007ff0a028c800 nmethod 447 0x00007ff089276a90 code [0x00007ff089276c60, 0x00007ff089276f50]

GC Heap History (0 events):
No events

Deoptimization events (2 events):
Event: 0.139 Thread 0x00007ff0a0013000 Uncommon trap: reason=class_check action=maybe_recompile pc=0x00007ff090717964 method=java.util.HashMap.putVal(ILjava/lang/Object;Ljava/lang/Object;ZZ)Ljava/lang/Object; @ 253 c2
Event: 0.139 Thread 0x00007ff0a0013000 Uncommon trap: reason=unstable_if action=reinterpret pc=0x00007ff090717954 method=java.util.HashMap.putVal(ILjava/lang/Object;Ljava/lang/Object;ZZ)Ljava/lang/Object; @ 181 c2

Classes redefined (0 events):
No events

Internal exceptions (5 events):
Event: 0.156 Thread 0x00007ff0a0013000 Exception <a 'java/lang/NoSuchMethodError'{0x0000000719f21f50}: java.lang.invoke.DirectMethodHandle$Holder.invokeStaticInit(Ljava/lang/Object;Ljava/lang/Object;JLjava/lang/Object;)Ljava/lang/Object;> (0x0000000719f21f50) thrown at [/scratch/opt/mach5/meso
Event: 0.157 Thread 0x00007ff0a0013000 Exception <a 'java/lang/NoSuchMethodError'{0x0000000719f2e0b0}: java.lang.invoke.Invokers$Holder.linkToTargetMethod(Ljava/lang/Object;JLjava/lang/Object;)Ljava/lang/Object;> (0x0000000719f2e0b0) thrown at [/scratch/opt/mach5/mesos/work_dir/slaves/2dd962d0
Event: 0.158 Thread 0x00007ff0a0013000 Exception <a 'java/lang/NoSuchMethodError'{0x0000000719f35468}: java.lang.invoke.DirectMethodHandle$Holder.invokeStatic(Ljava/lang/Object;Ljava/lang/Object;Ljava/lang/Object;I)Ljava/lang/Object;> (0x0000000719f35468) thrown at [/scratch/opt/mach5/mesos/wo
Event: 0.159 Thread 0x00007ff0a0013000 Exception <a 'java/lang/NoSuchMethodError'{0x0000000719f390e0}: java.lang.invoke.DirectMethodHandle$Holder.invokeSpecial(Ljava/lang/Object;Ljava/lang/Object;Ljava/lang/Object;Ljava/lang/Object;I)Ljava/lang/Object;> (0x0000000719f390e0) thrown at [/scratch
Event: 0.159 Thread 0x00007ff0a0013000 Exception <a 'java/lang/NoSuchMethodError'{0x0000000719f3c570}: java.lang.invoke.Invokers$Holder.linkToTargetMethod(Ljava/lang/Object;Ljava/lang/Object;ILjava/lang/Object;)Ljava/lang/Object;> (0x0000000719f3c570) thrown at [/scratch/opt/mach5/mesos/work_d

Events (10 events):
Event: 0.188 loading class com/sun/jna/VarArgsChecker$RealVarArgsChecker
Event: 0.188 loading class com/sun/jna/VarArgsChecker$RealVarArgsChecker done
Event: 0.188 loading class com/sun/jna/VarArgsChecker$NoVarArgsChecker
Event: 0.188 loading class com/sun/jna/VarArgsChecker$NoVarArgsChecker done
Event: 0.188 loading class java/lang/reflect/TypeVariable
Event: 0.188 loading class java/lang/reflect/TypeVariable done
Event: 0.188 loading class java/lang/reflect/AnnotatedType
Event: 0.188 loading class java/lang/reflect/AnnotatedType done
Event: 0.188 loading class com/sun/jna/Library$Handler$FunctionInfo
Event: 0.188 loading class com/sun/jna/Library$Handler$FunctionInfo done


Dynamic libraries:
00400000-00401000 r-xp 00000000 103:07 533958                            /usr/lib/jvm/jdk-11.0.2/bin/java
00600000-00601000 r--p 00000000 103:07 533958                            /usr/lib/jvm/jdk-11.0.2/bin/java
00601000-00602000 rw-p 00001000 103:07 533958                            /usr/lib/jvm/jdk-11.0.2/bin/java
012b5000-012d6000 rw-p 00000000 00:00 0                                  [heap]
70ae00000-71a400000 rw-p 00000000 00:00 0 
71a400000-800000000 ---p 00000000 00:00 0 
800000000-800100000 rw-p 00000000 00:00 0 
800100000-840000000 ---p 00000000 00:00 0 
c000000000-c000001000 rw-p 00000000 00:00 0 
c41fff8000-c420100000 rw-p 00000000 00:00 0 
7ff010000000-7ff010021000 rw-p 00000000 00:00 0 
7ff010021000-7ff014000000 ---p 00000000 00:00 0 
7ff018000000-7ff018021000 rw-p 00000000 00:00 0 
7ff018021000-7ff01c000000 ---p 00000000 00:00 0 
7ff01c000000-7ff01c021000 rw-p 00000000 00:00 0 
7ff01c021000-7ff020000000 ---p 00000000 00:00 0 
7ff020000000-7ff020021000 rw-p 00000000 00:00 0 
7ff020021000-7ff024000000 ---p 00000000 00:00 0 
7ff024000000-7ff024021000 rw-p 00000000 00:00 0 
7ff024021000-7ff028000000 ---p 00000000 00:00 0 
7ff02adba000-7ff02affe000 rw-p 00000000 00:00 0 
7ff02affe000-7ff02afff000 ---p 00000000 00:00 0 
7ff02afff000-7ff02b7ff000 rwxp 00000000 00:00 0 
7ff02b7ff000-7ff02b800000 ---p 00000000 00:00 0 
7ff02b800000-7ff02c000000 rwxp 00000000 00:00 0 
7ff02c000000-7ff02c021000 rw-p 00000000 00:00 0 
7ff02c021000-7ff030000000 ---p 00000000 00:00 0 
7ff030000000-7ff030021000 rw-p 00000000 00:00 0 
7ff030021000-7ff034000000 ---p 00000000 00:00 0 
7ff034000000-7ff034021000 rw-p 00000000 00:00 0 
7ff034021000-7ff038000000 ---p 00000000 00:00 0 
7ff038000000-7ff038021000 rw-p 00000000 00:00 0 
7ff038021000-7ff03c000000 ---p 00000000 00:00 0 
7ff03c000000-7ff03c12a000 rw-p 00000000 00:00 0 
7ff03c12a000-7ff040000000 ---p 00000000 00:00 0 
7ff040000000-7ff040021000 rw-p 00000000 00:00 0 
7ff040021000-7ff044000000 ---p 00000000 00:00 0 
7ff044000000-7ff044021000 rw-p 00000000 00:00 0 
7ff044021000-7ff048000000 ---p 00000000 00:00 0 
7ff048000000-7ff048021000 rw-p 00000000 00:00 0 
7ff048021000-7ff04c000000 ---p 00000000 00:00 0 
7ff04c000000-7ff04c1b1000 rw-p 00000000 00:00 0 
7ff04c1b1000-7ff050000000 ---p 00000000 00:00 0 
7ff050000000-7ff0501d6000 rw-p 00000000 00:00 0 
7ff0501d6000-7ff054000000 ---p 00000000 00:00 0 
7ff054000000-7ff054021000 rw-p 00000000 00:00 0 
7ff054021000-7ff058000000 ---p 00000000 00:00 0 
7ff058207000-7ff0583c4000 rw-p 00000000 00:00 0 
7ff0583c4000-7ff058544000 ---p 00000000 00:00 0 
7ff058544000-7ff058545000 ---p 00000000 00:00 0 
7ff058545000-7ff058d45000 rwxp 00000000 00:00 0 
7ff058d45000-7ff058d46000 ---p 00000000 00:00 0 
7ff058d46000-7ff059546000 rwxp 00000000 00:00 0 
7ff059546000-7ff059547000 ---p 00000000 00:00 0 
7ff059547000-7ff059d47000 rwxp 00000000 00:00 0 
7ff059d47000-7ff059d48000 ---p 00000000 00:00 0 
7ff059d48000-7ff05a548000 rwxp 00000000 00:00 0 
7ff05a548000-7ff05a62e000 r-xp 00000000 103:07 1858172                   /home/pedro/Documents/juan_work/callingErasure/src/erasure.so
7ff05a62e000-7ff05a82d000 ---p 000e6000 103:07 1858172                   /home/pedro/Documents/juan_work/callingErasure/src/erasure.so
7ff05a82d000-7ff05a8b5000 r--p 000e5000 103:07 1858172                   /home/pedro/Documents/juan_work/callingErasure/src/erasure.so
7ff05a8b5000-7ff05a8c8000 rw-p 0016d000 103:07 1858172                   /home/pedro/Documents/juan_work/callingErasure/src/erasure.so
7ff05a8c8000-7ff05a8e6000 rw-p 00000000 00:00 0 
7ff05a8e6000-7ff05a8fe000 r-xp 00000000 103:07 4591890                   /home/pedro/.cache/JNA/temp/jna15517033920634071707.tmp (deleted)
7ff05a8fe000-7ff05aafe000 ---p 00018000 103:07 4591890                   /home/pedro/.cache/JNA/temp/jna15517033920634071707.tmp (deleted)
7ff05aafe000-7ff05aaff000 rw-p 00018000 103:07 4591890                   /home/pedro/.cache/JNA/temp/jna15517033920634071707.tmp (deleted)
7ff05aaff000-7ff05ab01000 r-xp 00000000 103:07 665683                    /usr/lib/jvm/jdk-11.0.2/lib/libextnet.so
7ff05ab01000-7ff05ad00000 ---p 00002000 103:07 665683                    /usr/lib/jvm/jdk-11.0.2/lib/libextnet.so
7ff05ad00000-7ff05ad01000 r--p 00001000 103:07 665683                    /usr/lib/jvm/jdk-11.0.2/lib/libextnet.so
7ff05ad01000-7ff05ad02000 rw-p 00002000 103:07 665683                    /usr/lib/jvm/jdk-11.0.2/lib/libextnet.so
7ff05ad02000-7ff05ad03000 ---p 00000000 00:00 0 
7ff05ad03000-7ff05b006000 rwxp 00000000 00:00 0 
7ff05b006000-7ff05b01c000 r-xp 00000000 103:07 665688                    /usr/lib/jvm/jdk-11.0.2/lib/libnet.so
7ff05b01c000-7ff05b21c000 ---p 00016000 103:07 665688                    /usr/lib/jvm/jdk-11.0.2/lib/libnet.so
7ff05b21c000-7ff05b21d000 r--p 00016000 103:07 665688                    /usr/lib/jvm/jdk-11.0.2/lib/libnet.so
7ff05b21d000-7ff05b21e000 rw-p 00017000 103:07 665688                    /usr/lib/jvm/jdk-11.0.2/lib/libnet.so
7ff05b21e000-7ff05b22e000 r-xp 00000000 103:07 665662                    /usr/lib/jvm/jdk-11.0.2/lib/libnio.so
7ff05b22e000-7ff05b42d000 ---p 00010000 103:07 665662                    /usr/lib/jvm/jdk-11.0.2/lib/libnio.so
7ff05b42d000-7ff05b42e000 r--p 0000f000 103:07 665662                    /usr/lib/jvm/jdk-11.0.2/lib/libnio.so
7ff05b42e000-7ff05b42f000 rw-p 00010000 103:07 665662                    /usr/lib/jvm/jdk-11.0.2/lib/libnio.so
7ff05b42f000-7ff05b631000 rwxp 00000000 00:00 0 
7ff05b631000-7ff05c000000 r--p 00000000 103:07 400069                    /usr/lib/locale/locale-archive
7ff05c000000-7ff05c021000 rw-p 00000000 00:00 0 
7ff05c021000-7ff060000000 ---p 00000000 00:00 0 
7ff060000000-7ff060021000 rw-p 00000000 00:00 0 
7ff060021000-7ff064000000 ---p 00000000 00:00 0 
7ff064000000-7ff064021000 rw-p 00000000 00:00 0 
7ff064021000-7ff068000000 ---p 00000000 00:00 0 
7ff068000000-7ff068021000 rw-p 00000000 00:00 0 
7ff068021000-7ff06c000000 ---p 00000000 00:00 0 
7ff06c000000-7ff06c021000 rw-p 00000000 00:00 0 
7ff06c021000-7ff070000000 ---p 00000000 00:00 0 
7ff070000000-7ff070021000 rw-p 00000000 00:00 0 
7ff070021000-7ff074000000 ---p 00000000 00:00 0 
7ff074000000-7ff074021000 rw-p 00000000 00:00 0 
7ff074021000-7ff078000000 ---p 00000000 00:00 0 
7ff07800d000-7ff078613000 rwxp 00000000 00:00 0 
7ff078613000-7ff078614000 ---p 00000000 00:00 0 
7ff078614000-7ff078715000 rwxp 00000000 00:00 0 
7ff078715000-7ff078f15000 rw-p 00000000 00:00 0 
7ff078f15000-7ff078f16000 ---p 00000000 00:00 0 
7ff078f16000-7ff079017000 rwxp 00000000 00:00 0 
7ff079017000-7ff079018000 ---p 00000000 00:00 0 
7ff079018000-7ff079119000 rwxp 00000000 00:00 0 
7ff079119000-7ff07b9f6000 rw-p 00000000 00:00 0 
7ff07b9f6000-7ff07f366000 ---p 00000000 00:00 0 
7ff07f366000-7ff07f73e000 rw-p 00000000 00:00 0 
7ff07f73e000-7ff0830ae000 ---p 00000000 00:00 0 
7ff0830ae000-7ff083129000 rw-p 00000000 00:00 0 
7ff083129000-7ff083857000 ---p 00000000 00:00 0 
7ff083857000-7ff0838d2000 rw-p 00000000 00:00 0 
7ff0838d2000-7ff084000000 ---p 00000000 00:00 0 
7ff084000000-7ff084021000 rw-p 00000000 00:00 0 
7ff084021000-7ff088000000 ---p 00000000 00:00 0 
7ff088055000-7ff088514000 rw-p 00000000 00:00 0 
7ff088514000-7ff088c42000 ---p 00000000 00:00 0 
7ff088c42000-7ff088eb2000 rwxp 00000000 00:00 0 
7ff088eb2000-7ff0891d3000 ---p 00000000 00:00 0 
7ff0891d3000-7ff089443000 rwxp 00000000 00:00 0 
7ff089443000-7ff09070a000 ---p 00000000 00:00 0 
7ff09070a000-7ff09097a000 rwxp 00000000 00:00 0 
7ff09097a000-7ff097c42000 ---p 00000000 00:00 0 
7ff097c42000-7ff0a0000000 r--s 00000000 103:07 665706                    /usr/lib/jvm/jdk-11.0.2/lib/modules
7ff0a0000000-7ff0a054a000 rw-p 00000000 00:00 0 
7ff0a054a000-7ff0a4000000 ---p 00000000 00:00 0 
7ff0a4010000-7ff0a4070000 rw-p 00000000 00:00 0 
7ff0a4070000-7ff0a4092000 rwxp 00000000 00:00 0 
7ff0a4092000-7ff0a4193000 rw-p 00000000 00:00 0 
7ff0a4193000-7ff0a4194000 ---p 00000000 00:00 0 
7ff0a4194000-7ff0a4295000 rwxp 00000000 00:00 0 
7ff0a4295000-7ff0a4296000 ---p 00000000 00:00 0 
7ff0a4296000-7ff0a4397000 rwxp 00000000 00:00 0 
7ff0a4397000-7ff0a4e9e000 rw-p 00000000 00:00 0 
7ff0a4e9e000-7ff0a4e9f000 ---p 00000000 00:00 0 
7ff0a4e9f000-7ff0a4fa0000 rwxp 00000000 00:00 0 
7ff0a4fa0000-7ff0a4fa5000 rw-p 00000000 00:00 0 
7ff0a4fa5000-7ff0a508b000 ---p 00000000 00:00 0 
7ff0a508b000-7ff0a5090000 rw-p 00000000 00:00 0 
7ff0a5090000-7ff0a5176000 ---p 00000000 00:00 0 
7ff0a5176000-7ff0a5191000 r-xp 00000000 103:07 665686                    /usr/lib/jvm/jdk-11.0.2/lib/libjimage.so
7ff0a5191000-7ff0a5390000 ---p 0001b000 103:07 665686                    /usr/lib/jvm/jdk-11.0.2/lib/libjimage.so
7ff0a5390000-7ff0a5392000 r--p 0001a000 103:07 665686                    /usr/lib/jvm/jdk-11.0.2/lib/libjimage.so
7ff0a5392000-7ff0a5393000 rw-p 0001c000 103:07 665686                    /usr/lib/jvm/jdk-11.0.2/lib/libjimage.so
7ff0a5393000-7ff0a539a000 r-xp 00000000 103:07 665665                    /usr/lib/jvm/jdk-11.0.2/lib/libzip.so
7ff0a539a000-7ff0a5599000 ---p 00007000 103:07 665665                    /usr/lib/jvm/jdk-11.0.2/lib/libzip.so
7ff0a5599000-7ff0a559a000 r--p 00006000 103:07 665665                    /usr/lib/jvm/jdk-11.0.2/lib/libzip.so
7ff0a559a000-7ff0a559b000 rw-p 00007000 103:07 665665                    /usr/lib/jvm/jdk-11.0.2/lib/libzip.so
7ff0a559b000-7ff0a55a6000 r-xp 00000000 103:07 1577971                   /lib/x86_64-linux-gnu/libnss_files-2.27.so
7ff0a55a6000-7ff0a57a5000 ---p 0000b000 103:07 1577971                   /lib/x86_64-linux-gnu/libnss_files-2.27.so
7ff0a57a5000-7ff0a57a6000 r--p 0000a000 103:07 1577971                   /lib/x86_64-linux-gnu/libnss_files-2.27.so
7ff0a57a6000-7ff0a57a7000 rw-p 0000b000 103:07 1577971                   /lib/x86_64-linux-gnu/libnss_files-2.27.so
7ff0a57a7000-7ff0a57ad000 rw-p 00000000 00:00 0 
7ff0a57ad000-7ff0a57c4000 r-xp 00000000 103:07 1577965                   /lib/x86_64-linux-gnu/libnsl-2.27.so
7ff0a57c4000-7ff0a59c3000 ---p 00017000 103:07 1577965                   /lib/x86_64-linux-gnu/libnsl-2.27.so
7ff0a59c3000-7ff0a59c4000 r--p 00016000 103:07 1577965                   /lib/x86_64-linux-gnu/libnsl-2.27.so
7ff0a59c4000-7ff0a59c5000 rw-p 00017000 103:07 1577965                   /lib/x86_64-linux-gnu/libnsl-2.27.so
7ff0a59c5000-7ff0a59c7000 rw-p 00000000 00:00 0 
7ff0a59c7000-7ff0a59d2000 r-xp 00000000 103:07 1577982                   /lib/x86_64-linux-gnu/libnss_nis-2.27.so
7ff0a59d2000-7ff0a5bd1000 ---p 0000b000 103:07 1577982                   /lib/x86_64-linux-gnu/libnss_nis-2.27.so
7ff0a5bd1000-7ff0a5bd2000 r--p 0000a000 103:07 1577982                   /lib/x86_64-linux-gnu/libnss_nis-2.27.so
7ff0a5bd2000-7ff0a5bd3000 rw-p 0000b000 103:07 1577982                   /lib/x86_64-linux-gnu/libnss_nis-2.27.so
7ff0a5bd3000-7ff0a5bdb000 r-xp 00000000 103:07 1577967                   /lib/x86_64-linux-gnu/libnss_compat-2.27.so
7ff0a5bdb000-7ff0a5ddb000 ---p 00008000 103:07 1577967                   /lib/x86_64-linux-gnu/libnss_compat-2.27.so
7ff0a5ddb000-7ff0a5ddc000 r--p 00008000 103:07 1577967                   /lib/x86_64-linux-gnu/libnss_compat-2.27.so
7ff0a5ddc000-7ff0a5ddd000 rw-p 00009000 103:07 1577967                   /lib/x86_64-linux-gnu/libnss_compat-2.27.so
7ff0a5ddd000-7ff0a5de7000 r-xp 00000000 103:07 665673                    /usr/lib/jvm/jdk-11.0.2/lib/libinstrument.so
7ff0a5de7000-7ff0a5fe6000 ---p 0000a000 103:07 665673                    /usr/lib/jvm/jdk-11.0.2/lib/libinstrument.so
7ff0a5fe6000-7ff0a5fe7000 r--p 00009000 103:07 665673                    /usr/lib/jvm/jdk-11.0.2/lib/libinstrument.so
7ff0a5fe7000-7ff0a5fe8000 rw-p 0000a000 103:07 665673                    /usr/lib/jvm/jdk-11.0.2/lib/libinstrument.so
7ff0a5fe8000-7ff0a6011000 r-xp 00000000 103:07 665666                    /usr/lib/jvm/jdk-11.0.2/lib/libjava.so
7ff0a6011000-7ff0a6211000 ---p 00029000 103:07 665666                    /usr/lib/jvm/jdk-11.0.2/lib/libjava.so
7ff0a6211000-7ff0a6212000 r--p 00029000 103:07 665666                    /usr/lib/jvm/jdk-11.0.2/lib/libjava.so
7ff0a6212000-7ff0a6214000 rw-p 0002a000 103:07 665666                    /usr/lib/jvm/jdk-11.0.2/lib/libjava.so
7ff0a6214000-7ff0a6221000 r-xp 00000000 103:07 665701                    /usr/lib/jvm/jdk-11.0.2/lib/libverify.so
7ff0a6221000-7ff0a6420000 ---p 0000d000 103:07 665701                    /usr/lib/jvm/jdk-11.0.2/lib/libverify.so
7ff0a6420000-7ff0a6422000 r--p 0000c000 103:07 665701                    /usr/lib/jvm/jdk-11.0.2/lib/libverify.so
7ff0a6422000-7ff0a6423000 rw-p 0000e000 103:07 665701                    /usr/lib/jvm/jdk-11.0.2/lib/libverify.so
7ff0a6423000-7ff0a642a000 r-xp 00000000 103:07 1578022                   /lib/x86_64-linux-gnu/librt-2.27.so
7ff0a642a000-7ff0a6629000 ---p 00007000 103:07 1578022                   /lib/x86_64-linux-gnu/librt-2.27.so
7ff0a6629000-7ff0a662a000 r--p 00006000 103:07 1578022                   /lib/x86_64-linux-gnu/librt-2.27.so
7ff0a662a000-7ff0a662b000 rw-p 00007000 103:07 1578022                   /lib/x86_64-linux-gnu/librt-2.27.so
7ff0a662b000-7ff0a67c8000 r-xp 00000000 103:07 1577944                   /lib/x86_64-linux-gnu/libm-2.27.so
7ff0a67c8000-7ff0a69c7000 ---p 0019d000 103:07 1577944                   /lib/x86_64-linux-gnu/libm-2.27.so
7ff0a69c7000-7ff0a69c8000 r--p 0019c000 103:07 1577944                   /lib/x86_64-linux-gnu/libm-2.27.so
7ff0a69c8000-7ff0a69c9000 rw-p 0019d000 103:07 1577944                   /lib/x86_64-linux-gnu/libm-2.27.so
7ff0a69c9000-7ff0a7b08000 r-xp 00000000 103:07 1577551                   /usr/lib/jvm/jdk-11.0.2/lib/server/libjvm.so
7ff0a7b08000-7ff0a7d08000 ---p 0113f000 103:07 1577551                   /usr/lib/jvm/jdk-11.0.2/lib/server/libjvm.so
7ff0a7d08000-7ff0a7dc7000 r--p 0113f000 103:07 1577551                   /usr/lib/jvm/jdk-11.0.2/lib/server/libjvm.so
7ff0a7dc7000-7ff0a7e00000 rw-p 011fe000 103:07 1577551                   /usr/lib/jvm/jdk-11.0.2/lib/server/libjvm.so
7ff0a7e00000-7ff0a7e56000 rw-p 00000000 00:00 0 
7ff0a7e56000-7ff0a803d000 r-xp 00000000 103:07 1577881                   /lib/x86_64-linux-gnu/libc-2.27.so
7ff0a803d000-7ff0a823d000 ---p 001e7000 103:07 1577881                   /lib/x86_64-linux-gnu/libc-2.27.so
7ff0a823d000-7ff0a8241000 r--p 001e7000 103:07 1577881                   /lib/x86_64-linux-gnu/libc-2.27.so
7ff0a8241000-7ff0a8243000 rw-p 001eb000 103:07 1577881                   /lib/x86_64-linux-gnu/libc-2.27.so
7ff0a8243000-7ff0a8247000 rw-p 00000000 00:00 0 
7ff0a8247000-7ff0a824a000 r-xp 00000000 103:07 1577904                   /lib/x86_64-linux-gnu/libdl-2.27.so
7ff0a824a000-7ff0a8449000 ---p 00003000 103:07 1577904                   /lib/x86_64-linux-gnu/libdl-2.27.so
7ff0a8449000-7ff0a844a000 r--p 00002000 103:07 1577904                   /lib/x86_64-linux-gnu/libdl-2.27.so
7ff0a844a000-7ff0a844b000 rw-p 00003000 103:07 1577904                   /lib/x86_64-linux-gnu/libdl-2.27.so
7ff0a844b000-7ff0a845b000 r-xp 00000000 103:07 665679                    /usr/lib/jvm/jdk-11.0.2/lib/jli/libjli.so
7ff0a845b000-7ff0a865a000 ---p 00010000 103:07 665679                    /usr/lib/jvm/jdk-11.0.2/lib/jli/libjli.so
7ff0a865a000-7ff0a865b000 r--p 0000f000 103:07 665679                    /usr/lib/jvm/jdk-11.0.2/lib/jli/libjli.so
7ff0a865b000-7ff0a865c000 rw-p 00010000 103:07 665679                    /usr/lib/jvm/jdk-11.0.2/lib/jli/libjli.so
7ff0a865c000-7ff0a8676000 r-xp 00000000 103:07 1578014                   /lib/x86_64-linux-gnu/libpthread-2.27.so
7ff0a8676000-7ff0a8875000 ---p 0001a000 103:07 1578014                   /lib/x86_64-linux-gnu/libpthread-2.27.so
7ff0a8875000-7ff0a8876000 r--p 00019000 103:07 1578014                   /lib/x86_64-linux-gnu/libpthread-2.27.so
7ff0a8876000-7ff0a8877000 rw-p 0001a000 103:07 1578014                   /lib/x86_64-linux-gnu/libpthread-2.27.so
7ff0a8877000-7ff0a887b000 rw-p 00000000 00:00 0 
7ff0a887b000-7ff0a8897000 r-xp 00000000 103:07 1578053                   /lib/x86_64-linux-gnu/libz.so.1.2.11
7ff0a8897000-7ff0a8a96000 ---p 0001c000 103:07 1578053                   /lib/x86_64-linux-gnu/libz.so.1.2.11
7ff0a8a96000-7ff0a8a97000 r--p 0001b000 103:07 1578053                   /lib/x86_64-linux-gnu/libz.so.1.2.11
7ff0a8a97000-7ff0a8a98000 rw-p 0001c000 103:07 1578053                   /lib/x86_64-linux-gnu/libz.so.1.2.11
7ff0a8a98000-7ff0a8abf000 r-xp 00000000 103:07 1577853                   /lib/x86_64-linux-gnu/ld-2.27.so
7ff0a8ac5000-7ff0a8ba1000 rw-p 00000000 00:00 0 
7ff0a8ba1000-7ff0a8ca2000 rwxp 00000000 00:00 0 
7ff0a8ca2000-7ff0a8ca6000 rw-p 00000000 00:00 0 
7ff0a8ca9000-7ff0a8cae000 rw-p 00000000 00:00 0 
7ff0a8cae000-7ff0a8cb5000 ---p 00000000 00:00 0 
7ff0a8cb5000-7ff0a8cbd000 rw-s 00000000 103:07 1835918                   /tmp/hsperfdata_pedro/28472
7ff0a8cbd000-7ff0a8cbe000 ---p 00000000 00:00 0 
7ff0a8cbe000-7ff0a8cbf000 r--p 00000000 00:00 0 
7ff0a8cbf000-7ff0a8cc0000 r--p 00027000 103:07 1577853                   /lib/x86_64-linux-gnu/ld-2.27.so
7ff0a8cc0000-7ff0a8cc1000 rw-p 00028000 103:07 1577853                   /lib/x86_64-linux-gnu/ld-2.27.so
7ff0a8cc1000-7ff0a8cc2000 rw-p 00000000 00:00 0 
7ffee98f5000-7ffee9915000 rwxp 00000000 00:00 0                          [stack]
7ffee9915000-7ffee9916000 rw-p 00000000 00:00 0 
7ffee99e3000-7ffee99e6000 r--p 00000000 00:00 0                          [vvar]
7ffee99e6000-7ffee99e8000 r-xp 00000000 00:00 0                          [vdso]
ffffffffff600000-ffffffffff601000 r-xp 00000000 00:00 0                  [vsyscall]


VM Arguments:
jvm_args: -javaagent:/snap/intellij-idea-community/126/lib/idea_rt.jar=36695:/snap/intellij-idea-community/126/bin -Dfile.encoding=UTF-8 
java_command: Client
java_class_path (initial): /home/pedro/Documents/juan_work/callingErasure/out/production/callingErasure:/home/pedro/Documents/juan_work/callingErasure/jna-5.2.0.jar:/home/pedro/Documents/juan_work/callingErasure/bridj-0.6.2.jar
Launcher Type: SUN_STANDARD

[Global flags]
     intx CICompilerCount                          = 4                                         {product} {ergonomic}
     uint ConcGCThreads                            = 3                                         {product} {ergonomic}
     uint G1ConcRefinementThreads                  = 10                                        {product} {ergonomic}
   size_t G1HeapRegionSize                         = 1048576                                   {product} {ergonomic}
    uintx GCDrainStackTargetSize                   = 64                                        {product} {ergonomic}
   size_t InitialHeapSize                          = 257949696                                 {product} {ergonomic}
   size_t MarkStackSize                            = 4194304                                   {product} {ergonomic}
   size_t MaxHeapSize                              = 4112515072                                {product} {ergonomic}
   size_t MaxNewSize                               = 2467299328                                {product} {ergonomic}
   size_t MinHeapDeltaBytes                        = 1048576                                   {product} {ergonomic}
    uintx NonNMethodCodeHeapSize                   = 5835340                                {pd product} {ergonomic}
    uintx NonProfiledCodeHeapSize                  = 122911450                              {pd product} {ergonomic}
    uintx ProfiledCodeHeapSize                     = 122911450                              {pd product} {ergonomic}
    uintx ReservedCodeCacheSize                    = 251658240                              {pd product} {ergonomic}
     bool SegmentedCodeCache                       = true                                      {product} {ergonomic}
     bool UseCompressedClassPointers               = true                                 {lp64_product} {ergonomic}
     bool UseCompressedOops                        = true                                 {lp64_product} {ergonomic}
     bool UseG1GC                                  = true                                      {product} {ergonomic}

Logging:
Log output configuration:
 #0: stdout all=warning uptime,level,tags
 #1: stderr all=off uptime,level,tags

Environment Variables:
PATH=/home/pedro/.local/bin:/usr/local/sbin:/usr/local/bin:/usr/sbin:/usr/bin:/sbin:/bin:/usr/games:/usr/local/games:/snap/bin
USERNAME=pedro
SHELL=/bin/bash
DISPLAY=:0

Signal Handlers:
SIGSEGV: [libjvm.so+0xe2adf0], sa_mask[0]=11111111011111111101111111111110, sa_flags=SA_ONSTACK|SA_RESTART|SA_SIGINFO
SIGBUS: [libjvm.so+0xe2adf0], sa_mask[0]=11111111011111111101111111111110, sa_flags=SA_ONSTACK|SA_RESTART|SA_SIGINFO
SIGFPE: [libjvm.so+0xe2adf0], sa_mask[0]=11111111011111111101111111111110, sa_flags=SA_ONSTACK|SA_RESTART|SA_SIGINFO
SIGPIPE: [erasure.so+0xad950], sa_mask[0]=11111111011111111101111111111111, sa_flags=SA_ONSTACK|SA_RESTART|SA_SIGINFO
SIGXFSZ: [libjvm.so+0xbff5b0], sa_mask[0]=11111111011111111101111111111110, sa_flags=SA_ONSTACK|SA_RESTART|SA_SIGINFO, flags was changed from 0x10000004, consider using jsig library
SIGILL: [libjvm.so+0xe2adf0], sa_mask[0]=11111111011111111101111111111110, sa_flags=SA_ONSTACK|SA_RESTART|SA_SIGINFO, flags was changed from 0x10000004, consider using jsig library
SIGUSR2: [libjvm.so+0xbff450], sa_mask[0]=00100000000000000000000000000000, sa_flags=SA_ONSTACK|SA_RESTART|SA_SIGINFO, flags was changed from 0x10000004, consider using jsig library
SIGHUP: [libjvm.so+0xbff7b0], sa_mask[0]=11111111011111111101111111111110, sa_flags=SA_ONSTACK|SA_RESTART|SA_SIGINFO
SIGINT: [libjvm.so+0xbff7b0], sa_mask[0]=11111111011111111101111111111110, sa_flags=SA_ONSTACK|SA_RESTART|SA_SIGINFO
SIGTERM: [libjvm.so+0xbff7b0], sa_mask[0]=11111111011111111101111111111110, sa_flags=SA_ONSTACK|SA_RESTART|SA_SIGINFO
SIGQUIT: [libjvm.so+0xbff7b0], sa_mask[0]=11111111011111111101111111111110, sa_flags=SA_ONSTACK|SA_RESTART|SA_SIGINFO


---------------  S Y S T E M  ---------------

OS:DISTRIB_ID=Ubuntu
DISTRIB_RELEASE=18.04
DISTRIB_CODENAME=bionic
DISTRIB_DESCRIPTION="Ubuntu 18.04.1 LTS"
uname:Linux 4.15.0-46-generic #49-Ubuntu SMP Wed Feb 6 09:33:07 UTC 2019 x86_64
libc:glibc 2.27 NPTL 2.27 
rlimit: STACK 8192k, CORE 0k, NPROC 62298, NOFILE 1048576, AS infinity, DATA infinity, FSIZE infinity
load average:1.31 1.05 0.91

/proc/meminfo:
MemTotal:       16057928 kB
MemFree:         6204624 kB
MemAvailable:   11196476 kB
Buffers:          592280 kB
Cached:          4918112 kB
SwapCached:            0 kB
Active:          6450260 kB
Inactive:        2816644 kB
Active(anon):    3758476 kB
Inactive(anon):   472300 kB
Active(file):    2691784 kB
Inactive(file):  2344344 kB
Unevictable:         160 kB
Mlocked:             160 kB
SwapTotal:       2097148 kB
SwapFree:        2097148 kB
Dirty:              3944 kB
Writeback:             0 kB
AnonPages:       3756440 kB
Mapped:           584996 kB
Shmem:            474268 kB
Slab:             381596 kB
SReclaimable:     297808 kB
SUnreclaim:        83788 kB
KernelStack:       18196 kB
PageTables:        55268 kB
NFS_Unstable:          0 kB
Bounce:                0 kB
WritebackTmp:          0 kB
CommitLimit:    10126112 kB
Committed_AS:    9561552 kB
VmallocTotal:   34359738367 kB
VmallocUsed:           0 kB
VmallocChunk:          0 kB
HardwareCorrupted:     0 kB
AnonHugePages:         0 kB
ShmemHugePages:        0 kB
ShmemPmdMapped:        0 kB
CmaTotal:              0 kB
CmaFree:               0 kB
HugePages_Total:       0
HugePages_Free:        0
HugePages_Rsvd:        0
HugePages_Surp:        0
Hugepagesize:       2048 kB
DirectMap4k:      368920 kB
DirectMap2M:     9748480 kB
DirectMap1G:     6291456 kB


/proc/sys/kernel/threads-max (system-wide limit on the number of threads):
124597


/proc/sys/vm/max_map_count (maximum number of memory map areas a process may have):
65530


/proc/sys/kernel/pid_max (system-wide limit on number of process identifiers):
32768



container (cgroup) information:
container_type: cgroupv1
cpu_cpuset_cpus: 0-11
cpu_memory_nodes: 0
active_processor_count: 12
cpu_quota: -1
cpu_period: 100000
cpu_shares: -1
memory_limit_in_bytes: -1
memory_and_swap_limit_in_bytes: -2
memory_soft_limit_in_bytes: -1
memory_usage_in_bytes: 9490780160
memory_max_usage_in_bytes: 0


CPU:total 12 (initial active 12) (6 cores per cpu, 2 threads per core) family 6 model 158 stepping 10, cmov, cx8, fxsr, mmx, sse, sse2, sse3, ssse3, sse4.1, sse4.2, popcnt, avx, avx2, aes, clmul, erms, 3dnowpref, lzcnt, ht, tsc, tscinvbit, bmi1, bmi2, adx, fma
CPU Model and flags from /proc/cpuinfo:
model name	: Intel(R) Core(TM) i7-8750H CPU @ 2.20GHz
flags		: fpu vme de pse tsc msr pae mce cx8 apic sep mtrr pge mca cmov pat pse36 clflush dts acpi mmx fxsr sse sse2 ss ht tm pbe syscall nx pdpe1gb rdtscp lm constant_tsc art arch_perfmon pebs bts rep_good nopl xtopology nonstop_tsc cpuid aperfmperf tsc_known_freq pni pclmulqdq dtes64 monitor ds_cpl vmx est tm2 ssse3 sdbg fma cx16 xtpr pdcm pcid sse4_1 sse4_2 x2apic movbe popcnt tsc_deadline_timer aes xsave avx f16c rdrand lahf_lm abm 3dnowprefetch cpuid_fault epb invpcid_single pti ssbd ibrs ibpb stibp tpr_shadow vnmi flexpriority ept vpid fsgsbase tsc_adjust bmi1 avx2 smep bmi2 erms invpcid mpx rdseed adx smap clflushopt intel_pt xsaveopt xsavec xgetbv1 xsaves dtherm ida arat pln pts hwp hwp_notify hwp_act_window hwp_epp flush_l1d

Memory: 4k page, physical 16057928k(6204624k free), swap 2097148k(2097148k free)

vm_info: Java HotSpot(TM) 64-Bit Server VM (11.0.2+9-LTS) for linux-amd64 JRE (11.0.2+9-LTS), built on Jan 17 2019 21:22:50 by "mach5one" with gcc 7.3.0

END.
